[2022-02-15T15:49:27.988Z] Validating found git in: git
[2022-02-15T15:49:27.998Z] Using git 2.35.1 from git
[2022-02-15T15:49:28.044Z] > git rev-parse --git-dir [0ms]
[2022-02-15T15:49:28.047Z] Open repository: /media/archive2/Nextcloud_mininas/Notes/Note
[2022-02-15T15:49:28.068Z] > git fetch [18ms]
[2022-02-15T15:49:28.069Z] > git symbolic-ref --short HEAD [1ms]
[2022-02-15T15:49:28.074Z] > git for-each-ref --format=%(refname)%00%(upstream:short)%00%(objectname)%00%(upstream:track) refs/heads/master refs/remotes/master [1ms]
[2022-02-15T15:49:28.084Z] > git remote --verbose [1ms]
[2022-02-15T15:49:28.084Z] > git for-each-ref --sort -committerdate --format %(refname) %(objectname) %(*objectname) [6ms]
[2022-02-15T15:49:28.094Z] > git config --get commit.template [3ms]
[2022-02-15T15:49:28.104Z] > git symbolic-ref --short HEAD [1ms]
[2022-02-15T15:49:28.108Z] > git for-each-ref --format=%(refname)%00%(upstream:short)%00%(objectname)%00%(upstream:track) refs/heads/master refs/remotes/master [1ms]
[2022-02-15T15:49:28.115Z] > git for-each-ref --sort -committerdate --format %(refname) %(objectname) %(*objectname) [4ms]
[2022-02-15T15:49:28.116Z] > git remote --verbose [1ms]
[2022-02-15T15:49:28.123Z] > git config --get commit.template [1ms]
[2022-02-15T16:08:39.610Z] > git fetch [2ms]
[2022-02-15T16:08:39.620Z] > git symbolic-ref --short HEAD [1ms]
[2022-02-15T16:08:39.624Z] > git for-each-ref --format=%(refname)%00%(upstream:short)%00%(objectname)%00%(upstream:track) refs/heads/master refs/remotes/master [1ms]
[2022-02-15T16:08:39.631Z] > git for-each-ref --sort -committerdate --format %(refname) %(objectname) %(*objectname) [4ms]
[2022-02-15T16:08:39.631Z] > git remote --verbose [1ms]
[2022-02-15T16:08:39.637Z] > git config --get commit.template [1ms]
[2022-02-15T16:08:40.674Z] > git symbolic-ref --short HEAD [0ms]
[2022-02-15T16:08:40.679Z] > git for-each-ref --format=%(refname)%00%(upstream:short)%00%(objectname)%00%(upstream:track) refs/heads/master refs/remotes/master [1ms]
[2022-02-15T16:08:40.689Z] > git for-each-ref --sort -committerdate --format %(refname) %(objectname) %(*objectname) [5ms]
[2022-02-15T16:08:40.689Z] > git remote --verbose [1ms]
[2022-02-15T16:08:40.695Z] > git config --get commit.template [0ms]
[2022-02-15T16:27:36.668Z] > git fetch [2ms]
[2022-02-15T16:27:36.679Z] > git symbolic-ref --short HEAD [1ms]
[2022-02-15T16:27:36.683Z] > git for-each-ref --format=%(refname)%00%(upstream:short)%00%(objectname)%00%(upstream:track) refs/heads/master refs/remotes/master [0ms]
[2022-02-15T16:27:36.692Z] > git remote --verbose [1ms]
[2022-02-15T16:27:36.692Z] > git for-each-ref --sort -committerdate --format %(refname) %(objectname) %(*objectname) [5ms]
[2022-02-15T16:27:36.698Z] > git config --get commit.template [1ms]
[2022-02-15T16:27:37.732Z] > git symbolic-ref --short HEAD [1ms]
[2022-02-15T16:27:37.736Z] > git for-each-ref --format=%(refname)%00%(upstream:short)%00%(objectname)%00%(upstream:track) refs/heads/master refs/remotes/master [0ms]
[2022-02-15T16:27:37.744Z] > git remote --verbose [1ms]
[2022-02-15T16:27:37.744Z] > git for-each-ref --sort -committerdate --format %(refname) %(objectname) %(*objectname) [4ms]
[2022-02-15T16:27:37.750Z] > git config --get commit.template [1ms]
