[2022-02-24T18:57:30.036Z] Validating found git in: git
[2022-02-24T18:57:30.046Z] Using git 2.35.1 from git
[2022-02-24T18:57:30.178Z] > git rev-parse --git-dir [1ms]
[2022-02-24T18:57:30.181Z] Open repository: /media/archive1/TWRP9-Minimal/device/motorola/albus
[2022-02-24T18:57:31.032Z] > git symbolic-ref --short HEAD [0ms]
[2022-02-24T18:57:31.035Z] > git for-each-ref --format=%(refname)%00%(upstream:short)%00%(objectname)%00%(upstream:track) refs/heads/android-9.0 refs/remotes/android-9.0 [1ms]
[2022-02-24T18:57:31.039Z] > git remote --verbose [0ms]
[2022-02-24T18:57:31.179Z] > git for-each-ref --sort -committerdate --format %(refname) %(objectname) %(*objectname) [142ms]
[2022-02-24T18:57:31.183Z] > git config --get commit.template [0ms]
[2022-02-24T18:57:35.731Z] > git ls-files --stage -- /media/archive1/TWRP9-Minimal/device/motorola/albus/BoardConfig.mk [2ms]
[2022-02-24T18:57:35.735Z] > git cat-file -s cfa45bf898b80ccf7b1d40f46f3b8596fdde6e38 [1ms]
[2022-02-24T18:59:04.444Z] > git ls-files --stage -- /media/archive1/TWRP9-Minimal/device/motorola/albus/recovery/root/init.recovery.qcom.rc [1ms]
[2022-02-24T18:59:04.461Z] > git cat-file -s 4da283d94b06e22ef80a6f9843a4628073e1ae98 [15ms]
[2022-02-24T19:01:22.907Z] > git ls-files --stage -- /media/archive1/TWRP9-Minimal/device/motorola/albus/recovery/root/etc/twrp.fstab [0ms]
[2022-02-24T19:01:22.911Z] > git cat-file -s 5dd78f6a327e0246cc98c2eb7b38984368c327ff [1ms]
[2022-02-24T19:03:15.564Z] > git ls-files --stage -- /media/archive1/TWRP9-Minimal/device/motorola/albus/recovery/root/vendor/ueventd.qcom.rc [1ms]
[2022-02-24T19:03:54.745Z] > git fetch [384560ms]
[2022-02-24T19:03:54.811Z] > git symbolic-ref --short HEAD [5ms]
[2022-02-24T19:03:54.816Z] > git for-each-ref --format=%(refname)%00%(upstream:short)%00%(objectname)%00%(upstream:track) refs/heads/android-9.0 refs/remotes/android-9.0 [2ms]
[2022-02-24T19:03:54.824Z] > git for-each-ref --sort -committerdate --format %(refname) %(objectname) %(*objectname) [4ms]
[2022-02-24T19:03:54.825Z] > git remote --verbose [2ms]
[2022-02-24T19:03:54.831Z] > git config --get commit.template [1ms]
[2022-02-24T19:06:04.333Z] > git ls-files --stage -- /media/archive1/TWRP9-Minimal/device/motorola/albus/recovery/root/vendor/ueventd.qcom.rc [0ms]
[2022-02-24T19:06:06.204Z] > git ls-files --stage -- /media/archive1/TWRP9-Minimal/device/motorola/albus/BoardConfig.mk [1ms]
[2022-02-24T19:06:06.208Z] > git cat-file -s cfa45bf898b80ccf7b1d40f46f3b8596fdde6e38 [1ms]
[2022-02-24T19:06:22.650Z] > git symbolic-ref --short HEAD [1ms]
[2022-02-24T19:06:22.654Z] > git for-each-ref --format=%(refname)%00%(upstream:short)%00%(objectname)%00%(upstream:track) refs/heads/android-9.0 refs/remotes/android-9.0 [1ms]
[2022-02-24T19:06:22.662Z] > git remote --verbose [1ms]
[2022-02-24T19:06:22.662Z] > git for-each-ref --sort -committerdate --format %(refname) %(objectname) %(*objectname) [5ms]
[2022-02-24T19:06:22.668Z] > git config --get commit.template [0ms]
[2022-02-24T19:06:37.952Z] > git symbolic-ref --short HEAD [1ms]
[2022-02-24T19:06:37.956Z] > git for-each-ref --format=%(refname)%00%(upstream:short)%00%(objectname)%00%(upstream:track) refs/heads/android-9.0 refs/remotes/android-9.0 [1ms]
[2022-02-24T19:06:37.962Z] > git remote --verbose [1ms]
[2022-02-24T19:06:37.962Z] > git for-each-ref --sort -committerdate --format %(refname) %(objectname) %(*objectname) [4ms]
[2022-02-24T19:06:37.966Z] > git config --get commit.template [0ms]
[2022-02-24T19:06:47.036Z] > git ls-files --stage -- /media/archive1/TWRP9-Minimal/device/motorola/albus/recovery/root/ueventd.qcom.rc [1ms]
[2022-02-24T19:06:52.361Z] > git ls-files --stage -- /media/archive1/TWRP9-Minimal/device/motorola/albus/recovery/root/init.recovery.qcom.rc [1ms]
[2022-02-24T19:06:52.364Z] > git cat-file -s 4da283d94b06e22ef80a6f9843a4628073e1ae98 [1ms]
[2022-02-24T19:06:55.375Z] > git fetch [538ms]
[2022-02-24T19:06:55.412Z] > git symbolic-ref --short HEAD [0ms]
[2022-02-24T19:06:55.416Z] > git for-each-ref --format=%(refname)%00%(upstream:short)%00%(objectname)%00%(upstream:track) refs/heads/android-9.0 refs/remotes/android-9.0 [1ms]
[2022-02-24T19:06:55.422Z] > git for-each-ref --sort -committerdate --format %(refname) %(objectname) %(*objectname) [3ms]
[2022-02-24T19:06:55.423Z] > git remote --verbose [1ms]
[2022-02-24T19:06:55.429Z] > git config --get commit.template [1ms]
[2022-02-24T19:06:56.539Z] > git ls-files --stage -- /media/archive1/TWRP9-Minimal/device/motorola/albus/recovery/root/init.recovery.qcom.rc [1ms]
[2022-02-24T19:06:56.542Z] > git cat-file -s 4da283d94b06e22ef80a6f9843a4628073e1ae98 [0ms]
[2022-02-24T19:07:12.910Z] > git ls-tree -l HEAD -- /media/archive1/TWRP9-Minimal/device/motorola/albus/BoardConfig.mk [1ms]
[2022-02-24T19:07:15.919Z] > git ls-tree -l HEAD -- /media/archive1/TWRP9-Minimal/device/motorola/albus/recovery/root/init.recovery.qcom.rc [2ms]
[2022-02-24T19:07:21.917Z] > git ls-tree -l HEAD -- /media/archive1/TWRP9-Minimal/device/motorola/albus/recovery/root/ueventd.qcom.rc [2ms]
[2022-02-24T19:07:34.416Z] > git ls-tree -l HEAD -- /media/archive1/TWRP9-Minimal/device/motorola/albus/recovery/root/ueventd.qcom.rc [1ms]
[2022-02-24T19:09:24.168Z] > git ls-tree -l HEAD -- /media/archive1/TWRP9-Minimal/device/motorola/albus/recovery/root/ueventd.qcom.rc [2ms]
[2022-02-24T19:09:26.157Z] > git ls-files --stage -- /media/archive1/TWRP9-Minimal/device/motorola/albus/BoardConfig.mk [1ms]
[2022-02-24T19:09:26.160Z] > git cat-file -s cfa45bf898b80ccf7b1d40f46f3b8596fdde6e38 [0ms]
[2022-02-24T19:09:34.832Z] > git symbolic-ref --short HEAD [1ms]
[2022-02-24T19:09:34.836Z] > git for-each-ref --format=%(refname)%00%(upstream:short)%00%(objectname)%00%(upstream:track) refs/heads/android-9.0 refs/remotes/android-9.0 [1ms]
[2022-02-24T19:09:34.842Z] > git remote --verbose [0ms]
[2022-02-24T19:09:34.843Z] > git for-each-ref --sort -committerdate --format %(refname) %(objectname) %(*objectname) [4ms]
[2022-02-24T19:09:34.848Z] > git config --get commit.template [1ms]
[2022-02-24T19:12:13.870Z] > git fetch [602ms]
[2022-02-24T19:12:13.906Z] > git symbolic-ref --short HEAD [1ms]
[2022-02-24T19:12:13.910Z] > git for-each-ref --format=%(refname)%00%(upstream:short)%00%(objectname)%00%(upstream:track) refs/heads/android-9.0 refs/remotes/android-9.0 [1ms]
[2022-02-24T19:12:13.917Z] > git remote --verbose [1ms]
[2022-02-24T19:12:13.917Z] > git for-each-ref --sort -committerdate --format %(refname) %(objectname) %(*objectname) [4ms]
[2022-02-24T19:12:13.923Z] > git config --get commit.template [1ms]
[2022-02-24T19:12:14.962Z] > git symbolic-ref --short HEAD [1ms]
[2022-02-24T19:12:14.966Z] > git for-each-ref --format=%(refname)%00%(upstream:short)%00%(objectname)%00%(upstream:track) refs/heads/android-9.0 refs/remotes/android-9.0 [1ms]
[2022-02-24T19:12:14.974Z] > git remote --verbose [1ms]
[2022-02-24T19:12:14.974Z] > git for-each-ref --sort -committerdate --format %(refname) %(objectname) %(*objectname) [4ms]
[2022-02-24T19:12:14.980Z] > git config --get commit.template [1ms]
[2022-02-24T19:12:15.036Z] > git ls-tree -l HEAD -- /media/archive1/TWRP9-Minimal/device/motorola/albus/recovery/root/ueventd.qcom.rc [4ms]
[2022-02-24T19:12:15.037Z] > git ls-files --stage -- /media/archive1/TWRP9-Minimal/device/motorola/albus/BoardConfig.mk [1ms]
[2022-02-24T19:12:15.041Z] > git cat-file -s cfa45bf898b80ccf7b1d40f46f3b8596fdde6e38 [1ms]
[2022-02-24T19:12:20.351Z] > git ls-files --stage -- /media/archive1/TWRP9-Minimal/device/motorola/albus/recovery/root/ueventd.qcom.rc [1ms]
[2022-02-24T19:12:20.913Z] > git ls-files --stage -- /media/archive1/TWRP9-Minimal/device/motorola/albus/recovery/root/init.recovery.qcom.rc [1ms]
[2022-02-24T19:12:20.917Z] > git cat-file -s 4da283d94b06e22ef80a6f9843a4628073e1ae98 [0ms]
[2022-02-24T19:13:37.661Z] > git ls-files --stage -- /media/archive1/TWRP9-Minimal/device/motorola/albus/recovery/root/ueventd.qcom.rc [2ms]
[2022-02-24T19:13:42.806Z] > git ls-files --stage -- /media/archive1/TWRP9-Minimal/device/motorola/albus/recovery/root/init.recovery.qcom.rc [1ms]
[2022-02-24T19:13:42.809Z] > git cat-file -s 4da283d94b06e22ef80a6f9843a4628073e1ae98 [0ms]
[2022-02-24T19:13:43.653Z] > git symbolic-ref --short HEAD [1ms]
[2022-02-24T19:13:43.656Z] > git for-each-ref --format=%(refname)%00%(upstream:short)%00%(objectname)%00%(upstream:track) refs/heads/android-9.0 refs/remotes/android-9.0 [0ms]
[2022-02-24T19:13:43.665Z] > git remote --verbose [1ms]
[2022-02-24T19:13:43.665Z] > git for-each-ref --sort -committerdate --format %(refname) %(objectname) %(*objectname) [4ms]
[2022-02-24T19:13:43.670Z] > git config --get commit.template [1ms]
[2022-02-24T19:13:45.880Z] > git ls-tree -l HEAD -- /media/archive1/TWRP9-Minimal/device/motorola/albus/omni_albus.mk [2ms]
[2022-02-24T19:13:51.372Z] > git ls-tree -l HEAD -- /media/archive1/TWRP9-Minimal/device/motorola/albus/omni_albus.mk [4ms]
[2022-02-24T19:13:51.399Z] > git checkout -q -- /media/archive1/TWRP9-Minimal/device/motorola/albus/omni_albus.mk [28ms]
[2022-02-24T19:13:51.406Z] > git symbolic-ref --short HEAD [1ms]
[2022-02-24T19:13:51.409Z] > git for-each-ref --format=%(refname)%00%(upstream:short)%00%(objectname)%00%(upstream:track) refs/heads/android-9.0 refs/remotes/android-9.0 [1ms]
[2022-02-24T19:13:51.414Z] > git for-each-ref --sort -committerdate --format %(refname) %(objectname) %(*objectname) [2ms]
[2022-02-24T19:13:51.414Z] > git remote --verbose [0ms]
[2022-02-24T19:13:51.418Z] > git config --get commit.template [1ms]
[2022-02-24T19:13:52.460Z] > git symbolic-ref --short HEAD [0ms]
[2022-02-24T19:13:52.464Z] > git for-each-ref --format=%(refname)%00%(upstream:short)%00%(objectname)%00%(upstream:track) refs/heads/android-9.0 refs/remotes/android-9.0 [1ms]
[2022-02-24T19:13:52.469Z] > git for-each-ref --sort -committerdate --format %(refname) %(objectname) %(*objectname) [3ms]
[2022-02-24T19:13:52.469Z] > git remote --verbose [1ms]
[2022-02-24T19:13:52.473Z] > git config --get commit.template [0ms]
[2022-02-24T19:13:52.558Z] > git ls-tree -l HEAD -- /media/archive1/TWRP9-Minimal/device/motorola/albus/omni_albus.mk [0ms]
[2022-02-24T19:13:52.657Z] > git ls-tree -l HEAD -- /media/archive1/TWRP9-Minimal/device/motorola/albus/recovery/root/init.recovery.qcom.rc [1ms]
[2022-02-24T19:13:53.178Z] > git ls-tree -l HEAD -- /media/archive1/TWRP9-Minimal/device/motorola/albus/BoardConfig.mk [1ms]
[2022-02-24T19:13:57.389Z] > git ls-tree -l HEAD -- /media/archive1/TWRP9-Minimal/device/motorola/albus/recovery/root/init.recovery.qcom.rc [2ms]
[2022-02-24T19:14:14.239Z] > git ls-files --stage -- /media/archive1/TWRP9-Minimal/device/motorola/albus/BoardConfig.mk [1ms]
[2022-02-24T19:14:14.242Z] > git cat-file -s cfa45bf898b80ccf7b1d40f46f3b8596fdde6e38 [1ms]
[2022-02-24T19:14:22.023Z] > git symbolic-ref --short HEAD [1ms]
[2022-02-24T19:14:22.027Z] > git for-each-ref --format=%(refname)%00%(upstream:short)%00%(objectname)%00%(upstream:track) refs/heads/android-9.0 refs/remotes/android-9.0 [1ms]
[2022-02-24T19:14:22.033Z] > git for-each-ref --sort -committerdate --format %(refname) %(objectname) %(*objectname) [3ms]
[2022-02-24T19:14:22.034Z] > git remote --verbose [1ms]
[2022-02-24T19:14:22.039Z] > git config --get commit.template [1ms]
[2022-02-24T19:15:35.469Z] > git fetch [440ms]
[2022-02-24T19:15:35.478Z] > git symbolic-ref --short HEAD [0ms]
[2022-02-24T19:15:35.483Z] > git for-each-ref --format=%(refname)%00%(upstream:short)%00%(objectname)%00%(upstream:track) refs/heads/android-9.0 refs/remotes/android-9.0 [1ms]
[2022-02-24T19:15:35.491Z] > git for-each-ref --sort -committerdate --format %(refname) %(objectname) %(*objectname) [5ms]
[2022-02-24T19:15:35.492Z] > git remote --verbose [2ms]
[2022-02-24T19:15:35.497Z] > git config --get commit.template [1ms]
[2022-02-24T19:17:57.130Z] > git symbolic-ref --short HEAD [1ms]
[2022-02-24T19:17:57.136Z] > git for-each-ref --format=%(refname)%00%(upstream:short)%00%(objectname)%00%(upstream:track) refs/heads/android-9.0 refs/remotes/android-9.0 [3ms]
[2022-02-24T19:17:57.141Z] > git for-each-ref --sort -committerdate --format %(refname) %(objectname) %(*objectname) [3ms]
[2022-02-24T19:17:57.141Z] > git ls-files --stage -- /media/archive1/TWRP9-Minimal/device/motorola/albus/BoardConfig.mk [5ms]
[2022-02-24T19:17:57.144Z] > git remote --verbose [3ms]
[2022-02-24T19:17:57.148Z] > git cat-file -s cfa45bf898b80ccf7b1d40f46f3b8596fdde6e38 [5ms]
[2022-02-24T19:17:57.148Z] > git config --get commit.template [1ms]
[2022-02-24T19:17:58.793Z] > git ls-files --stage -- /media/archive1/TWRP9-Minimal/device/motorola/albus/recovery/root/init.recovery.qcom.rc [0ms]
[2022-02-24T19:17:58.798Z] > git cat-file -s 4da283d94b06e22ef80a6f9843a4628073e1ae98 [1ms]
[2022-02-24T19:18:07.254Z] > git symbolic-ref --short HEAD [1ms]
[2022-02-24T19:18:07.259Z] > git for-each-ref --format=%(refname)%00%(upstream:short)%00%(objectname)%00%(upstream:track) refs/heads/android-9.0 refs/remotes/android-9.0 [1ms]
[2022-02-24T19:18:07.266Z] > git for-each-ref --sort -committerdate --format %(refname) %(objectname) %(*objectname) [4ms]
[2022-02-24T19:18:07.266Z] > git remote --verbose [1ms]
[2022-02-24T19:18:07.272Z] > git config --get commit.template [1ms]
[2022-02-24T19:18:08.589Z] > git ls-tree -l HEAD -- /media/archive1/TWRP9-Minimal/device/motorola/albus/recovery/root/init.recovery.qcom.rc [2ms]
[2022-02-24T19:18:13.929Z] > git ls-files --stage -- /media/archive1/TWRP9-Minimal/device/motorola/albus/BoardConfig.mk [0ms]
[2022-02-24T19:18:13.934Z] > git cat-file -s cfa45bf898b80ccf7b1d40f46f3b8596fdde6e38 [1ms]
[2022-02-24T19:18:56.185Z] > git fetch [388ms]
[2022-02-24T19:18:56.198Z] > git symbolic-ref --short HEAD [1ms]
[2022-02-24T19:18:56.205Z] > git for-each-ref --format=%(refname)%00%(upstream:short)%00%(objectname)%00%(upstream:track) refs/heads/android-9.0 refs/remotes/android-9.0 [2ms]
[2022-02-24T19:18:56.236Z] > git for-each-ref --sort -committerdate --format %(refname) %(objectname) %(*objectname) [16ms]
[2022-02-24T19:18:56.237Z] > git remote --verbose [1ms]
[2022-02-24T19:18:56.243Z] > git config --get commit.template [1ms]
[2022-02-24T19:19:40.988Z] > git ls-tree -l HEAD -- /media/archive1/TWRP9-Minimal/device/motorola/albus/recovery/root/init.recovery.qcom.rc [3ms]
[2022-02-24T19:19:40.989Z] > git ls-files --stage -- /media/archive1/TWRP9-Minimal/device/motorola/albus/BoardConfig.mk [1ms]
[2022-02-24T19:19:40.992Z] > git cat-file -s cfa45bf898b80ccf7b1d40f46f3b8596fdde6e38 [1ms]
[2022-02-24T19:19:47.933Z] > git symbolic-ref --short HEAD [1ms]
[2022-02-24T19:19:47.938Z] > git for-each-ref --format=%(refname)%00%(upstream:short)%00%(objectname)%00%(upstream:track) refs/heads/android-9.0 refs/remotes/android-9.0 [2ms]
[2022-02-24T19:19:47.944Z] > git remote --verbose [0ms]
[2022-02-24T19:19:47.945Z] > git for-each-ref --sort -committerdate --format %(refname) %(objectname) %(*objectname) [4ms]
[2022-02-24T19:19:47.950Z] > git config --get commit.template [1ms]
[2022-02-24T19:19:48.033Z] > git ls-files --stage -- /media/archive1/TWRP9-Minimal/device/motorola/albus/recovery/root/init.recovery.qcom.rc [3ms]
[2022-02-24T19:19:48.037Z] > git ls-files --stage -- /media/archive1/TWRP9-Minimal/device/motorola/albus/BoardConfig.mk [4ms]
[2022-02-24T19:19:48.042Z] > git cat-file -s 28f1e0508e4c189980279a35ea5e709018660943 [5ms]
[2022-02-24T19:19:48.042Z] > git cat-file -s 37023d85e9b38eab0ef31abcda62dc261982e6e6 [1ms]
[2022-02-24T19:20:03.534Z] > git symbolic-ref --short HEAD [1ms]
[2022-02-24T19:20:03.539Z] > git for-each-ref --format=%(refname)%00%(upstream:short)%00%(objectname)%00%(upstream:track) refs/heads/android-9.0 refs/remotes/android-9.0 [1ms]
[2022-02-24T19:20:03.545Z] > git for-each-ref --sort -committerdate --format %(refname) %(objectname) %(*objectname) [3ms]
[2022-02-24T19:20:03.545Z] > git remote --verbose [0ms]
[2022-02-24T19:20:03.549Z] > git config --get commit.template [0ms]
[2022-02-24T19:20:03.633Z] > git ls-tree -l HEAD -- /media/archive1/TWRP9-Minimal/device/motorola/albus/recovery/root/init.recovery.qcom.rc [3ms]
[2022-02-24T19:20:03.633Z] > git ls-files --stage -- /media/archive1/TWRP9-Minimal/device/motorola/albus/BoardConfig.mk [0ms]
[2022-02-24T19:20:03.638Z] > git cat-file -s 37023d85e9b38eab0ef31abcda62dc261982e6e6 [1ms]
[2022-02-24T19:20:08.220Z] > git ls-files --stage -- /media/archive1/TWRP9-Minimal/device/motorola/albus/omni.dependencies [1ms]
[2022-02-24T19:20:08.224Z] > git cat-file -s e159303130309bf247440d82c71b09e7d65338b5 [1ms]
[2022-02-24T19:20:17.525Z] > git symbolic-ref --short HEAD [0ms]
[2022-02-24T19:20:17.530Z] > git for-each-ref --format=%(refname)%00%(upstream:short)%00%(objectname)%00%(upstream:track) refs/heads/android-9.0 refs/remotes/android-9.0 [1ms]
[2022-02-24T19:20:17.537Z] > git for-each-ref --sort -committerdate --format %(refname) %(objectname) %(*objectname) [4ms]
[2022-02-24T19:20:17.537Z] > git remote --verbose [1ms]
[2022-02-24T19:20:17.543Z] > git config --get commit.template [1ms]
[2022-02-24T19:20:22.596Z] > git symbolic-ref --short HEAD [1ms]
[2022-02-24T19:20:22.601Z] > git for-each-ref --format=%(refname)%00%(upstream:short)%00%(objectname)%00%(upstream:track) refs/heads/android-9.0 refs/remotes/android-9.0 [1ms]
[2022-02-24T19:20:22.609Z] > git for-each-ref --sort -committerdate --format %(refname) %(objectname) %(*objectname) [4ms]
[2022-02-24T19:20:22.609Z] > git remote --verbose [1ms]
[2022-02-24T19:20:22.615Z] > git config --get commit.template [1ms]
[2022-02-24T19:20:22.695Z] > git ls-files --stage -- /media/archive1/TWRP9-Minimal/device/motorola/albus/omni.dependencies [1ms]
[2022-02-24T19:20:22.698Z] > git cat-file -s ed9c25809acf5c5aa4cfb5b53910856d79f67bb2 [0ms]
[2022-02-24T19:20:27.154Z] > git ls-files --stage -- /media/archive1/TWRP9-Minimal/device/motorola/albus/omni.dependencies [1ms]
[2022-02-24T19:20:27.158Z] > git cat-file -s ed9c25809acf5c5aa4cfb5b53910856d79f67bb2 [1ms]
[2022-02-24T19:20:27.625Z] > git symbolic-ref --short HEAD [0ms]
[2022-02-24T19:20:27.630Z] > git for-each-ref --format=%(refname)%00%(upstream:short)%00%(objectname)%00%(upstream:track) refs/heads/android-9.0 refs/remotes/android-9.0 [1ms]
[2022-02-24T19:20:27.637Z] > git remote --verbose [1ms]
[2022-02-24T19:20:27.637Z] > git for-each-ref --sort -committerdate --format %(refname) %(objectname) %(*objectname) [4ms]
[2022-02-24T19:20:27.643Z] > git config --get commit.template [1ms]
[2022-02-24T19:23:55.022Z] > git fetch [469ms]
[2022-02-24T19:23:55.029Z] > git symbolic-ref --short HEAD [0ms]
[2022-02-24T19:23:55.035Z] > git for-each-ref --format=%(refname)%00%(upstream:short)%00%(objectname)%00%(upstream:track) refs/heads/android-9.0 refs/remotes/android-9.0 [2ms]
[2022-02-24T19:23:55.041Z] > git remote --verbose [1ms]
[2022-02-24T19:23:55.041Z] > git for-each-ref --sort -committerdate --format %(refname) %(objectname) %(*objectname) [3ms]
[2022-02-24T19:23:55.046Z] > git config --get commit.template [0ms]
[2022-02-24T19:23:56.924Z] > git symbolic-ref --short HEAD [3ms]
[2022-02-24T19:23:56.927Z] > git ls-files --stage -- /media/archive1/TWRP9-Minimal/device/motorola/albus/omni.dependencies [4ms]
[2022-02-24T19:23:56.931Z] > git for-each-ref --format=%(refname)%00%(upstream:short)%00%(objectname)%00%(upstream:track) refs/heads/android-9.0 refs/remotes/android-9.0 [4ms]
[2022-02-24T19:23:56.938Z] > git for-each-ref --sort -committerdate --format %(refname) %(objectname) %(*objectname) [4ms]
[2022-02-24T19:23:56.938Z] > git cat-file -s ed9c25809acf5c5aa4cfb5b53910856d79f67bb2 [7ms]
[2022-02-24T19:23:56.939Z] > git remote --verbose [1ms]
[2022-02-24T19:23:56.947Z] > git config --get commit.template [3ms]
[2022-02-24T20:24:15.021Z] > git fetch [422ms]
[2022-02-24T20:24:15.029Z] > git symbolic-ref --short HEAD [0ms]
[2022-02-24T20:24:15.033Z] > git for-each-ref --format=%(refname)%00%(upstream:short)%00%(objectname)%00%(upstream:track) refs/heads/android-9.0 refs/remotes/android-9.0 [1ms]
[2022-02-24T20:24:15.041Z] > git remote --verbose [1ms]
[2022-02-24T20:24:15.041Z] > git for-each-ref --sort -committerdate --format %(refname) %(objectname) %(*objectname) [5ms]
[2022-02-24T20:24:15.046Z] > git config --get commit.template [0ms]
[2022-02-24T20:24:16.083Z] > git symbolic-ref --short HEAD [1ms]
[2022-02-24T20:24:16.087Z] > git for-each-ref --format=%(refname)%00%(upstream:short)%00%(objectname)%00%(upstream:track) refs/heads/android-9.0 refs/remotes/android-9.0 [1ms]
[2022-02-24T20:24:16.094Z] > git for-each-ref --sort -committerdate --format %(refname) %(objectname) %(*objectname) [4ms]
[2022-02-24T20:24:16.094Z] > git remote --verbose [1ms]
[2022-02-24T20:24:16.099Z] > git config --get commit.template [0ms]
[2022-02-24T20:24:16.182Z] > git ls-files --stage -- /media/archive1/TWRP9-Minimal/device/motorola/albus/omni.dependencies [1ms]
[2022-02-24T20:24:16.186Z] > git cat-file -s ed9c25809acf5c5aa4cfb5b53910856d79f67bb2 [1ms]
[2022-02-24T20:29:39.850Z] > git fetch [406ms]
[2022-02-24T20:29:39.860Z] > git symbolic-ref --short HEAD [1ms]
[2022-02-24T20:29:39.865Z] > git for-each-ref --format=%(refname)%00%(upstream:short)%00%(objectname)%00%(upstream:track) refs/heads/android-9.0 refs/remotes/android-9.0 [2ms]
[2022-02-24T20:29:39.872Z] > git for-each-ref --sort -committerdate --format %(refname) %(objectname) %(*objectname) [4ms]
[2022-02-24T20:29:39.872Z] > git remote --verbose [1ms]
[2022-02-24T20:29:39.878Z] > git config --get commit.template [1ms]
[2022-02-24T20:29:41.670Z] > git symbolic-ref --short HEAD [1ms]
[2022-02-24T20:29:41.675Z] > git for-each-ref --format=%(refname)%00%(upstream:short)%00%(objectname)%00%(upstream:track) refs/heads/android-9.0 refs/remotes/android-9.0 [1ms]
[2022-02-24T20:29:41.684Z] > git remote --verbose [1ms]
[2022-02-24T20:29:41.684Z] > git for-each-ref --sort -committerdate --format %(refname) %(objectname) %(*objectname) [4ms]
[2022-02-24T20:29:41.690Z] > git config --get commit.template [0ms]
[2022-02-24T20:29:41.733Z] > git ls-files --stage -- /media/archive1/TWRP9-Minimal/device/motorola/albus/omni.dependencies [1ms]
[2022-02-24T20:29:41.737Z] > git cat-file -s ed9c25809acf5c5aa4cfb5b53910856d79f67bb2 [1ms]
[2022-02-24T20:30:29.437Z] > git symbolic-ref --short HEAD [1ms]
[2022-02-24T20:30:29.441Z] > git for-each-ref --format=%(refname)%00%(upstream:short)%00%(objectname)%00%(upstream:track) refs/heads/android-9.0 refs/remotes/android-9.0 [1ms]
[2022-02-24T20:30:29.448Z] > git remote --verbose [1ms]
[2022-02-24T20:30:29.448Z] > git for-each-ref --sort -committerdate --format %(refname) %(objectname) %(*objectname) [4ms]
[2022-02-24T20:30:29.454Z] > git config --get commit.template [1ms]
[2022-02-24T20:30:29.534Z] > git ls-files --stage -- /media/archive1/TWRP9-Minimal/device/motorola/albus/omni.dependencies [1ms]
[2022-02-24T20:30:29.537Z] > git cat-file -s ed9c25809acf5c5aa4cfb5b53910856d79f67bb2 [0ms]
[2022-02-24T20:30:33.470Z] > git ls-files --stage -- /media/archive1/TWRP9-Minimal/device/motorola/albus/omni.dependencies [1ms]
[2022-02-24T20:30:33.474Z] > git cat-file -s ed9c25809acf5c5aa4cfb5b53910856d79f67bb2 [0ms]
[2022-02-24T20:30:34.463Z] > git symbolic-ref --short HEAD [0ms]
[2022-02-24T20:30:34.467Z] > git for-each-ref --format=%(refname)%00%(upstream:short)%00%(objectname)%00%(upstream:track) refs/heads/android-9.0 refs/remotes/android-9.0 [1ms]
[2022-02-24T20:30:34.474Z] > git remote --verbose [1ms]
[2022-02-24T20:30:34.474Z] > git for-each-ref --sort -committerdate --format %(refname) %(objectname) %(*objectname) [4ms]
[2022-02-24T20:30:34.479Z] > git config --get commit.template [0ms]
[2022-02-24T20:30:39.653Z] > git symbolic-ref --short HEAD [1ms]
[2022-02-24T20:30:39.657Z] > git for-each-ref --format=%(refname)%00%(upstream:short)%00%(objectname)%00%(upstream:track) refs/heads/android-9.0 refs/remotes/android-9.0 [1ms]
[2022-02-24T20:30:39.665Z] > git for-each-ref --sort -committerdate --format %(refname) %(objectname) %(*objectname) [4ms]
[2022-02-24T20:30:39.665Z] > git remote --verbose [1ms]
[2022-02-24T20:30:39.671Z] > git config --get commit.template [1ms]
[2022-02-24T20:30:39.749Z] > git ls-files --stage -- /media/archive1/TWRP9-Minimal/device/motorola/albus/omni.dependencies [1ms]
[2022-02-24T20:30:39.752Z] > git cat-file -s ed9c25809acf5c5aa4cfb5b53910856d79f67bb2 [0ms]
[2022-02-24T20:30:43.857Z] > git ls-files --stage -- /media/archive1/TWRP9-Minimal/device/motorola/albus/omni.dependencies [1ms]
[2022-02-24T20:30:43.861Z] > git cat-file -s ed9c25809acf5c5aa4cfb5b53910856d79f67bb2 [1ms]
[2022-02-24T20:30:44.682Z] > git symbolic-ref --short HEAD [1ms]
[2022-02-24T20:30:44.686Z] > git for-each-ref --format=%(refname)%00%(upstream:short)%00%(objectname)%00%(upstream:track) refs/heads/android-9.0 refs/remotes/android-9.0 [1ms]
[2022-02-24T20:30:44.693Z] > git remote --verbose [1ms]
[2022-02-24T20:30:44.693Z] > git for-each-ref --sort -committerdate --format %(refname) %(objectname) %(*objectname) [4ms]
[2022-02-24T20:30:44.698Z] > git config --get commit.template [0ms]
[2022-02-24T20:30:45.638Z] > git ls-files --stage -- /media/archive1/TWRP9-Minimal/device/motorola/albus/omni.dependencies [1ms]
[2022-02-24T20:30:45.642Z] > git cat-file -s ed9c25809acf5c5aa4cfb5b53910856d79f67bb2 [1ms]
[2022-02-24T20:30:49.710Z] > git symbolic-ref --short HEAD [1ms]
[2022-02-24T20:30:49.713Z] > git for-each-ref --format=%(refname)%00%(upstream:short)%00%(objectname)%00%(upstream:track) refs/heads/android-9.0 refs/remotes/android-9.0 [1ms]
[2022-02-24T20:30:49.720Z] > git remote --verbose [1ms]
[2022-02-24T20:30:49.720Z] > git for-each-ref --sort -committerdate --format %(refname) %(objectname) %(*objectname) [4ms]
[2022-02-24T20:30:49.725Z] > git config --get commit.template [0ms]
[2022-02-24T20:30:55.130Z] > git symbolic-ref --short HEAD [0ms]
[2022-02-24T20:30:55.135Z] > git for-each-ref --format=%(refname)%00%(upstream:short)%00%(objectname)%00%(upstream:track) refs/heads/android-9.0 refs/remotes/android-9.0 [1ms]
[2022-02-24T20:30:55.142Z] > git for-each-ref --sort -committerdate --format %(refname) %(objectname) %(*objectname) [4ms]
[2022-02-24T20:30:55.142Z] > git remote --verbose [1ms]
[2022-02-24T20:30:55.148Z] > git config --get commit.template [1ms]
[2022-02-24T20:30:55.228Z] > git ls-files --stage -- /media/archive1/TWRP9-Minimal/device/motorola/albus/omni.dependencies [1ms]
[2022-02-24T20:30:55.232Z] > git cat-file -s ed9c25809acf5c5aa4cfb5b53910856d79f67bb2 [1ms]
[2022-02-24T20:32:11.716Z] > git symbolic-ref --short HEAD [0ms]
[2022-02-24T20:32:11.721Z] > git for-each-ref --format=%(refname)%00%(upstream:short)%00%(objectname)%00%(upstream:track) refs/heads/android-9.0 refs/remotes/android-9.0 [1ms]
[2022-02-24T20:32:11.727Z] > git for-each-ref --sort -committerdate --format %(refname) %(objectname) %(*objectname) [3ms]
[2022-02-24T20:32:11.727Z] > git remote --verbose [1ms]
[2022-02-24T20:32:11.733Z] > git config --get commit.template [1ms]
[2022-02-24T20:32:11.814Z] > git ls-files --stage -- /media/archive1/TWRP9-Minimal/device/motorola/albus/omni.dependencies [0ms]
[2022-02-24T20:32:11.818Z] > git cat-file -s ed9c25809acf5c5aa4cfb5b53910856d79f67bb2 [1ms]
[2022-02-24T20:32:22.693Z] > git symbolic-ref --short HEAD [1ms]
[2022-02-24T20:32:22.697Z] > git for-each-ref --format=%(refname)%00%(upstream:short)%00%(objectname)%00%(upstream:track) refs/heads/android-9.0 refs/remotes/android-9.0 [1ms]
[2022-02-24T20:32:22.704Z] > git remote --verbose [1ms]
[2022-02-24T20:32:22.704Z] > git for-each-ref --sort -committerdate --format %(refname) %(objectname) %(*objectname) [4ms]
[2022-02-24T20:32:22.709Z] > git config --get commit.template [1ms]
[2022-02-24T20:32:22.791Z] > git ls-files --stage -- /media/archive1/TWRP9-Minimal/device/motorola/albus/omni.dependencies [0ms]
[2022-02-24T20:32:22.795Z] > git cat-file -s ed9c25809acf5c5aa4cfb5b53910856d79f67bb2 [1ms]
[2022-02-24T20:32:26.711Z] > git ls-files --stage -- /media/archive1/TWRP9-Minimal/device/motorola/albus/omni.dependencies [1ms]
[2022-02-24T20:32:26.714Z] > git cat-file -s ed9c25809acf5c5aa4cfb5b53910856d79f67bb2 [1ms]
[2022-02-24T20:32:27.717Z] > git symbolic-ref --short HEAD [1ms]
[2022-02-24T20:32:27.721Z] > git for-each-ref --format=%(refname)%00%(upstream:short)%00%(objectname)%00%(upstream:track) refs/heads/android-9.0 refs/remotes/android-9.0 [0ms]
[2022-02-24T20:32:27.728Z] > git for-each-ref --sort -committerdate --format %(refname) %(objectname) %(*objectname) [3ms]
[2022-02-24T20:32:27.728Z] > git remote --verbose [0ms]
[2022-02-24T20:32:27.732Z] > git config --get commit.template [0ms]
[2022-02-24T20:32:33.860Z] > git symbolic-ref --short HEAD [0ms]
[2022-02-24T20:32:33.864Z] > git for-each-ref --format=%(refname)%00%(upstream:short)%00%(objectname)%00%(upstream:track) refs/heads/android-9.0 refs/remotes/android-9.0 [0ms]
[2022-02-24T20:32:33.872Z] > git for-each-ref --sort -committerdate --format %(refname) %(objectname) %(*objectname) [5ms]
[2022-02-24T20:32:33.872Z] > git remote --verbose [1ms]
[2022-02-24T20:32:33.878Z] > git config --get commit.template [1ms]
[2022-02-24T20:32:33.961Z] > git ls-files --stage -- /media/archive1/TWRP9-Minimal/device/motorola/albus/omni.dependencies [1ms]
[2022-02-24T20:32:33.966Z] > git cat-file -s ed9c25809acf5c5aa4cfb5b53910856d79f67bb2 [1ms]
[2022-02-24T20:32:40.285Z] > git fetch [402ms]
[2022-02-24T20:32:40.294Z] > git symbolic-ref --short HEAD [1ms]
[2022-02-24T20:32:40.300Z] > git for-each-ref --format=%(refname)%00%(upstream:short)%00%(objectname)%00%(upstream:track) refs/heads/android-9.0 refs/remotes/android-9.0 [2ms]
[2022-02-24T20:32:40.307Z] > git remote --verbose [1ms]
[2022-02-24T20:32:40.307Z] > git for-each-ref --sort -committerdate --format %(refname) %(objectname) %(*objectname) [4ms]
[2022-02-24T20:32:40.313Z] > git config --get commit.template [1ms]
[2022-02-24T20:32:41.346Z] > git symbolic-ref --short HEAD [0ms]
[2022-02-24T20:32:41.351Z] > git for-each-ref --format=%(refname)%00%(upstream:short)%00%(objectname)%00%(upstream:track) refs/heads/android-9.0 refs/remotes/android-9.0 [1ms]
[2022-02-24T20:32:41.359Z] > git for-each-ref --sort -committerdate --format %(refname) %(objectname) %(*objectname) [4ms]
[2022-02-24T20:32:41.359Z] > git remote --verbose [1ms]
[2022-02-24T20:32:41.365Z] > git config --get commit.template [1ms]
[2022-02-24T20:32:41.443Z] > git ls-files --stage -- /media/archive1/TWRP9-Minimal/device/motorola/albus/omni.dependencies [0ms]
[2022-02-24T20:32:41.448Z] > git cat-file -s ed9c25809acf5c5aa4cfb5b53910856d79f67bb2 [1ms]
[2022-02-24T20:33:23.237Z] > git symbolic-ref --short HEAD [1ms]
[2022-02-24T20:33:23.241Z] > git for-each-ref --format=%(refname)%00%(upstream:short)%00%(objectname)%00%(upstream:track) refs/heads/android-9.0 refs/remotes/android-9.0 [1ms]
[2022-02-24T20:33:23.249Z] > git for-each-ref --sort -committerdate --format %(refname) %(objectname) %(*objectname) [4ms]
[2022-02-24T20:33:23.249Z] > git remote --verbose [1ms]
[2022-02-24T20:33:23.254Z] > git config --get commit.template [0ms]
[2022-02-24T20:33:23.334Z] > git ls-files --stage -- /media/archive1/TWRP9-Minimal/device/motorola/albus/omni.dependencies [1ms]
[2022-02-24T20:33:23.338Z] > git cat-file -s ed9c25809acf5c5aa4cfb5b53910856d79f67bb2 [1ms]
[2022-02-24T20:42:39.570Z] > git fetch [688ms]
[2022-02-24T20:42:39.570Z] From https://github.com/TeamWin/android_device_motorola_albus
   7fcd85c..ef71368  android-9.0 -> origin/android-9.0
[2022-02-24T20:42:39.578Z] > git symbolic-ref --short HEAD [1ms]
[2022-02-24T20:42:39.582Z] > git for-each-ref --format=%(refname)%00%(upstream:short)%00%(objectname)%00%(upstream:track) refs/heads/android-9.0 refs/remotes/android-9.0 [1ms]
[2022-02-24T20:42:39.587Z] > git for-each-ref --sort -committerdate --format %(refname) %(objectname) %(*objectname) [3ms]
[2022-02-24T20:42:39.587Z] > git remote --verbose [0ms]
[2022-02-24T20:42:39.591Z] > git config --get commit.template [1ms]
[2022-02-24T20:46:17.231Z] > git symbolic-ref --short HEAD [0ms]
[2022-02-24T20:46:17.235Z] > git for-each-ref --format=%(refname)%00%(upstream:short)%00%(objectname)%00%(upstream:track) refs/heads/android-9.0 refs/remotes/android-9.0 [1ms]
[2022-02-24T20:46:17.240Z] > git for-each-ref --sort -committerdate --format %(refname) %(objectname) %(*objectname) [3ms]
[2022-02-24T20:46:17.240Z] > git remote --verbose [1ms]
[2022-02-24T20:46:17.243Z] > git config --get commit.template [1ms]
[2022-02-24T20:46:17.460Z] > git ls-files --stage -- /media/archive1/TWRP9-Minimal/device/motorola/albus/BoardConfig.mk [1ms]
[2022-02-24T20:46:17.464Z] > git cat-file -s 37023d85e9b38eab0ef31abcda62dc261982e6e6 [1ms]
[2022-02-24T20:46:17.649Z] > git fetch [425ms]
[2022-02-24T20:46:17.657Z] > git symbolic-ref --short HEAD [0ms]
[2022-02-24T20:46:17.662Z] > git for-each-ref --format=%(refname)%00%(upstream:short)%00%(objectname)%00%(upstream:track) refs/heads/android-9.0 refs/remotes/android-9.0 [1ms]
[2022-02-24T20:46:17.667Z] > git for-each-ref --sort -committerdate --format %(refname) %(objectname) %(*objectname) [3ms]
[2022-02-24T20:46:17.667Z] > git remote --verbose [1ms]
[2022-02-24T20:46:17.672Z] > git config --get commit.template [1ms]
[2022-02-24T20:46:18.808Z] > git ls-files --stage -- /media/archive1/TWRP9-Minimal/device/motorola/albus/BoardConfig.mk [0ms]
[2022-02-24T20:46:18.815Z] > git cat-file -s 37023d85e9b38eab0ef31abcda62dc261982e6e6 [1ms]
[2022-02-24T20:46:36.228Z] > git symbolic-ref --short HEAD [0ms]
[2022-02-24T20:46:36.232Z] > git for-each-ref --format=%(refname)%00%(upstream:short)%00%(objectname)%00%(upstream:track) refs/heads/android-9.0 refs/remotes/android-9.0 [2ms]
[2022-02-24T20:46:36.238Z] > git remote --verbose [1ms]
[2022-02-24T20:46:36.238Z] > git for-each-ref --sort -committerdate --format %(refname) %(objectname) %(*objectname) [4ms]
[2022-02-24T20:46:36.244Z] > git config --get commit.template [1ms]
[2022-02-24T20:46:36.481Z] > git ls-files --stage -- /media/archive1/TWRP9-Minimal/device/motorola/albus/recovery/root/init.recovery.qcom.rc [1ms]
[2022-02-24T20:46:36.485Z] > git cat-file -s 28f1e0508e4c189980279a35ea5e709018660943 [1ms]
[2022-02-24T20:51:52.242Z] > git fetch [384ms]
[2022-02-24T20:51:52.251Z] > git symbolic-ref --short HEAD [1ms]
[2022-02-24T20:51:52.256Z] > git for-each-ref --format=%(refname)%00%(upstream:short)%00%(objectname)%00%(upstream:track) refs/heads/android-9.0 refs/remotes/android-9.0 [2ms]
[2022-02-24T20:51:52.263Z] > git for-each-ref --sort -committerdate --format %(refname) %(objectname) %(*objectname) [4ms]
[2022-02-24T20:51:52.263Z] > git remote --verbose [1ms]
[2022-02-24T20:51:52.268Z] > git config --get commit.template [0ms]
[2022-02-24T20:51:53.303Z] > git symbolic-ref --short HEAD [0ms]
[2022-02-24T20:51:53.307Z] > git for-each-ref --format=%(refname)%00%(upstream:short)%00%(objectname)%00%(upstream:track) refs/heads/android-9.0 refs/remotes/android-9.0 [1ms]
[2022-02-24T20:51:53.313Z] > git for-each-ref --sort -committerdate --format %(refname) %(objectname) %(*objectname) [3ms]
[2022-02-24T20:51:53.314Z] > git remote --verbose [1ms]
[2022-02-24T20:51:53.318Z] > git config --get commit.template [0ms]
[2022-02-24T20:51:53.403Z] > git ls-files --stage -- /media/archive1/TWRP9-Minimal/device/motorola/albus/recovery/root/init.recovery.qcom.rc [1ms]
[2022-02-24T20:51:53.406Z] > git cat-file -s 28f1e0508e4c189980279a35ea5e709018660943 [0ms]
[2022-02-24T20:51:53.838Z] > git ls-files --stage -- /media/archive1/TWRP9-Minimal/device/motorola/albus/omni.dependencies [1ms]
[2022-02-24T20:51:53.842Z] > git cat-file -s ed9c25809acf5c5aa4cfb5b53910856d79f67bb2 [1ms]
[2022-02-24T20:52:59.451Z] > git symbolic-ref --short HEAD [1ms]
[2022-02-24T20:52:59.455Z] > git for-each-ref --format=%(refname)%00%(upstream:short)%00%(objectname)%00%(upstream:track) refs/heads/android-9.0 refs/remotes/android-9.0 [1ms]
[2022-02-24T20:52:59.462Z] > git for-each-ref --sort -committerdate --format %(refname) %(objectname) %(*objectname) [4ms]
[2022-02-24T20:52:59.462Z] > git remote --verbose [0ms]
[2022-02-24T20:52:59.468Z] > git config --get commit.template [1ms]
[2022-02-24T20:53:02.903Z] > git ls-files --stage -- /media/archive1/TWRP9-Minimal/device/motorola/albus/BoardConfig.mk [0ms]
[2022-02-24T20:53:02.907Z] > git cat-file -s 37023d85e9b38eab0ef31abcda62dc261982e6e6 [1ms]
[2022-02-24T20:53:04.464Z] > git ls-files --stage -- /media/archive1/TWRP9-Minimal/device/motorola/albus/omni.dependencies [0ms]
[2022-02-24T20:53:04.472Z] > git cat-file -s ed9c25809acf5c5aa4cfb5b53910856d79f67bb2 [5ms]
[2022-02-24T20:53:04.477Z] > git symbolic-ref --short HEAD [1ms]
[2022-02-24T20:53:04.480Z] > git for-each-ref --format=%(refname)%00%(upstream:short)%00%(objectname)%00%(upstream:track) refs/heads/android-9.0 refs/remotes/android-9.0 [1ms]
[2022-02-24T20:53:04.486Z] > git for-each-ref --sort -committerdate --format %(refname) %(objectname) %(*objectname) [3ms]
[2022-02-24T20:53:04.486Z] > git remote --verbose [0ms]
[2022-02-24T20:53:04.491Z] > git config --get commit.template [1ms]
[2022-02-24T20:53:28.641Z] > git symbolic-ref --short HEAD [1ms]
[2022-02-24T20:53:28.646Z] > git for-each-ref --format=%(refname)%00%(upstream:short)%00%(objectname)%00%(upstream:track) refs/heads/android-9.0 refs/remotes/android-9.0 [1ms]
[2022-02-24T20:53:28.654Z] > git for-each-ref --sort -committerdate --format %(refname) %(objectname) %(*objectname) [4ms]
[2022-02-24T20:53:28.654Z] > git remote --verbose [1ms]
[2022-02-24T20:53:28.660Z] > git config --get commit.template [1ms]
[2022-02-24T20:53:33.669Z] > git symbolic-ref --short HEAD [1ms]
[2022-02-24T20:53:33.674Z] > git for-each-ref --format=%(refname)%00%(upstream:short)%00%(objectname)%00%(upstream:track) refs/heads/android-9.0 refs/remotes/android-9.0 [2ms]
[2022-02-24T20:53:33.681Z] > git for-each-ref --sort -committerdate --format %(refname) %(objectname) %(*objectname) [5ms]
[2022-02-24T20:53:33.681Z] > git remote --verbose [1ms]
[2022-02-24T20:53:33.687Z] > git config --get commit.template [1ms]
[2022-02-24T20:54:59.721Z] > git fetch [390ms]
[2022-02-24T20:54:59.730Z] > git symbolic-ref --short HEAD [1ms]
[2022-02-24T20:54:59.734Z] > git for-each-ref --format=%(refname)%00%(upstream:short)%00%(objectname)%00%(upstream:track) refs/heads/android-9.0 refs/remotes/android-9.0 [1ms]
[2022-02-24T20:54:59.741Z] > git for-each-ref --sort -committerdate --format %(refname) %(objectname) %(*objectname) [4ms]
[2022-02-24T20:54:59.741Z] > git remote --verbose [0ms]
[2022-02-24T20:54:59.747Z] > git config --get commit.template [1ms]
[2022-02-24T20:55:00.783Z] > git symbolic-ref --short HEAD [1ms]
[2022-02-24T20:55:00.786Z] > git for-each-ref --format=%(refname)%00%(upstream:short)%00%(objectname)%00%(upstream:track) refs/heads/android-9.0 refs/remotes/android-9.0 [0ms]
[2022-02-24T20:55:00.793Z] > git remote --verbose [0ms]
[2022-02-24T20:55:00.794Z] > git for-each-ref --sort -committerdate --format %(refname) %(objectname) %(*objectname) [4ms]
[2022-02-24T20:55:00.799Z] > git config --get commit.template [1ms]
[2022-02-24T20:55:00.884Z] > git ls-files --stage -- /media/archive1/TWRP9-Minimal/device/motorola/albus/omni.dependencies [1ms]
[2022-02-24T20:55:00.888Z] > git cat-file -s ed9c25809acf5c5aa4cfb5b53910856d79f67bb2 [1ms]
[2022-02-24T20:55:15.443Z] > git symbolic-ref --short HEAD [1ms]
[2022-02-24T20:55:15.448Z] > git for-each-ref --format=%(refname)%00%(upstream:short)%00%(objectname)%00%(upstream:track) refs/heads/android-9.0 refs/remotes/android-9.0 [1ms]
[2022-02-24T20:55:15.454Z] > git for-each-ref --sort -committerdate --format %(refname) %(objectname) %(*objectname) [3ms]
[2022-02-24T20:55:15.455Z] > git remote --verbose [1ms]
[2022-02-24T20:55:15.459Z] > git config --get commit.template [0ms]
[2022-02-24T20:55:15.541Z] > git ls-files --stage -- /media/archive1/TWRP9-Minimal/device/motorola/albus/omni.dependencies [1ms]
[2022-02-24T20:55:15.545Z] > git cat-file -s 0637a088a01e8ddab3bf3fa98dbe804cbde1a0dc [1ms]
[2022-02-24T20:56:41.027Z] > git symbolic-ref --short HEAD [1ms]
[2022-02-24T20:56:41.031Z] > git for-each-ref --format=%(refname)%00%(upstream:short)%00%(objectname)%00%(upstream:track) refs/heads/android-9.0 refs/remotes/android-9.0 [1ms]
[2022-02-24T20:56:41.038Z] > git remote --verbose [1ms]
[2022-02-24T20:56:41.038Z] > git for-each-ref --sort -committerdate --format %(refname) %(objectname) %(*objectname) [4ms]
[2022-02-24T20:56:41.043Z] > git config --get commit.template [1ms]
[2022-02-24T20:56:41.125Z] > git ls-files --stage -- /media/archive1/TWRP9-Minimal/device/motorola/albus/omni.dependencies [1ms]
[2022-02-24T20:56:41.128Z] > git cat-file -s 0637a088a01e8ddab3bf3fa98dbe804cbde1a0dc [0ms]
[2022-02-24T21:14:22.408Z] > git fetch [615ms]
[2022-02-24T21:14:22.408Z] From https://github.com/TeamWin/android_device_motorola_albus
   ef71368..d2ab8f3  android-9.0 -> origin/android-9.0
[2022-02-24T21:14:22.416Z] > git symbolic-ref --short HEAD [1ms]
[2022-02-24T21:14:22.421Z] > git for-each-ref --format=%(refname)%00%(upstream:short)%00%(objectname)%00%(upstream:track) refs/heads/android-9.0 refs/remotes/android-9.0 [1ms]
[2022-02-24T21:14:22.428Z] > git for-each-ref --sort -committerdate --format %(refname) %(objectname) %(*objectname) [4ms]
[2022-02-24T21:14:22.429Z] > git remote --verbose [1ms]
[2022-02-24T21:14:22.434Z] > git config --get commit.template [1ms]
[2022-02-24T21:14:23.471Z] > git symbolic-ref --short HEAD [1ms]
[2022-02-24T21:14:23.475Z] > git for-each-ref --format=%(refname)%00%(upstream:short)%00%(objectname)%00%(upstream:track) refs/heads/android-9.0 refs/remotes/android-9.0 [0ms]
[2022-02-24T21:14:23.483Z] > git for-each-ref --sort -committerdate --format %(refname) %(objectname) %(*objectname) [4ms]
[2022-02-24T21:14:23.483Z] > git remote --verbose [0ms]
[2022-02-24T21:14:23.489Z] > git config --get commit.template [1ms]
[2022-02-24T21:14:23.569Z] > git ls-files --stage -- /media/archive1/TWRP9-Minimal/device/motorola/albus/omni.dependencies [1ms]
[2022-02-24T21:14:23.574Z] > git cat-file -s 0637a088a01e8ddab3bf3fa98dbe804cbde1a0dc [1ms]
[2022-02-24T21:22:12.814Z] > git fetch [379ms]
[2022-02-24T21:22:12.822Z] > git symbolic-ref --short HEAD [1ms]
[2022-02-24T21:22:12.824Z] > git for-each-ref --format=%(refname)%00%(upstream:short)%00%(objectname)%00%(upstream:track) refs/heads/android-9.0 refs/remotes/android-9.0 [0ms]
[2022-02-24T21:22:12.829Z] > git for-each-ref --sort -committerdate --format %(refname) %(objectname) %(*objectname) [3ms]
[2022-02-24T21:22:12.830Z] > git remote --verbose [1ms]
[2022-02-24T21:22:12.833Z] > git config --get commit.template [0ms]
[2022-02-24T21:22:13.876Z] > git symbolic-ref --short HEAD [1ms]
[2022-02-24T21:22:13.880Z] > git for-each-ref --format=%(refname)%00%(upstream:short)%00%(objectname)%00%(upstream:track) refs/heads/android-9.0 refs/remotes/android-9.0 [1ms]
[2022-02-24T21:22:13.887Z] > git for-each-ref --sort -committerdate --format %(refname) %(objectname) %(*objectname) [4ms]
[2022-02-24T21:22:13.887Z] > git remote --verbose [1ms]
[2022-02-24T21:22:13.892Z] > git config --get commit.template [1ms]
[2022-02-24T21:22:13.973Z] > git ls-files --stage -- /media/archive1/TWRP9-Minimal/device/motorola/albus/omni.dependencies [0ms]
[2022-02-24T21:22:13.976Z] > git cat-file -s 0637a088a01e8ddab3bf3fa98dbe804cbde1a0dc [0ms]
