Telemetry level is off
Experiments are disabled, only manually opted experiments are active.
> conda info --json
> ./venv/bin/python ~/.vscode-oss/extensions/ms-python.python-2022.0.1814523869/pythonFiles/get_output_via_markers.py ~/.vscode-oss/extensions/ms-python.python-2022.0.1814523869/pythonFiles/interpreterInfo.py
> /bin/python ~/.vscode-oss/extensions/ms-python.python-2022.0.1814523869/pythonFiles/get_output_via_markers.py ~/.vscode-oss/extensions/ms-python.python-2022.0.1814523869/pythonFiles/interpreterInfo.py
> /bin/python2 ~/.vscode-oss/extensions/ms-python.python-2022.0.1814523869/pythonFiles/get_output_via_markers.py ~/.vscode-oss/extensions/ms-python.python-2022.0.1814523869/pythonFiles/interpreterInfo.py
> /sbin/python ~/.vscode-oss/extensions/ms-python.python-2022.0.1814523869/pythonFiles/get_output_via_markers.py ~/.vscode-oss/extensions/ms-python.python-2022.0.1814523869/pythonFiles/interpreterInfo.py
> /sbin/python2 ~/.vscode-oss/extensions/ms-python.python-2022.0.1814523869/pythonFiles/get_output_via_markers.py ~/.vscode-oss/extensions/ms-python.python-2022.0.1814523869/pythonFiles/interpreterInfo.py
> /usr/bin/python ~/.vscode-oss/extensions/ms-python.python-2022.0.1814523869/pythonFiles/get_output_via_markers.py ~/.vscode-oss/extensions/ms-python.python-2022.0.1814523869/pythonFiles/interpreterInfo.py
> /usr/bin/python2 ~/.vscode-oss/extensions/ms-python.python-2022.0.1814523869/pythonFiles/get_output_via_markers.py ~/.vscode-oss/extensions/ms-python.python-2022.0.1814523869/pythonFiles/interpreterInfo.py
> /usr/sbin/python ~/.vscode-oss/extensions/ms-python.python-2022.0.1814523869/pythonFiles/get_output_via_markers.py ~/.vscode-oss/extensions/ms-python.python-2022.0.1814523869/pythonFiles/interpreterInfo.py
> /usr/sbin/python2 ~/.vscode-oss/extensions/ms-python.python-2022.0.1814523869/pythonFiles/get_output_via_markers.py ~/.vscode-oss/extensions/ms-python.python-2022.0.1814523869/pythonFiles/interpreterInfo.py
Python interpreter path: /media/archive2/Nextcloud_mininas/Projects/bots/user-bots/PageViewerBot/venv/bin/python
[ERROR 2022-1-19 15:56:37.885]: [
  'Failed to activate a workspace, Class name = f, completed in 411ms, has a falsy return value, Arg 1: <Uri:/media/archive2/Nextcloud_mininas/Projects/bots/user-bots/PageViewerBot>, Return Value: undefined',
  [Error: Extension 'ms-python.python' CANNOT use API proposal: testObserver.
  Its package.json#enabledApiProposals-property declares:  but NOT testObserver.
   The missing proposal MUST be added and you must start in extension development mode or use the following command line switch: --enable-proposed-api ms-python.python
  	at E (/usr/lib/code/out/vs/workbench/services/extensions/node/extensionHostProcess.js:91:64217)
  	at Object.get testResults [as testResults] (/usr/lib/code/out/vs/workbench/services/extensions/node/extensionHostProcess.js:107:33481)
  	at w.activate (/home/emamaker/.vscode-oss/extensions/ms-python.python-2022.0.1814523869/out/client/extension.js:85:74805)
  	at /home/emamaker/.vscode-oss/extensions/ms-python.python-2022.0.1814523869/out/client/extension.js:67:87919
  	at Array.map (<anonymous>)
  	at f.activateWorkspace (/home/emamaker/.vscode-oss/extensions/ms-python.python-2022.0.1814523869/out/client/extension.js:67:87910)
  	at processTicksAndRejections (internal/process/task_queues.js:93:5)]
]
[ERROR 2022-1-19 15:56:37.895]: Failure during activation. [Error: Extension 'ms-python.python' CANNOT use API proposal: testObserver.
Its package.json#enabledApiProposals-property declares:  but NOT testObserver.
 The missing proposal MUST be added and you must start in extension development mode or use the following command line switch: --enable-proposed-api ms-python.python
	at E (/usr/lib/code/out/vs/workbench/services/extensions/node/extensionHostProcess.js:91:64217)
	at Object.get testResults [as testResults] (/usr/lib/code/out/vs/workbench/services/extensions/node/extensionHostProcess.js:107:33481)
	at w.activate (/home/emamaker/.vscode-oss/extensions/ms-python.python-2022.0.1814523869/out/client/extension.js:85:74805)
	at /home/emamaker/.vscode-oss/extensions/ms-python.python-2022.0.1814523869/out/client/extension.js:67:87919
	at Array.map (<anonymous>)
	at f.activateWorkspace (/home/emamaker/.vscode-oss/extensions/ms-python.python-2022.0.1814523869/out/client/extension.js:67:87910)
	at processTicksAndRejections (internal/process/task_queues.js:93:5)]
[ERROR 2022-1-19 15:56:37.895]: sendStartupTelemetry() failed. [Error: Extension 'ms-python.python' CANNOT use API proposal: testObserver.
Its package.json#enabledApiProposals-property declares:  but NOT testObserver.
 The missing proposal MUST be added and you must start in extension development mode or use the following command line switch: --enable-proposed-api ms-python.python
	at E (/usr/lib/code/out/vs/workbench/services/extensions/node/extensionHostProcess.js:91:64217)
	at Object.get testResults [as testResults] (/usr/lib/code/out/vs/workbench/services/extensions/node/extensionHostProcess.js:107:33481)
	at w.activate (/home/emamaker/.vscode-oss/extensions/ms-python.python-2022.0.1814523869/out/client/extension.js:85:74805)
	at /home/emamaker/.vscode-oss/extensions/ms-python.python-2022.0.1814523869/out/client/extension.js:67:87919
	at Array.map (<anonymous>)
	at f.activateWorkspace (/home/emamaker/.vscode-oss/extensions/ms-python.python-2022.0.1814523869/out/client/extension.js:67:87910)
	at processTicksAndRejections (internal/process/task_queues.js:93:5)]
Starting Jedi language server.
