[2022-02-19T14:56:37.410Z] Validating found git in: git
[2022-02-19T14:56:37.431Z] Using git 2.35.1 from git
[2022-02-19T14:56:37.451Z] > git rev-parse --git-dir [1ms]
[2022-02-19T14:56:37.453Z] Open repository: /media/archive2/Nextcloud_mininas/Projects/bots/user-bots/PageViewerBot
[2022-02-19T14:56:37.977Z] > git symbolic-ref --short HEAD [0ms]
[2022-02-19T14:56:37.983Z] > git for-each-ref --format=%(refname)%00%(upstream:short)%00%(objectname)%00%(upstream:track) refs/heads/master refs/remotes/master [1ms]
[2022-02-19T14:56:37.993Z] > git remote --verbose [1ms]
[2022-02-19T14:56:37.993Z] > git for-each-ref --sort -committerdate --format %(refname) %(objectname) %(*objectname) [5ms]
[2022-02-19T14:56:38.024Z] > git config --get commit.template [1ms]
[2022-02-19T14:56:38.071Z] > git fetch [615ms]
[2022-02-19T14:56:38.083Z] > git symbolic-ref --short HEAD [1ms]
[2022-02-19T14:56:38.088Z] > git for-each-ref --format=%(refname)%00%(upstream:short)%00%(objectname)%00%(upstream:track) refs/heads/master refs/remotes/master [1ms]
[2022-02-19T14:56:38.098Z] > git for-each-ref --sort -committerdate --format %(refname) %(objectname) %(*objectname) [5ms]
[2022-02-19T14:56:38.099Z] > git remote --verbose [1ms]
[2022-02-19T14:56:38.106Z] > git config --get commit.template [1ms]
[2022-02-19T14:56:38.612Z] > git rev-parse --git-dir [0ms]
[2022-02-19T14:56:38.614Z] Open repository: /media/archive2/Nextcloud_mininas/Projects/bots/user-bots/PageViewerBot/undetected-chromedriver
[2022-02-19T14:56:38.628Z] > git symbolic-ref --short HEAD [0ms]
[2022-02-19T14:56:38.668Z] > git for-each-ref --format=%(refname)%00%(upstream:short)%00%(objectname)%00%(upstream:track) refs/heads/bugfix refs/remotes/bugfix [37ms]
[2022-02-19T14:56:38.679Z] > git remote --verbose [3ms]
[2022-02-19T14:56:38.710Z] > git for-each-ref --sort -committerdate --format %(refname) %(objectname) %(*objectname) [37ms]
[2022-02-19T14:56:38.715Z] > git config --get commit.template [0ms]
[2022-02-19T14:56:39.002Z] > git fetch [383ms]
[2022-02-19T14:56:39.014Z] > git symbolic-ref --short HEAD [1ms]
[2022-02-19T14:56:39.019Z] > git for-each-ref --format=%(refname)%00%(upstream:short)%00%(objectname)%00%(upstream:track) refs/heads/bugfix refs/remotes/bugfix [0ms]
[2022-02-19T14:56:39.030Z] > git remote --verbose [0ms]
[2022-02-19T14:56:39.030Z] > git for-each-ref --sort -committerdate --format %(refname) %(objectname) %(*objectname) [6ms]
[2022-02-19T14:56:39.037Z] > git config --get commit.template [1ms]
[2022-02-19T14:56:40.073Z] > git symbolic-ref --short HEAD [6ms]
[2022-02-19T14:56:40.079Z] > git for-each-ref --format=%(refname)%00%(upstream:short)%00%(objectname)%00%(upstream:track) refs/heads/bugfix refs/remotes/bugfix [2ms]
[2022-02-19T14:56:40.087Z] > git remote --verbose [1ms]
[2022-02-19T14:56:40.087Z] > git for-each-ref --sort -committerdate --format %(refname) %(objectname) %(*objectname) [5ms]
[2022-02-19T14:56:40.095Z] > git config --get commit.template [1ms]
[2022-02-19T14:56:42.702Z] > git ls-files --stage -- /media/archive2/Nextcloud_mininas/Projects/bots/user-bots/PageViewerBot/page_viewer.py [1ms]
[2022-02-19T14:56:42.717Z] > git cat-file -s bb5212976f437d81c71838c15612663cfae4684c [10ms]
[2022-02-19T14:56:54.548Z] > git ls-files --stage -- /media/archive2/Nextcloud_mininas/Projects/bots/user-bots/PageViewerBot/browser_manager.py [1ms]
[2022-02-19T14:56:54.553Z] > git cat-file -s 1e86fe5a581f5afa3ab7d0cba4567d21a6d59604 [1ms]
[2022-02-19T14:57:15.218Z] > git symbolic-ref --short HEAD [1ms]
[2022-02-19T14:57:15.222Z] > git for-each-ref --format=%(refname)%00%(upstream:short)%00%(objectname)%00%(upstream:track) refs/heads/master refs/remotes/master [1ms]
[2022-02-19T14:57:15.231Z] > git remote --verbose [1ms]
[2022-02-19T14:57:15.231Z] > git for-each-ref --sort -committerdate --format %(refname) %(objectname) %(*objectname) [5ms]
[2022-02-19T14:57:15.242Z] > git config --get commit.template [2ms]
[2022-02-19T14:57:46.993Z] > git ls-files --stage -- /media/archive2/Nextcloud_mininas/Projects/bots/user-bots/PageViewerBot/page_viewer.py [1ms]
[2022-02-19T14:57:46.999Z] > git cat-file -s bb5212976f437d81c71838c15612663cfae4684c [1ms]
[2022-02-19T14:58:12.456Z] > git symbolic-ref --short HEAD [1ms]
[2022-02-19T14:58:12.462Z] > git for-each-ref --format=%(refname)%00%(upstream:short)%00%(objectname)%00%(upstream:track) refs/heads/master refs/remotes/master [1ms]
[2022-02-19T14:58:12.471Z] > git for-each-ref --sort -committerdate --format %(refname) %(objectname) %(*objectname) [4ms]
[2022-02-19T14:58:12.472Z] > git remote --verbose [1ms]
[2022-02-19T14:58:12.477Z] > git config --get commit.template [1ms]
[2022-02-19T14:58:17.491Z] > git symbolic-ref --short HEAD [0ms]
[2022-02-19T14:58:17.497Z] > git for-each-ref --format=%(refname)%00%(upstream:short)%00%(objectname)%00%(upstream:track) refs/heads/master refs/remotes/master [1ms]
[2022-02-19T14:58:17.506Z] > git remote --verbose [1ms]
[2022-02-19T14:58:17.506Z] > git for-each-ref --sort -committerdate --format %(refname) %(objectname) %(*objectname) [5ms]
[2022-02-19T14:58:17.513Z] > git config --get commit.template [1ms]
[2022-02-19T14:58:22.136Z] > git ls-tree -l HEAD -- /media/archive2/Nextcloud_mininas/Projects/bots/user-bots/PageViewerBot/page_viewer.py [1ms]
[2022-02-19T14:58:24.123Z] > git ls-tree -l HEAD -- /media/archive2/Nextcloud_mininas/Projects/bots/user-bots/PageViewerBot/browser_manager.py [2ms]
[2022-02-19T15:00:19.829Z] > git ls-tree -l HEAD -- /media/archive2/Nextcloud_mininas/Projects/bots/user-bots/PageViewerBot/browser_manager.py [27ms]
[2022-02-19T15:00:19.831Z] > git symbolic-ref --short HEAD [2ms]
[2022-02-19T15:00:19.835Z] > git symbolic-ref --short HEAD [10ms]
[2022-02-19T15:00:19.840Z] > git for-each-ref --format=%(refname)%00%(upstream:short)%00%(objectname)%00%(upstream:track) refs/heads/bugfix refs/remotes/bugfix [5ms]
[2022-02-19T15:00:19.849Z] > git remote --verbose [1ms]
[2022-02-19T15:00:19.849Z] > git for-each-ref --sort -committerdate --format %(refname) %(objectname) %(*objectname) [5ms]
[2022-02-19T15:00:19.852Z] > git for-each-ref --format=%(refname)%00%(upstream:short)%00%(objectname)%00%(upstream:track) refs/heads/master refs/remotes/master [13ms]
[2022-02-19T15:00:19.865Z] > git remote --verbose [5ms]
[2022-02-19T15:00:19.866Z] > git for-each-ref --sort -committerdate --format %(refname) %(objectname) %(*objectname) [10ms]
[2022-02-19T15:00:19.866Z] > git config --get commit.template [1ms]
[2022-02-19T15:00:19.873Z] > git config --get commit.template [0ms]
[2022-02-19T15:00:19.909Z] > git fetch [103ms]
[2022-02-19T15:00:19.922Z] > git symbolic-ref --short HEAD [1ms]
[2022-02-19T15:00:19.927Z] > git for-each-ref --format=%(refname)%00%(upstream:short)%00%(objectname)%00%(upstream:track) refs/heads/master refs/remotes/master [0ms]
[2022-02-19T15:00:19.936Z] > git for-each-ref --sort -committerdate --format %(refname) %(objectname) %(*objectname) [5ms]
[2022-02-19T15:00:19.937Z] > git remote --verbose [1ms]
[2022-02-19T15:00:19.943Z] > git config --get commit.template [0ms]
[2022-02-19T15:00:20.206Z] > git fetch [396ms]
[2022-02-19T15:00:20.217Z] > git symbolic-ref --short HEAD [1ms]
[2022-02-19T15:00:20.223Z] > git for-each-ref --format=%(refname)%00%(upstream:short)%00%(objectname)%00%(upstream:track) refs/heads/bugfix refs/remotes/bugfix [1ms]
[2022-02-19T15:00:20.231Z] > git remote --verbose [0ms]
[2022-02-19T15:00:20.231Z] > git for-each-ref --sort -committerdate --format %(refname) %(objectname) %(*objectname) [4ms]
[2022-02-19T15:00:20.237Z] > git config --get commit.template [0ms]
[2022-02-19T15:00:21.367Z] > git ls-tree -l HEAD -- /media/archive2/Nextcloud_mininas/Projects/bots/user-bots/PageViewerBot/browser_manager.py [1ms]
[2022-02-19T15:00:22.750Z] > git ls-files --stage -- /media/archive2/Nextcloud_mininas/Projects/bots/user-bots/PageViewerBot/requirements.txt [0ms]
[2022-02-19T15:00:22.757Z] > git cat-file -s 9f5640f223359e4c29e137f163a465e280af2444 [3ms]
[2022-02-19T15:00:24.892Z] > git symbolic-ref --short HEAD [9ms]
[2022-02-19T15:00:24.898Z] > git symbolic-ref --short HEAD [6ms]
[2022-02-19T15:00:24.904Z] > git for-each-ref --format=%(refname)%00%(upstream:short)%00%(objectname)%00%(upstream:track) refs/heads/bugfix refs/remotes/bugfix [7ms]
[2022-02-19T15:00:24.914Z] > git remote --verbose [1ms]
[2022-02-19T15:00:24.914Z] > git for-each-ref --sort -committerdate --format %(refname) %(objectname) %(*objectname) [5ms]
[2022-02-19T15:00:24.915Z] > git for-each-ref --format=%(refname)%00%(upstream:short)%00%(objectname)%00%(upstream:track) refs/heads/master refs/remotes/master [12ms]
[2022-02-19T15:00:24.929Z] > git for-each-ref --sort -committerdate --format %(refname) %(objectname) %(*objectname) [9ms]
[2022-02-19T15:00:24.930Z] > git config --get commit.template [1ms]
[2022-02-19T15:00:24.930Z] > git remote --verbose [6ms]
[2022-02-19T15:00:24.936Z] > git config --get commit.template [1ms]
[2022-02-19T15:00:52.025Z] > git symbolic-ref --short HEAD [1ms]
[2022-02-19T15:00:52.031Z] > git for-each-ref --format=%(refname)%00%(upstream:short)%00%(objectname)%00%(upstream:track) refs/heads/master refs/remotes/master [1ms]
[2022-02-19T15:00:52.039Z] > git remote --verbose [1ms]
[2022-02-19T15:00:52.039Z] > git for-each-ref --sort -committerdate --format %(refname) %(objectname) %(*objectname) [4ms]
[2022-02-19T15:00:52.046Z] > git config --get commit.template [1ms]
[2022-02-19T15:00:52.789Z] > git ls-tree -l HEAD -- /media/archive2/Nextcloud_mininas/Projects/bots/user-bots/PageViewerBot/browser_manager.py [2ms]
[2022-02-19T15:00:54.501Z] > git ls-files --stage -- /media/archive2/Nextcloud_mininas/Projects/bots/user-bots/PageViewerBot/requirements.txt [0ms]
[2022-02-19T15:00:54.505Z] > git cat-file -s 9f5640f223359e4c29e137f163a465e280af2444 [1ms]
[2022-02-19T15:00:56.240Z] > git ls-files --stage -- /media/archive2/Nextcloud_mininas/Projects/bots/user-bots/PageViewerBot/browser_manager.py [0ms]
[2022-02-19T15:00:56.246Z] > git cat-file -s 1e86fe5a581f5afa3ab7d0cba4567d21a6d59604 [1ms]
[2022-02-19T15:00:57.060Z] > git symbolic-ref --short HEAD [1ms]
[2022-02-19T15:00:57.065Z] > git for-each-ref --format=%(refname)%00%(upstream:short)%00%(objectname)%00%(upstream:track) refs/heads/master refs/remotes/master [0ms]
[2022-02-19T15:00:57.074Z] > git for-each-ref --sort -committerdate --format %(refname) %(objectname) %(*objectname) [4ms]
[2022-02-19T15:00:57.074Z] > git remote --verbose [0ms]
[2022-02-19T15:00:57.079Z] > git config --get commit.template [0ms]
[2022-02-19T15:00:59.503Z] > git ls-files --stage -- /media/archive2/Nextcloud_mininas/Projects/bots/user-bots/PageViewerBot/requirements.txt [0ms]
[2022-02-19T15:00:59.508Z] > git cat-file -s 9f5640f223359e4c29e137f163a465e280af2444 [1ms]
[2022-02-19T15:01:14.104Z] > git symbolic-ref --short HEAD [2ms]
[2022-02-19T15:01:14.110Z] > git for-each-ref --format=%(refname)%00%(upstream:short)%00%(objectname)%00%(upstream:track) refs/heads/master refs/remotes/master [0ms]
[2022-02-19T15:01:14.121Z] > git for-each-ref --sort -committerdate --format %(refname) %(objectname) %(*objectname) [5ms]
[2022-02-19T15:01:14.121Z] > git remote --verbose [1ms]
[2022-02-19T15:01:14.126Z] > git config --get commit.template [1ms]
[2022-02-19T15:04:09.866Z] > git symbolic-ref --short HEAD [0ms]
[2022-02-19T15:04:09.869Z] > git for-each-ref --format=%(refname)%00%(upstream:short)%00%(objectname)%00%(upstream:track) refs/heads/master refs/remotes/master [0ms]
[2022-02-19T15:04:09.876Z] > git for-each-ref --sort -committerdate --format %(refname) %(objectname) %(*objectname) [3ms]
[2022-02-19T15:04:09.877Z] > git remote --verbose [1ms]
[2022-02-19T15:04:09.882Z] > git config --get commit.template [1ms]
[2022-02-19T15:04:09.980Z] > git fetch [129ms]
[2022-02-19T15:04:09.993Z] > git symbolic-ref --short HEAD [0ms]
[2022-02-19T15:04:09.998Z] > git for-each-ref --format=%(refname)%00%(upstream:short)%00%(objectname)%00%(upstream:track) refs/heads/master refs/remotes/master [1ms]
[2022-02-19T15:04:10.007Z] > git remote --verbose [1ms]
[2022-02-19T15:04:10.007Z] > git for-each-ref --sort -committerdate --format %(refname) %(objectname) %(*objectname) [5ms]
[2022-02-19T15:04:10.013Z] > git config --get commit.template [0ms]
[2022-02-19T15:04:10.257Z] > git fetch [402ms]
[2022-02-19T15:04:10.267Z] > git symbolic-ref --short HEAD [0ms]
[2022-02-19T15:04:10.271Z] > git for-each-ref --format=%(refname)%00%(upstream:short)%00%(objectname)%00%(upstream:track) refs/heads/bugfix refs/remotes/bugfix [1ms]
[2022-02-19T15:04:10.280Z] > git for-each-ref --sort -committerdate --format %(refname) %(objectname) %(*objectname) [5ms]
[2022-02-19T15:04:10.280Z] > git remote --verbose [0ms]
[2022-02-19T15:04:10.287Z] > git config --get commit.template [1ms]
[2022-02-19T15:04:10.826Z] > git ls-files --stage -- /media/archive2/Nextcloud_mininas/Projects/bots/user-bots/PageViewerBot/page_viewer.py [0ms]
[2022-02-19T15:04:10.831Z] > git cat-file -s bb5212976f437d81c71838c15612663cfae4684c [1ms]
[2022-02-19T15:04:11.323Z] > git symbolic-ref --short HEAD [0ms]
[2022-02-19T15:04:11.329Z] > git for-each-ref --format=%(refname)%00%(upstream:short)%00%(objectname)%00%(upstream:track) refs/heads/bugfix refs/remotes/bugfix [1ms]
[2022-02-19T15:04:11.338Z] > git for-each-ref --sort -committerdate --format %(refname) %(objectname) %(*objectname) [5ms]
[2022-02-19T15:04:11.338Z] > git remote --verbose [1ms]
[2022-02-19T15:04:11.344Z] > git config --get commit.template [1ms]
[2022-02-19T15:04:11.419Z] > git ls-files --stage -- /media/archive2/Nextcloud_mininas/Projects/bots/user-bots/PageViewerBot/page_viewer.py [1ms]
[2022-02-19T15:04:11.425Z] > git cat-file -s bb5212976f437d81c71838c15612663cfae4684c [1ms]
[2022-02-19T15:04:14.896Z] > git symbolic-ref --short HEAD [1ms]
[2022-02-19T15:04:14.902Z] > git for-each-ref --format=%(refname)%00%(upstream:short)%00%(objectname)%00%(upstream:track) refs/heads/master refs/remotes/master [1ms]
[2022-02-19T15:04:14.912Z] > git remote --verbose [1ms]
[2022-02-19T15:04:14.912Z] > git for-each-ref --sort -committerdate --format %(refname) %(objectname) %(*objectname) [5ms]
[2022-02-19T15:04:14.919Z] > git config --get commit.template [1ms]
[2022-02-19T15:05:39.128Z] > git symbolic-ref --short HEAD [1ms]
[2022-02-19T15:05:39.132Z] > git for-each-ref --format=%(refname)%00%(upstream:short)%00%(objectname)%00%(upstream:track) refs/heads/master refs/remotes/master [1ms]
[2022-02-19T15:05:39.141Z] > git for-each-ref --sort -committerdate --format %(refname) %(objectname) %(*objectname) [5ms]
[2022-02-19T15:05:39.142Z] > git remote --verbose [1ms]
[2022-02-19T15:05:39.147Z] > git config --get commit.template [1ms]
[2022-02-19T15:05:42.438Z] > git ls-files --stage -- /media/archive2/Nextcloud_mininas/Projects/bots/user-bots/PageViewerBot/requirements.txt [1ms]
[2022-02-19T15:05:42.443Z] > git cat-file -s 9f5640f223359e4c29e137f163a465e280af2444 [1ms]
[2022-02-19T15:05:44.162Z] > git symbolic-ref --short HEAD [0ms]
[2022-02-19T15:05:44.167Z] > git for-each-ref --format=%(refname)%00%(upstream:short)%00%(objectname)%00%(upstream:track) refs/heads/master refs/remotes/master [1ms]
[2022-02-19T15:05:44.177Z] > git remote --verbose [1ms]
[2022-02-19T15:05:44.177Z] > git for-each-ref --sort -committerdate --format %(refname) %(objectname) %(*objectname) [6ms]
[2022-02-19T15:05:44.183Z] > git config --get commit.template [1ms]
[2022-02-19T15:05:46.115Z] > git ls-files --stage -- /media/archive2/Nextcloud_mininas/Projects/bots/user-bots/PageViewerBot/page_viewer.py [1ms]
[2022-02-19T15:05:46.121Z] > git cat-file -s bb5212976f437d81c71838c15612663cfae4684c [1ms]
[2022-02-19T15:05:52.524Z] > git symbolic-ref --short HEAD [0ms]
[2022-02-19T15:05:52.530Z] > git for-each-ref --format=%(refname)%00%(upstream:short)%00%(objectname)%00%(upstream:track) refs/heads/master refs/remotes/master [1ms]
[2022-02-19T15:05:52.540Z] > git remote --verbose [1ms]
[2022-02-19T15:05:52.540Z] > git for-each-ref --sort -committerdate --format %(refname) %(objectname) %(*objectname) [5ms]
[2022-02-19T15:05:52.547Z] > git config --get commit.template [1ms]
[2022-02-19T15:07:06.567Z] > git symbolic-ref --short HEAD [1ms]
[2022-02-19T15:07:06.572Z] > git for-each-ref --format=%(refname)%00%(upstream:short)%00%(objectname)%00%(upstream:track) refs/heads/master refs/remotes/master [1ms]
[2022-02-19T15:07:06.580Z] > git for-each-ref --sort -committerdate --format %(refname) %(objectname) %(*objectname) [3ms]
[2022-02-19T15:07:06.581Z] > git remote --verbose [1ms]
[2022-02-19T15:07:06.586Z] > git config --get commit.template [1ms]
[2022-02-19T15:07:11.009Z] > git fetch [146ms]
[2022-02-19T15:07:11.023Z] > git symbolic-ref --short HEAD [1ms]
[2022-02-19T15:07:11.028Z] > git for-each-ref --format=%(refname)%00%(upstream:short)%00%(objectname)%00%(upstream:track) refs/heads/master refs/remotes/master [0ms]
[2022-02-19T15:07:11.038Z] > git for-each-ref --sort -committerdate --format %(refname) %(objectname) %(*objectname) [5ms]
[2022-02-19T15:07:11.039Z] > git remote --verbose [1ms]
[2022-02-19T15:07:11.046Z] > git config --get commit.template [1ms]
[2022-02-19T15:07:11.260Z] > git fetch [393ms]
[2022-02-19T15:07:11.273Z] > git symbolic-ref --short HEAD [1ms]
[2022-02-19T15:07:11.279Z] > git for-each-ref --format=%(refname)%00%(upstream:short)%00%(objectname)%00%(upstream:track) refs/heads/bugfix refs/remotes/bugfix [1ms]
[2022-02-19T15:07:11.288Z] > git remote --verbose [1ms]
[2022-02-19T15:07:11.288Z] > git for-each-ref --sort -committerdate --format %(refname) %(objectname) %(*objectname) [5ms]
[2022-02-19T15:07:11.294Z] > git config --get commit.template [0ms]
[2022-02-19T15:07:11.602Z] > git symbolic-ref --short HEAD [1ms]
[2022-02-19T15:07:11.608Z] > git for-each-ref --format=%(refname)%00%(upstream:short)%00%(objectname)%00%(upstream:track) refs/heads/master refs/remotes/master [1ms]
[2022-02-19T15:07:11.617Z] > git for-each-ref --sort -committerdate --format %(refname) %(objectname) %(*objectname) [5ms]
[2022-02-19T15:07:11.618Z] > git remote --verbose [1ms]
[2022-02-19T15:07:11.624Z] > git config --get commit.template [1ms]
[2022-02-19T15:07:12.140Z] > git ls-files --stage -- /media/archive2/Nextcloud_mininas/Projects/bots/user-bots/PageViewerBot/requirements.txt [1ms]
[2022-02-19T15:07:12.146Z] > git cat-file -s 9f5640f223359e4c29e137f163a465e280af2444 [1ms]
[2022-02-19T15:07:12.374Z] > git symbolic-ref --short HEAD [1ms]
[2022-02-19T15:07:12.380Z] > git for-each-ref --format=%(refname)%00%(upstream:short)%00%(objectname)%00%(upstream:track) refs/heads/bugfix refs/remotes/bugfix [2ms]
[2022-02-19T15:07:12.387Z] > git for-each-ref --sort -committerdate --format %(refname) %(objectname) %(*objectname) [3ms]
[2022-02-19T15:07:12.388Z] > git remote --verbose [1ms]
[2022-02-19T15:07:12.393Z] > git config --get commit.template [1ms]
[2022-02-19T15:07:12.701Z] > git ls-files --stage -- /media/archive2/Nextcloud_mininas/Projects/bots/user-bots/PageViewerBot/browser_manager.py [0ms]
[2022-02-19T15:07:12.706Z] > git cat-file -s 1e86fe5a581f5afa3ab7d0cba4567d21a6d59604 [0ms]
[2022-02-19T15:07:16.640Z] > git symbolic-ref --short HEAD [1ms]
[2022-02-19T15:07:16.645Z] > git for-each-ref --format=%(refname)%00%(upstream:short)%00%(objectname)%00%(upstream:track) refs/heads/master refs/remotes/master [1ms]
[2022-02-19T15:07:16.652Z] > git for-each-ref --sort -committerdate --format %(refname) %(objectname) %(*objectname) [3ms]
[2022-02-19T15:07:16.652Z] > git remote --verbose [1ms]
[2022-02-19T15:07:16.656Z] > git config --get commit.template [1ms]
[2022-02-19T15:07:27.254Z] > git symbolic-ref --short HEAD [1ms]
[2022-02-19T15:07:27.259Z] > git for-each-ref --format=%(refname)%00%(upstream:short)%00%(objectname)%00%(upstream:track) refs/heads/master refs/remotes/master [1ms]
[2022-02-19T15:07:27.268Z] > git for-each-ref --sort -committerdate --format %(refname) %(objectname) %(*objectname) [4ms]
[2022-02-19T15:07:27.268Z] > git remote --verbose [0ms]
[2022-02-19T15:07:27.273Z] > git config --get commit.template [1ms]
[2022-02-19T15:07:29.055Z] > git ls-files --stage -- /media/archive2/Nextcloud_mininas/Projects/bots/user-bots/PageViewerBot/page_viewer.py [1ms]
[2022-02-19T15:07:29.060Z] > git cat-file -s bb5212976f437d81c71838c15612663cfae4684c [0ms]
[2022-02-19T15:07:32.287Z] > git symbolic-ref --short HEAD [1ms]
[2022-02-19T15:07:32.293Z] > git for-each-ref --format=%(refname)%00%(upstream:short)%00%(objectname)%00%(upstream:track) refs/heads/master refs/remotes/master [1ms]
[2022-02-19T15:07:32.303Z] > git for-each-ref --sort -committerdate --format %(refname) %(objectname) %(*objectname) [5ms]
[2022-02-19T15:07:32.303Z] > git remote --verbose [1ms]
[2022-02-19T15:07:32.309Z] > git config --get commit.template [1ms]
[2022-02-19T15:07:59.222Z] > git symbolic-ref --short HEAD [1ms]
[2022-02-19T15:07:59.226Z] > git for-each-ref --format=%(refname)%00%(upstream:short)%00%(objectname)%00%(upstream:track) refs/heads/master refs/remotes/master [0ms]
[2022-02-19T15:07:59.237Z] > git for-each-ref --sort -committerdate --format %(refname) %(objectname) %(*objectname) [6ms]
[2022-02-19T15:07:59.237Z] > git remote --verbose [1ms]
[2022-02-19T15:07:59.243Z] > git config --get commit.template [1ms]
[2022-02-19T15:08:13.552Z] > git symbolic-ref --short HEAD [0ms]
[2022-02-19T15:08:13.558Z] > git for-each-ref --format=%(refname)%00%(upstream:short)%00%(objectname)%00%(upstream:track) refs/heads/master refs/remotes/master [1ms]
[2022-02-19T15:08:13.568Z] > git remote --verbose [1ms]
[2022-02-19T15:08:13.568Z] > git for-each-ref --sort -committerdate --format %(refname) %(objectname) %(*objectname) [5ms]
[2022-02-19T15:08:13.575Z] > git config --get commit.template [1ms]
[2022-02-19T15:09:42.546Z] > git symbolic-ref --short HEAD [0ms]
[2022-02-19T15:09:42.550Z] > git for-each-ref --format=%(refname)%00%(upstream:short)%00%(objectname)%00%(upstream:track) refs/heads/master refs/remotes/master [1ms]
[2022-02-19T15:09:42.554Z] > git for-each-ref --sort -committerdate --format %(refname) %(objectname) %(*objectname) [3ms]
[2022-02-19T15:09:42.555Z] > git remote --verbose [1ms]
[2022-02-19T15:09:42.559Z] > git config --get commit.template [0ms]
[2022-02-19T15:10:14.324Z] > git symbolic-ref --short HEAD [0ms]
[2022-02-19T15:10:14.329Z] > git for-each-ref --format=%(refname)%00%(upstream:short)%00%(objectname)%00%(upstream:track) refs/heads/master refs/remotes/master [1ms]
[2022-02-19T15:10:14.338Z] > git remote --verbose [1ms]
[2022-02-19T15:10:14.338Z] > git for-each-ref --sort -committerdate --format %(refname) %(objectname) %(*objectname) [5ms]
[2022-02-19T15:10:14.343Z] > git config --get commit.template [0ms]
[2022-02-19T15:10:14.415Z] > git fetch [106ms]
[2022-02-19T15:10:14.427Z] > git symbolic-ref --short HEAD [1ms]
[2022-02-19T15:10:14.431Z] > git for-each-ref --format=%(refname)%00%(upstream:short)%00%(objectname)%00%(upstream:track) refs/heads/master refs/remotes/master [1ms]
[2022-02-19T15:10:14.438Z] > git for-each-ref --sort -committerdate --format %(refname) %(objectname) %(*objectname) [4ms]
[2022-02-19T15:10:14.438Z] > git remote --verbose [1ms]
[2022-02-19T15:10:14.442Z] > git config --get commit.template [1ms]
[2022-02-19T15:10:14.733Z] > git fetch [420ms]
[2022-02-19T15:10:14.745Z] > git symbolic-ref --short HEAD [1ms]
[2022-02-19T15:10:14.749Z] > git for-each-ref --format=%(refname)%00%(upstream:short)%00%(objectname)%00%(upstream:track) refs/heads/bugfix refs/remotes/bugfix [1ms]
[2022-02-19T15:10:14.756Z] > git for-each-ref --sort -committerdate --format %(refname) %(objectname) %(*objectname) [4ms]
[2022-02-19T15:10:14.757Z] > git remote --verbose [1ms]
[2022-02-19T15:10:14.763Z] > git config --get commit.template [1ms]
[2022-02-19T15:10:15.796Z] > git symbolic-ref --short HEAD [1ms]
[2022-02-19T15:10:15.801Z] > git for-each-ref --format=%(refname)%00%(upstream:short)%00%(objectname)%00%(upstream:track) refs/heads/bugfix refs/remotes/bugfix [1ms]
[2022-02-19T15:10:15.811Z] > git remote --verbose [1ms]
[2022-02-19T15:10:15.811Z] > git for-each-ref --sort -committerdate --format %(refname) %(objectname) %(*objectname) [5ms]
[2022-02-19T15:10:15.817Z] > git config --get commit.template [1ms]
[2022-02-19T15:10:15.894Z] > git ls-files --stage -- /media/archive2/Nextcloud_mininas/Projects/bots/user-bots/PageViewerBot/page_viewer.py [1ms]
[2022-02-19T15:10:15.898Z] > git cat-file -s bb5212976f437d81c71838c15612663cfae4684c [1ms]
[2022-02-19T15:10:19.358Z] > git symbolic-ref --short HEAD [1ms]
[2022-02-19T15:10:19.363Z] > git for-each-ref --format=%(refname)%00%(upstream:short)%00%(objectname)%00%(upstream:track) refs/heads/master refs/remotes/master [1ms]
[2022-02-19T15:10:19.373Z] > git remote --verbose [1ms]
[2022-02-19T15:10:19.373Z] > git for-each-ref --sort -committerdate --format %(refname) %(objectname) %(*objectname) [5ms]
[2022-02-19T15:10:19.380Z] > git config --get commit.template [1ms]
[2022-02-19T15:10:19.763Z] > git log --format=%H%n%aN%n%aE%n%at%n%ct%n%P%n%B -z -n21 -- /media/archive2/Nextcloud_mininas/Projects/bots/user-bots/PageViewerBot/page_viewer.py [165ms]
[2022-02-19T15:10:47.328Z] > git symbolic-ref --short HEAD [0ms]
[2022-02-19T15:10:47.332Z] > git for-each-ref --format=%(refname)%00%(upstream:short)%00%(objectname)%00%(upstream:track) refs/heads/master refs/remotes/master [0ms]
[2022-02-19T15:10:47.342Z] > git remote --verbose [1ms]
[2022-02-19T15:10:47.342Z] > git for-each-ref --sort -committerdate --format %(refname) %(objectname) %(*objectname) [5ms]
[2022-02-19T15:10:47.348Z] > git config --get commit.template [1ms]
[2022-02-19T15:10:56.774Z] > git symbolic-ref --short HEAD [1ms]
[2022-02-19T15:10:56.779Z] > git for-each-ref --format=%(refname)%00%(upstream:short)%00%(objectname)%00%(upstream:track) refs/heads/master refs/remotes/master [1ms]
[2022-02-19T15:10:56.788Z] > git remote --verbose [1ms]
[2022-02-19T15:10:56.788Z] > git for-each-ref --sort -committerdate --format %(refname) %(objectname) %(*objectname) [5ms]
[2022-02-19T15:10:56.794Z] > git config --get commit.template [1ms]
[2022-02-19T15:11:08.180Z] > git symbolic-ref --short HEAD [0ms]
[2022-02-19T15:11:08.184Z] > git for-each-ref --format=%(refname)%00%(upstream:short)%00%(objectname)%00%(upstream:track) refs/heads/master refs/remotes/master [0ms]
[2022-02-19T15:11:08.193Z] > git for-each-ref --sort -committerdate --format %(refname) %(objectname) %(*objectname) [5ms]
[2022-02-19T15:11:08.194Z] > git remote --verbose [1ms]
[2022-02-19T15:11:08.199Z] > git config --get commit.template [1ms]
[2022-02-19T15:11:41.380Z] > git symbolic-ref --short HEAD [1ms]
[2022-02-19T15:11:41.384Z] > git for-each-ref --format=%(refname)%00%(upstream:short)%00%(objectname)%00%(upstream:track) refs/heads/master refs/remotes/master [1ms]
[2022-02-19T15:11:41.392Z] > git for-each-ref --sort -committerdate --format %(refname) %(objectname) %(*objectname) [4ms]
[2022-02-19T15:11:41.393Z] > git remote --verbose [1ms]
[2022-02-19T15:11:41.398Z] > git config --get commit.template [1ms]
[2022-02-19T15:11:46.410Z] > git symbolic-ref --short HEAD [0ms]
[2022-02-19T15:11:46.415Z] > git for-each-ref --format=%(refname)%00%(upstream:short)%00%(objectname)%00%(upstream:track) refs/heads/master refs/remotes/master [1ms]
[2022-02-19T15:11:46.423Z] > git for-each-ref --sort -committerdate --format %(refname) %(objectname) %(*objectname) [5ms]
[2022-02-19T15:11:46.423Z] > git remote --verbose [1ms]
[2022-02-19T15:11:46.429Z] > git config --get commit.template [1ms]
[2022-02-19T15:12:11.918Z] > git symbolic-ref --short HEAD [0ms]
[2022-02-19T15:12:11.923Z] > git for-each-ref --format=%(refname)%00%(upstream:short)%00%(objectname)%00%(upstream:track) refs/heads/master refs/remotes/master [0ms]
[2022-02-19T15:12:11.933Z] > git remote --verbose [1ms]
[2022-02-19T15:12:11.933Z] > git for-each-ref --sort -committerdate --format %(refname) %(objectname) %(*objectname) [5ms]
[2022-02-19T15:12:11.940Z] > git config --get commit.template [0ms]
[2022-02-19T15:12:20.649Z] > git symbolic-ref --short HEAD [0ms]
[2022-02-19T15:12:20.653Z] > git for-each-ref --format=%(refname)%00%(upstream:short)%00%(objectname)%00%(upstream:track) refs/heads/master refs/remotes/master [0ms]
[2022-02-19T15:12:20.661Z] > git for-each-ref --sort -committerdate --format %(refname) %(objectname) %(*objectname) [4ms]
[2022-02-19T15:12:20.661Z] > git remote --verbose [0ms]
[2022-02-19T15:12:20.665Z] > git config --get commit.template [0ms]
[2022-02-19T15:12:25.681Z] > git symbolic-ref --short HEAD [1ms]
[2022-02-19T15:12:25.685Z] > git for-each-ref --format=%(refname)%00%(upstream:short)%00%(objectname)%00%(upstream:track) refs/heads/master refs/remotes/master [1ms]
[2022-02-19T15:12:25.694Z] > git remote --verbose [0ms]
[2022-02-19T15:12:25.694Z] > git for-each-ref --sort -committerdate --format %(refname) %(objectname) %(*objectname) [5ms]
[2022-02-19T15:12:25.701Z] > git config --get commit.template [1ms]
[2022-02-19T15:13:36.218Z] > git symbolic-ref --short HEAD [1ms]
[2022-02-19T15:13:36.221Z] > git for-each-ref --format=%(refname)%00%(upstream:short)%00%(objectname)%00%(upstream:track) refs/heads/master refs/remotes/master [1ms]
[2022-02-19T15:13:36.225Z] > git for-each-ref --sort -committerdate --format %(refname) %(objectname) %(*objectname) [2ms]
[2022-02-19T15:13:36.225Z] > git remote --verbose [0ms]
[2022-02-19T15:13:36.230Z] > git config --get commit.template [1ms]
[2022-02-19T15:13:36.332Z] > git fetch [129ms]
[2022-02-19T15:13:36.342Z] > git symbolic-ref --short HEAD [0ms]
[2022-02-19T15:13:36.345Z] > git for-each-ref --format=%(refname)%00%(upstream:short)%00%(objectname)%00%(upstream:track) refs/heads/master refs/remotes/master [0ms]
[2022-02-19T15:13:36.353Z] > git remote --verbose [1ms]
[2022-02-19T15:13:36.353Z] > git for-each-ref --sort -committerdate --format %(refname) %(objectname) %(*objectname) [4ms]
[2022-02-19T15:13:36.360Z] > git config --get commit.template [1ms]
[2022-02-19T15:13:36.614Z] > git fetch [407ms]
[2022-02-19T15:13:36.626Z] > git symbolic-ref --short HEAD [1ms]
[2022-02-19T15:13:36.632Z] > git for-each-ref --format=%(refname)%00%(upstream:short)%00%(objectname)%00%(upstream:track) refs/heads/bugfix refs/remotes/bugfix [1ms]
[2022-02-19T15:13:36.641Z] > git for-each-ref --sort -committerdate --format %(refname) %(objectname) %(*objectname) [4ms]
[2022-02-19T15:13:36.641Z] > git remote --verbose [0ms]
[2022-02-19T15:13:36.647Z] > git config --get commit.template [1ms]
[2022-02-19T15:13:37.677Z] > git symbolic-ref --short HEAD [0ms]
[2022-02-19T15:13:37.683Z] > git for-each-ref --format=%(refname)%00%(upstream:short)%00%(objectname)%00%(upstream:track) refs/heads/bugfix refs/remotes/bugfix [1ms]
[2022-02-19T15:13:37.691Z] > git for-each-ref --sort -committerdate --format %(refname) %(objectname) %(*objectname) [5ms]
[2022-02-19T15:13:37.691Z] > git remote --verbose [1ms]
[2022-02-19T15:13:37.698Z] > git config --get commit.template [1ms]
[2022-02-19T15:13:37.776Z] > git ls-files --stage -- /media/archive2/Nextcloud_mininas/Projects/bots/user-bots/PageViewerBot/page_viewer.py [0ms]
[2022-02-19T15:13:37.782Z] > git cat-file -s bb5212976f437d81c71838c15612663cfae4684c [1ms]
[2022-02-19T15:13:51.425Z] > git symbolic-ref --short HEAD [0ms]
[2022-02-19T15:13:51.429Z] > git for-each-ref --format=%(refname)%00%(upstream:short)%00%(objectname)%00%(upstream:track) refs/heads/master refs/remotes/master [0ms]
[2022-02-19T15:13:51.434Z] > git for-each-ref --sort -committerdate --format %(refname) %(objectname) %(*objectname) [2ms]
[2022-02-19T15:13:51.435Z] > git remote --verbose [1ms]
[2022-02-19T15:13:51.437Z] > git config --get commit.template [0ms]
[2022-02-19T15:14:00.387Z] > git symbolic-ref --short HEAD [1ms]
[2022-02-19T15:14:00.392Z] > git for-each-ref --format=%(refname)%00%(upstream:short)%00%(objectname)%00%(upstream:track) refs/heads/master refs/remotes/master [1ms]
[2022-02-19T15:14:00.400Z] > git for-each-ref --sort -committerdate --format %(refname) %(objectname) %(*objectname) [4ms]
[2022-02-19T15:14:00.400Z] > git remote --verbose [0ms]
[2022-02-19T15:14:00.405Z] > git config --get commit.template [1ms]
[2022-02-19T15:14:15.954Z] > git symbolic-ref --short HEAD [0ms]
[2022-02-19T15:14:15.959Z] > git for-each-ref --format=%(refname)%00%(upstream:short)%00%(objectname)%00%(upstream:track) refs/heads/master refs/remotes/master [1ms]
[2022-02-19T15:14:15.971Z] > git for-each-ref --sort -committerdate --format %(refname) %(objectname) %(*objectname) [6ms]
[2022-02-19T15:14:15.971Z] > git remote --verbose [1ms]
[2022-02-19T15:14:15.979Z] > git config --get commit.template [2ms]
[2022-02-19T15:14:56.405Z] > git symbolic-ref --short HEAD [0ms]
[2022-02-19T15:14:56.410Z] > git for-each-ref --format=%(refname)%00%(upstream:short)%00%(objectname)%00%(upstream:track) refs/heads/master refs/remotes/master [0ms]
[2022-02-19T15:14:56.420Z] > git for-each-ref --sort -committerdate --format %(refname) %(objectname) %(*objectname) [5ms]
[2022-02-19T15:14:56.420Z] > git remote --verbose [1ms]
[2022-02-19T15:14:56.426Z] > git config --get commit.template [1ms]
[2022-02-19T17:25:59.740Z] > git symbolic-ref --short HEAD [1ms]
[2022-02-19T17:25:59.746Z] > git for-each-ref --format=%(refname)%00%(upstream:short)%00%(objectname)%00%(upstream:track) refs/heads/master refs/remotes/master [1ms]
[2022-02-19T17:25:59.755Z] > git remote --verbose [0ms]
[2022-02-19T17:25:59.766Z] > git for-each-ref --sort -committerdate --format %(refname) %(objectname) %(*objectname) [16ms]
[2022-02-19T17:25:59.778Z] > git config --get commit.template [1ms]
[2022-02-19T17:25:59.869Z] > git fetch [517ms]
[2022-02-19T17:25:59.883Z] > git symbolic-ref --short HEAD [1ms]
[2022-02-19T17:25:59.888Z] > git for-each-ref --format=%(refname)%00%(upstream:short)%00%(objectname)%00%(upstream:track) refs/heads/master refs/remotes/master [0ms]
[2022-02-19T17:25:59.897Z] > git remote --verbose [0ms]
[2022-02-19T17:25:59.897Z] > git for-each-ref --sort -committerdate --format %(refname) %(objectname) %(*objectname) [4ms]
[2022-02-19T17:25:59.903Z] > git config --get commit.template [0ms]
[2022-02-19T17:26:00.040Z] > git fetch [683ms]
[2022-02-19T17:26:00.050Z] > git symbolic-ref --short HEAD [0ms]
[2022-02-19T17:26:00.055Z] > git for-each-ref --format=%(refname)%00%(upstream:short)%00%(objectname)%00%(upstream:track) refs/heads/bugfix refs/remotes/bugfix [0ms]
[2022-02-19T17:26:00.064Z] > git for-each-ref --sort -committerdate --format %(refname) %(objectname) %(*objectname) [5ms]
[2022-02-19T17:26:00.064Z] > git remote --verbose [0ms]
[2022-02-19T17:26:00.071Z] > git config --get commit.template [2ms]
[2022-02-19T17:26:01.105Z] > git symbolic-ref --short HEAD [1ms]
[2022-02-19T17:26:01.110Z] > git for-each-ref --format=%(refname)%00%(upstream:short)%00%(objectname)%00%(upstream:track) refs/heads/bugfix refs/remotes/bugfix [1ms]
[2022-02-19T17:26:01.120Z] > git for-each-ref --sort -committerdate --format %(refname) %(objectname) %(*objectname) [4ms]
[2022-02-19T17:26:01.120Z] > git remote --verbose [0ms]
[2022-02-19T17:26:01.127Z] > git config --get commit.template [1ms]
[2022-02-19T17:26:01.200Z] > git ls-files --stage -- /media/archive2/Nextcloud_mininas/Projects/bots/user-bots/PageViewerBot/page_viewer.py [0ms]
[2022-02-19T17:26:01.205Z] > git cat-file -s bb5212976f437d81c71838c15612663cfae4684c [0ms]
[2022-02-19T17:26:28.667Z] > git symbolic-ref --short HEAD [1ms]
[2022-02-19T17:26:28.672Z] > git for-each-ref --format=%(refname)%00%(upstream:short)%00%(objectname)%00%(upstream:track) refs/heads/master refs/remotes/master [1ms]
[2022-02-19T17:26:28.681Z] > git for-each-ref --sort -committerdate --format %(refname) %(objectname) %(*objectname) [4ms]
[2022-02-19T17:26:28.681Z] > git remote --verbose [0ms]
[2022-02-19T17:26:28.687Z] > git config --get commit.template [1ms]
[2022-02-19T17:31:33.719Z] > git symbolic-ref --short HEAD [0ms]
[2022-02-19T17:31:33.723Z] > git for-each-ref --format=%(refname)%00%(upstream:short)%00%(objectname)%00%(upstream:track) refs/heads/master refs/remotes/master [0ms]
[2022-02-19T17:31:33.730Z] > git for-each-ref --sort -committerdate --format %(refname) %(objectname) %(*objectname) [3ms]
[2022-02-19T17:31:33.730Z] > git remote --verbose [1ms]
[2022-02-19T17:31:33.735Z] > git config --get commit.template [0ms]
[2022-02-19T17:31:33.844Z] > git fetch [138ms]
[2022-02-19T17:31:33.858Z] > git symbolic-ref --short HEAD [0ms]
[2022-02-19T17:31:33.863Z] > git for-each-ref --format=%(refname)%00%(upstream:short)%00%(objectname)%00%(upstream:track) refs/heads/master refs/remotes/master [1ms]
[2022-02-19T17:31:33.873Z] > git for-each-ref --sort -committerdate --format %(refname) %(objectname) %(*objectname) [6ms]
[2022-02-19T17:31:33.873Z] > git remote --verbose [1ms]
[2022-02-19T17:31:33.878Z] > git config --get commit.template [0ms]
[2022-02-19T17:31:34.090Z] > git fetch [380ms]
[2022-02-19T17:31:34.102Z] > git symbolic-ref --short HEAD [1ms]
[2022-02-19T17:31:34.108Z] > git for-each-ref --format=%(refname)%00%(upstream:short)%00%(objectname)%00%(upstream:track) refs/heads/bugfix refs/remotes/bugfix [1ms]
[2022-02-19T17:31:34.116Z] > git for-each-ref --sort -committerdate --format %(refname) %(objectname) %(*objectname) [4ms]
[2022-02-19T17:31:34.117Z] > git remote --verbose [1ms]
[2022-02-19T17:31:34.122Z] > git config --get commit.template [0ms]
[2022-02-19T17:31:40.098Z] > git symbolic-ref --short HEAD [4ms]
[2022-02-19T17:31:40.102Z] > git symbolic-ref --short HEAD [4ms]
[2022-02-19T17:31:40.107Z] > git for-each-ref --format=%(refname)%00%(upstream:short)%00%(objectname)%00%(upstream:track) refs/heads/bugfix refs/remotes/bugfix [5ms]
[2022-02-19T17:31:40.115Z] > git for-each-ref --sort -committerdate --format %(refname) %(objectname) %(*objectname) [5ms]
[2022-02-19T17:31:40.115Z] > git for-each-ref --format=%(refname)%00%(upstream:short)%00%(objectname)%00%(upstream:track) refs/heads/master refs/remotes/master [8ms]
[2022-02-19T17:31:40.124Z] > git for-each-ref --sort -committerdate --format %(refname) %(objectname) %(*objectname) [5ms]
[2022-02-19T17:31:40.124Z] > git remote --verbose [9ms]
[2022-02-19T17:31:40.129Z] > git remote --verbose [5ms]
[2022-02-19T17:31:40.134Z] > git config --get commit.template [5ms]
[2022-02-19T17:31:40.134Z] > git ls-files --stage -- /media/archive2/Nextcloud_mininas/Projects/bots/user-bots/PageViewerBot/page_viewer.py [1ms]
[2022-02-19T17:31:40.142Z] > git cat-file -s bb5212976f437d81c71838c15612663cfae4684c [4ms]
[2022-02-19T17:31:40.142Z] > git config --get commit.template [1ms]
[2022-02-19T17:32:00.156Z] > git symbolic-ref --short HEAD [1ms]
[2022-02-19T17:32:00.160Z] > git for-each-ref --format=%(refname)%00%(upstream:short)%00%(objectname)%00%(upstream:track) refs/heads/master refs/remotes/master [1ms]
[2022-02-19T17:32:00.165Z] > git for-each-ref --sort -committerdate --format %(refname) %(objectname) %(*objectname) [2ms]
[2022-02-19T17:32:00.166Z] > git remote --verbose [1ms]
[2022-02-19T17:32:00.172Z] > git config --get commit.template [1ms]
[2022-02-19T17:33:06.641Z] > git symbolic-ref --short HEAD [1ms]
[2022-02-19T17:33:06.646Z] > git for-each-ref --format=%(refname)%00%(upstream:short)%00%(objectname)%00%(upstream:track) refs/heads/master refs/remotes/master [0ms]
[2022-02-19T17:33:06.655Z] > git for-each-ref --sort -committerdate --format %(refname) %(objectname) %(*objectname) [4ms]
[2022-02-19T17:33:06.655Z] > git remote --verbose [0ms]
[2022-02-19T17:33:06.661Z] > git config --get commit.template [0ms]
[2022-02-19T17:33:07.869Z] > git ls-files --stage -- /media/archive2/Nextcloud_mininas/Projects/bots/user-bots/PageViewerBot/requirements.txt [1ms]
[2022-02-19T17:33:07.884Z] > git cat-file -s 9f5640f223359e4c29e137f163a465e280af2444 [8ms]
[2022-02-19T17:33:08.223Z] > git ls-files --stage -- /media/archive2/Nextcloud_mininas/Projects/bots/user-bots/PageViewerBot/browser_manager.py [1ms]
[2022-02-19T17:33:08.227Z] > git cat-file -s 1e86fe5a581f5afa3ab7d0cba4567d21a6d59604 [0ms]
[2022-02-19T17:33:11.676Z] > git symbolic-ref --short HEAD [1ms]
[2022-02-19T17:33:11.681Z] > git for-each-ref --format=%(refname)%00%(upstream:short)%00%(objectname)%00%(upstream:track) refs/heads/master refs/remotes/master [1ms]
[2022-02-19T17:33:11.689Z] > git for-each-ref --sort -committerdate --format %(refname) %(objectname) %(*objectname) [4ms]
[2022-02-19T17:33:11.689Z] > git remote --verbose [1ms]
[2022-02-19T17:33:11.696Z] > git config --get commit.template [2ms]
[2022-02-19T17:33:16.712Z] > git symbolic-ref --short HEAD [2ms]
[2022-02-19T17:33:16.716Z] > git for-each-ref --format=%(refname)%00%(upstream:short)%00%(objectname)%00%(upstream:track) refs/heads/master refs/remotes/master [1ms]
[2022-02-19T17:33:16.727Z] > git for-each-ref --sort -committerdate --format %(refname) %(objectname) %(*objectname) [5ms]
[2022-02-19T17:33:16.728Z] > git remote --verbose [2ms]
[2022-02-19T17:33:16.733Z] > git config --get commit.template [1ms]
[2022-02-19T17:33:21.750Z] > git symbolic-ref --short HEAD [1ms]
[2022-02-19T17:33:21.755Z] > git for-each-ref --format=%(refname)%00%(upstream:short)%00%(objectname)%00%(upstream:track) refs/heads/master refs/remotes/master [0ms]
[2022-02-19T17:33:21.762Z] > git for-each-ref --sort -committerdate --format %(refname) %(objectname) %(*objectname) [4ms]
[2022-02-19T17:33:21.762Z] > git remote --verbose [0ms]
[2022-02-19T17:33:21.769Z] > git config --get commit.template [1ms]
[2022-02-19T17:33:32.249Z] > git symbolic-ref --short HEAD [0ms]
[2022-02-19T17:33:32.255Z] > git for-each-ref --format=%(refname)%00%(upstream:short)%00%(objectname)%00%(upstream:track) refs/heads/master refs/remotes/master [1ms]
[2022-02-19T17:33:32.264Z] > git for-each-ref --sort -committerdate --format %(refname) %(objectname) %(*objectname) [5ms]
[2022-02-19T17:33:32.264Z] > git remote --verbose [0ms]
[2022-02-19T17:33:32.270Z] > git config --get commit.template [0ms]
[2022-02-19T17:33:37.284Z] > git symbolic-ref --short HEAD [1ms]
[2022-02-19T17:33:37.289Z] > git for-each-ref --format=%(refname)%00%(upstream:short)%00%(objectname)%00%(upstream:track) refs/heads/master refs/remotes/master [1ms]
[2022-02-19T17:33:37.298Z] > git for-each-ref --sort -committerdate --format %(refname) %(objectname) %(*objectname) [5ms]
[2022-02-19T17:33:37.298Z] > git remote --verbose [0ms]
[2022-02-19T17:33:37.304Z] > git config --get commit.template [1ms]
[2022-02-19T17:34:28.180Z] > git symbolic-ref --short HEAD [1ms]
[2022-02-19T17:34:28.185Z] > git for-each-ref --format=%(refname)%00%(upstream:short)%00%(objectname)%00%(upstream:track) refs/heads/master refs/remotes/master [0ms]
[2022-02-19T17:34:28.194Z] > git for-each-ref --sort -committerdate --format %(refname) %(objectname) %(*objectname) [4ms]
[2022-02-19T17:34:28.194Z] > git remote --verbose [1ms]
[2022-02-19T17:34:28.200Z] > git config --get commit.template [1ms]
[2022-02-19T17:34:50.953Z] > git symbolic-ref --short HEAD [0ms]
[2022-02-19T17:34:50.958Z] > git for-each-ref --format=%(refname)%00%(upstream:short)%00%(objectname)%00%(upstream:track) refs/heads/master refs/remotes/master [1ms]
[2022-02-19T17:34:50.965Z] > git for-each-ref --sort -committerdate --format %(refname) %(objectname) %(*objectname) [4ms]
[2022-02-19T17:34:50.965Z] > git remote --verbose [0ms]
[2022-02-19T17:34:50.970Z] > git config --get commit.template [1ms]
[2022-02-19T17:34:51.058Z] > git fetch [123ms]
[2022-02-19T17:34:51.072Z] > git symbolic-ref --short HEAD [1ms]
[2022-02-19T17:34:51.076Z] > git for-each-ref --format=%(refname)%00%(upstream:short)%00%(objectname)%00%(upstream:track) refs/heads/master refs/remotes/master [1ms]
[2022-02-19T17:34:51.084Z] > git for-each-ref --sort -committerdate --format %(refname) %(objectname) %(*objectname) [4ms]
[2022-02-19T17:34:51.084Z] > git remote --verbose [1ms]
[2022-02-19T17:34:51.087Z] > git config --get commit.template [0ms]
[2022-02-19T17:34:51.311Z] > git fetch [371ms]
[2022-02-19T17:34:51.322Z] > git symbolic-ref --short HEAD [1ms]
[2022-02-19T17:34:51.328Z] > git for-each-ref --format=%(refname)%00%(upstream:short)%00%(objectname)%00%(upstream:track) refs/heads/bugfix refs/remotes/bugfix [1ms]
[2022-02-19T17:34:51.336Z] > git for-each-ref --sort -committerdate --format %(refname) %(objectname) %(*objectname) [4ms]
[2022-02-19T17:34:51.336Z] > git remote --verbose [0ms]
[2022-02-19T17:34:51.342Z] > git config --get commit.template [0ms]
[2022-02-19T17:34:51.551Z] > git ls-files --stage -- /media/archive2/Nextcloud_mininas/Projects/bots/user-bots/PageViewerBot/page_viewer.py [0ms]
[2022-02-19T17:34:51.554Z] > git cat-file -s bb5212976f437d81c71838c15612663cfae4684c [1ms]
[2022-02-19T17:34:52.374Z] > git symbolic-ref --short HEAD [2ms]
[2022-02-19T17:34:52.378Z] > git for-each-ref --format=%(refname)%00%(upstream:short)%00%(objectname)%00%(upstream:track) refs/heads/bugfix refs/remotes/bugfix [1ms]
[2022-02-19T17:34:52.385Z] > git for-each-ref --sort -committerdate --format %(refname) %(objectname) %(*objectname) [4ms]
[2022-02-19T17:34:52.385Z] > git remote --verbose [1ms]
[2022-02-19T17:34:52.389Z] > git config --get commit.template [1ms]
[2022-02-19T17:34:52.471Z] > git ls-files --stage -- /media/archive2/Nextcloud_mininas/Projects/bots/user-bots/PageViewerBot/page_viewer.py [1ms]
[2022-02-19T17:34:52.475Z] > git cat-file -s bb5212976f437d81c71838c15612663cfae4684c [1ms]
[2022-02-19T17:37:06.522Z] > git symbolic-ref --short HEAD [1ms]
[2022-02-19T17:37:06.526Z] > git for-each-ref --format=%(refname)%00%(upstream:short)%00%(objectname)%00%(upstream:track) refs/heads/master refs/remotes/master [1ms]
[2022-02-19T17:37:06.530Z] > git for-each-ref --sort -committerdate --format %(refname) %(objectname) %(*objectname) [2ms]
[2022-02-19T17:37:06.531Z] > git remote --verbose [1ms]
[2022-02-19T17:37:06.534Z] > git config --get commit.template [0ms]
[2022-02-19T17:37:06.850Z] > git ls-files --stage -- /media/archive2/Nextcloud_mininas/Projects/bots/user-bots/PageViewerBot/browser_manager.py [1ms]
[2022-02-19T17:37:06.855Z] > git cat-file -s 1e86fe5a581f5afa3ab7d0cba4567d21a6d59604 [1ms]
[2022-02-19T17:37:11.548Z] > git symbolic-ref --short HEAD [0ms]
[2022-02-19T17:37:11.554Z] > git for-each-ref --format=%(refname)%00%(upstream:short)%00%(objectname)%00%(upstream:track) refs/heads/master refs/remotes/master [1ms]
[2022-02-19T17:37:11.563Z] > git for-each-ref --sort -committerdate --format %(refname) %(objectname) %(*objectname) [5ms]
[2022-02-19T17:37:11.563Z] > git remote --verbose [1ms]
[2022-02-19T17:37:11.568Z] > git config --get commit.template [1ms]
[2022-02-19T17:37:51.247Z] > git fetch [154ms]
[2022-02-19T17:37:51.260Z] > git symbolic-ref --short HEAD [1ms]
[2022-02-19T17:37:51.265Z] > git for-each-ref --format=%(refname)%00%(upstream:short)%00%(objectname)%00%(upstream:track) refs/heads/master refs/remotes/master [1ms]
[2022-02-19T17:37:51.274Z] > git for-each-ref --sort -committerdate --format %(refname) %(objectname) %(*objectname) [5ms]
[2022-02-19T17:37:51.275Z] > git remote --verbose [1ms]
[2022-02-19T17:37:51.280Z] > git config --get commit.template [0ms]
[2022-02-19T17:37:51.754Z] > git fetch [406ms]
[2022-02-19T17:37:51.764Z] > git symbolic-ref --short HEAD [1ms]
[2022-02-19T17:37:51.768Z] > git for-each-ref --format=%(refname)%00%(upstream:short)%00%(objectname)%00%(upstream:track) refs/heads/bugfix refs/remotes/bugfix [0ms]
[2022-02-19T17:37:51.778Z] > git for-each-ref --sort -committerdate --format %(refname) %(objectname) %(*objectname) [6ms]
[2022-02-19T17:37:51.778Z] > git remote --verbose [1ms]
[2022-02-19T17:37:51.784Z] > git config --get commit.template [0ms]
[2022-02-19T17:37:52.313Z] > git symbolic-ref --short HEAD [1ms]
[2022-02-19T17:37:52.318Z] > git for-each-ref --format=%(refname)%00%(upstream:short)%00%(objectname)%00%(upstream:track) refs/heads/master refs/remotes/master [0ms]
[2022-02-19T17:37:52.327Z] > git for-each-ref --sort -committerdate --format %(refname) %(objectname) %(*objectname) [5ms]
[2022-02-19T17:37:52.327Z] > git remote --verbose [1ms]
[2022-02-19T17:37:52.333Z] > git config --get commit.template [0ms]
[2022-02-19T17:37:52.816Z] > git symbolic-ref --short HEAD [1ms]
[2022-02-19T17:37:52.820Z] > git for-each-ref --format=%(refname)%00%(upstream:short)%00%(objectname)%00%(upstream:track) refs/heads/bugfix refs/remotes/bugfix [0ms]
[2022-02-19T17:37:52.830Z] > git remote --verbose [1ms]
[2022-02-19T17:37:52.830Z] > git for-each-ref --sort -committerdate --format %(refname) %(objectname) %(*objectname) [5ms]
[2022-02-19T17:37:52.836Z] > git config --get commit.template [1ms]
[2022-02-19T17:37:52.914Z] > git ls-files --stage -- /media/archive2/Nextcloud_mininas/Projects/bots/user-bots/PageViewerBot/browser_manager.py [1ms]
[2022-02-19T17:37:52.919Z] > git cat-file -s 1e86fe5a581f5afa3ab7d0cba4567d21a6d59604 [1ms]
[2022-02-19T17:39:51.152Z] > git symbolic-ref --short HEAD [1ms]
[2022-02-19T17:39:51.157Z] > git for-each-ref --format=%(refname)%00%(upstream:short)%00%(objectname)%00%(upstream:track) refs/heads/master refs/remotes/master [1ms]
[2022-02-19T17:39:51.166Z] > git remote --verbose [1ms]
[2022-02-19T17:39:51.166Z] > git for-each-ref --sort -committerdate --format %(refname) %(objectname) %(*objectname) [5ms]
[2022-02-19T17:39:51.173Z] > git config --get commit.template [1ms]
[2022-02-19T17:39:56.188Z] > git symbolic-ref --short HEAD [2ms]
[2022-02-19T17:39:56.192Z] > git for-each-ref --format=%(refname)%00%(upstream:short)%00%(objectname)%00%(upstream:track) refs/heads/master refs/remotes/master [0ms]
[2022-02-19T17:39:56.201Z] > git remote --verbose [0ms]
[2022-02-19T17:39:56.201Z] > git for-each-ref --sort -committerdate --format %(refname) %(objectname) %(*objectname) [4ms]
[2022-02-19T17:39:56.208Z] > git config --get commit.template [1ms]
[2022-02-19T17:40:07.985Z] > git symbolic-ref --short HEAD [0ms]
[2022-02-19T17:40:07.991Z] > git for-each-ref --format=%(refname)%00%(upstream:short)%00%(objectname)%00%(upstream:track) refs/heads/master refs/remotes/master [1ms]
[2022-02-19T17:40:08.000Z] > git for-each-ref --sort -committerdate --format %(refname) %(objectname) %(*objectname) [4ms]
[2022-02-19T17:40:08.000Z] > git remote --verbose [0ms]
[2022-02-19T17:40:08.007Z] > git config --get commit.template [1ms]
[2022-02-19T17:40:13.020Z] > git symbolic-ref --short HEAD [0ms]
[2022-02-19T17:40:13.024Z] > git for-each-ref --format=%(refname)%00%(upstream:short)%00%(objectname)%00%(upstream:track) refs/heads/master refs/remotes/master [0ms]
[2022-02-19T17:40:13.032Z] > git for-each-ref --sort -committerdate --format %(refname) %(objectname) %(*objectname) [4ms]
[2022-02-19T17:40:13.032Z] > git remote --verbose [1ms]
[2022-02-19T17:40:13.036Z] > git config --get commit.template [0ms]
[2022-02-19T17:41:40.873Z] > git symbolic-ref --short HEAD [0ms]
[2022-02-19T17:41:40.876Z] > git for-each-ref --format=%(refname)%00%(upstream:short)%00%(objectname)%00%(upstream:track) refs/heads/master refs/remotes/master [0ms]
[2022-02-19T17:41:40.884Z] > git for-each-ref --sort -committerdate --format %(refname) %(objectname) %(*objectname) [4ms]
[2022-02-19T17:41:40.884Z] > git remote --verbose [0ms]
[2022-02-19T17:41:40.889Z] > git config --get commit.template [1ms]
[2022-02-19T17:41:40.973Z] > git fetch [115ms]
[2022-02-19T17:41:40.988Z] > git symbolic-ref --short HEAD [3ms]
[2022-02-19T17:41:40.993Z] > git for-each-ref --format=%(refname)%00%(upstream:short)%00%(objectname)%00%(upstream:track) refs/heads/master refs/remotes/master [1ms]
[2022-02-19T17:41:41.004Z] > git remote --verbose [1ms]
[2022-02-19T17:41:41.004Z] > git for-each-ref --sort -committerdate --format %(refname) %(objectname) %(*objectname) [6ms]
[2022-02-19T17:41:41.011Z] > git config --get commit.template [1ms]
[2022-02-19T17:41:41.263Z] > git fetch [400ms]
[2022-02-19T17:41:41.274Z] > git symbolic-ref --short HEAD [1ms]
[2022-02-19T17:41:41.279Z] > git for-each-ref --format=%(refname)%00%(upstream:short)%00%(objectname)%00%(upstream:track) refs/heads/bugfix refs/remotes/bugfix [1ms]
[2022-02-19T17:41:41.288Z] > git for-each-ref --sort -committerdate --format %(refname) %(objectname) %(*objectname) [4ms]
[2022-02-19T17:41:41.288Z] > git remote --verbose [0ms]
[2022-02-19T17:41:41.295Z] > git config --get commit.template [1ms]
[2022-02-19T17:41:42.326Z] > git symbolic-ref --short HEAD [1ms]
[2022-02-19T17:41:42.331Z] > git for-each-ref --format=%(refname)%00%(upstream:short)%00%(objectname)%00%(upstream:track) refs/heads/bugfix refs/remotes/bugfix [0ms]
[2022-02-19T17:41:42.340Z] > git for-each-ref --sort -committerdate --format %(refname) %(objectname) %(*objectname) [4ms]
[2022-02-19T17:41:42.340Z] > git remote --verbose [0ms]
[2022-02-19T17:41:42.346Z] > git config --get commit.template [1ms]
[2022-02-19T17:41:42.422Z] > git ls-files --stage -- /media/archive2/Nextcloud_mininas/Projects/bots/user-bots/PageViewerBot/browser_manager.py [0ms]
[2022-02-19T17:41:42.427Z] > git cat-file -s 1e86fe5a581f5afa3ab7d0cba4567d21a6d59604 [1ms]
[2022-02-19T17:41:45.903Z] > git symbolic-ref --short HEAD [0ms]
[2022-02-19T17:41:45.908Z] > git for-each-ref --format=%(refname)%00%(upstream:short)%00%(objectname)%00%(upstream:track) refs/heads/master refs/remotes/master [1ms]
[2022-02-19T17:41:45.917Z] > git remote --verbose [1ms]
[2022-02-19T17:41:45.917Z] > git for-each-ref --sort -committerdate --format %(refname) %(objectname) %(*objectname) [5ms]
[2022-02-19T17:41:45.923Z] > git config --get commit.template [0ms]
[2022-02-19T17:42:48.701Z] > git symbolic-ref --short HEAD [0ms]
[2022-02-19T17:42:48.706Z] > git for-each-ref --format=%(refname)%00%(upstream:short)%00%(objectname)%00%(upstream:track) refs/heads/master refs/remotes/master [1ms]
[2022-02-19T17:42:48.714Z] > git for-each-ref --sort -committerdate --format %(refname) %(objectname) %(*objectname) [4ms]
[2022-02-19T17:42:48.715Z] > git remote --verbose [1ms]
[2022-02-19T17:42:48.721Z] > git config --get commit.template [1ms]
[2022-02-19T17:42:53.736Z] > git symbolic-ref --short HEAD [0ms]
[2022-02-19T17:42:53.741Z] > git for-each-ref --format=%(refname)%00%(upstream:short)%00%(objectname)%00%(upstream:track) refs/heads/master refs/remotes/master [1ms]
[2022-02-19T17:42:53.750Z] > git for-each-ref --sort -committerdate --format %(refname) %(objectname) %(*objectname) [5ms]
[2022-02-19T17:42:53.750Z] > git remote --verbose [1ms]
[2022-02-19T17:42:53.757Z] > git config --get commit.template [1ms]
[2022-02-19T17:43:30.609Z] > git symbolic-ref --short HEAD [1ms]
[2022-02-19T17:43:30.614Z] > git for-each-ref --format=%(refname)%00%(upstream:short)%00%(objectname)%00%(upstream:track) refs/heads/master refs/remotes/master [1ms]
[2022-02-19T17:43:30.621Z] > git for-each-ref --sort -committerdate --format %(refname) %(objectname) %(*objectname) [4ms]
[2022-02-19T17:43:30.622Z] > git remote --verbose [1ms]
[2022-02-19T17:43:30.628Z] > git config --get commit.template [1ms]
[2022-02-19T17:44:49.245Z] > git symbolic-ref --short HEAD [1ms]
[2022-02-19T17:44:49.248Z] > git for-each-ref --format=%(refname)%00%(upstream:short)%00%(objectname)%00%(upstream:track) refs/heads/master refs/remotes/master [0ms]
[2022-02-19T17:44:49.255Z] > git for-each-ref --sort -committerdate --format %(refname) %(objectname) %(*objectname) [3ms]
[2022-02-19T17:44:49.255Z] > git remote --verbose [0ms]
[2022-02-19T17:44:49.261Z] > git config --get commit.template [1ms]
[2022-02-19T17:44:49.371Z] > git fetch [141ms]
[2022-02-19T17:44:49.384Z] > git symbolic-ref --short HEAD [1ms]
[2022-02-19T17:44:49.389Z] > git for-each-ref --format=%(refname)%00%(upstream:short)%00%(objectname)%00%(upstream:track) refs/heads/master refs/remotes/master [1ms]
[2022-02-19T17:44:49.398Z] > git for-each-ref --sort -committerdate --format %(refname) %(objectname) %(*objectname) [5ms]
[2022-02-19T17:44:49.398Z] > git remote --verbose [1ms]
[2022-02-19T17:44:49.404Z] > git config --get commit.template [1ms]
[2022-02-19T17:44:49.615Z] > git fetch [382ms]
[2022-02-19T17:44:49.625Z] > git symbolic-ref --short HEAD [0ms]
[2022-02-19T17:44:49.630Z] > git for-each-ref --format=%(refname)%00%(upstream:short)%00%(objectname)%00%(upstream:track) refs/heads/bugfix refs/remotes/bugfix [1ms]
[2022-02-19T17:44:49.638Z] > git for-each-ref --sort -committerdate --format %(refname) %(objectname) %(*objectname) [4ms]
[2022-02-19T17:44:49.638Z] > git remote --verbose [0ms]
[2022-02-19T17:44:49.645Z] > git config --get commit.template [1ms]
[2022-02-19T17:44:50.730Z] > git symbolic-ref --short HEAD [1ms]
[2022-02-19T17:44:50.736Z] > git for-each-ref --format=%(refname)%00%(upstream:short)%00%(objectname)%00%(upstream:track) refs/heads/bugfix refs/remotes/bugfix [1ms]
[2022-02-19T17:44:50.744Z] > git for-each-ref --sort -committerdate --format %(refname) %(objectname) %(*objectname) [4ms]
[2022-02-19T17:44:50.745Z] > git remote --verbose [0ms]
[2022-02-19T17:44:50.749Z] > git config --get commit.template [0ms]
[2022-02-19T17:44:50.826Z] > git ls-files --stage -- /media/archive2/Nextcloud_mininas/Projects/bots/user-bots/PageViewerBot/browser_manager.py [1ms]
[2022-02-19T17:44:50.830Z] > git cat-file -s 1e86fe5a581f5afa3ab7d0cba4567d21a6d59604 [0ms]
[2022-02-19T17:44:54.273Z] > git symbolic-ref --short HEAD [0ms]
[2022-02-19T17:44:54.279Z] > git for-each-ref --format=%(refname)%00%(upstream:short)%00%(objectname)%00%(upstream:track) refs/heads/master refs/remotes/master [0ms]
[2022-02-19T17:44:54.288Z] > git for-each-ref --sort -committerdate --format %(refname) %(objectname) %(*objectname) [5ms]
[2022-02-19T17:44:54.288Z] > git remote --verbose [1ms]
[2022-02-19T17:44:54.294Z] > git config --get commit.template [1ms]
[2022-02-19T17:45:11.913Z] > git symbolic-ref --short HEAD [1ms]
[2022-02-19T17:45:11.918Z] > git for-each-ref --format=%(refname)%00%(upstream:short)%00%(objectname)%00%(upstream:track) refs/heads/master refs/remotes/master [1ms]
[2022-02-19T17:45:11.927Z] > git for-each-ref --sort -committerdate --format %(refname) %(objectname) %(*objectname) [5ms]
[2022-02-19T17:45:11.927Z] > git remote --verbose [1ms]
[2022-02-19T17:45:11.934Z] > git config --get commit.template [1ms]
[2022-02-19T17:53:46.435Z] > git symbolic-ref --short HEAD [1ms]
[2022-02-19T17:53:46.441Z] > git for-each-ref --format=%(refname)%00%(upstream:short)%00%(objectname)%00%(upstream:track) refs/heads/master refs/remotes/master [1ms]
[2022-02-19T17:53:46.452Z] > git for-each-ref --sort -committerdate --format %(refname) %(objectname) %(*objectname) [6ms]
[2022-02-19T17:53:46.452Z] > git remote --verbose [1ms]
[2022-02-19T17:53:46.458Z] > git config --get commit.template [1ms]
[2022-02-19T17:53:46.554Z] > git fetch [130ms]
[2022-02-19T17:53:46.565Z] > git symbolic-ref --short HEAD [1ms]
[2022-02-19T17:53:46.571Z] > git for-each-ref --format=%(refname)%00%(upstream:short)%00%(objectname)%00%(upstream:track) refs/heads/master refs/remotes/master [1ms]
[2022-02-19T17:53:46.581Z] > git for-each-ref --sort -committerdate --format %(refname) %(objectname) %(*objectname) [5ms]
[2022-02-19T17:53:46.582Z] > git remote --verbose [1ms]
[2022-02-19T17:53:46.588Z] > git config --get commit.template [1ms]
[2022-02-19T17:53:47.715Z] > git ls-files --stage -- /media/archive2/Nextcloud_mininas/Projects/bots/user-bots/PageViewerBot/browser_manager.py [1ms]
[2022-02-19T17:53:47.721Z] > git cat-file -s 1e86fe5a581f5afa3ab7d0cba4567d21a6d59604 [0ms]
[2022-02-19T17:53:51.468Z] > git symbolic-ref --short HEAD [0ms]
[2022-02-19T17:53:51.473Z] > git for-each-ref --format=%(refname)%00%(upstream:short)%00%(objectname)%00%(upstream:track) refs/heads/master refs/remotes/master [1ms]
[2022-02-19T17:53:51.483Z] > git for-each-ref --sort -committerdate --format %(refname) %(objectname) %(*objectname) [5ms]
[2022-02-19T17:53:51.484Z] > git remote --verbose [1ms]
[2022-02-19T17:53:51.489Z] > git config --get commit.template [1ms]
[2022-02-19T17:53:56.497Z] > git symbolic-ref --short HEAD [0ms]
[2022-02-19T17:53:56.503Z] > git for-each-ref --format=%(refname)%00%(upstream:short)%00%(objectname)%00%(upstream:track) refs/heads/master refs/remotes/master [1ms]
[2022-02-19T17:53:56.510Z] > git for-each-ref --sort -committerdate --format %(refname) %(objectname) %(*objectname) [3ms]
[2022-02-19T17:53:56.510Z] > git remote --verbose [1ms]
[2022-02-19T17:53:56.516Z] > git config --get commit.template [1ms]
[2022-02-19T17:54:01.529Z] > git symbolic-ref --short HEAD [0ms]
[2022-02-19T17:54:01.535Z] > git for-each-ref --format=%(refname)%00%(upstream:short)%00%(objectname)%00%(upstream:track) refs/heads/master refs/remotes/master [1ms]
[2022-02-19T17:54:01.541Z] > git for-each-ref --sort -committerdate --format %(refname) %(objectname) %(*objectname) [3ms]
[2022-02-19T17:54:01.541Z] > git remote --verbose [0ms]
[2022-02-19T17:54:01.546Z] > git config --get commit.template [0ms]
[2022-02-19T17:54:06.558Z] > git symbolic-ref --short HEAD [1ms]
[2022-02-19T17:54:06.563Z] > git for-each-ref --format=%(refname)%00%(upstream:short)%00%(objectname)%00%(upstream:track) refs/heads/master refs/remotes/master [1ms]
[2022-02-19T17:54:06.573Z] > git for-each-ref --sort -committerdate --format %(refname) %(objectname) %(*objectname) [6ms]
[2022-02-19T17:54:06.573Z] > git remote --verbose [1ms]
[2022-02-19T17:54:06.579Z] > git config --get commit.template [0ms]
[2022-02-19T17:54:11.593Z] > git symbolic-ref --short HEAD [0ms]
[2022-02-19T17:54:11.600Z] > git for-each-ref --format=%(refname)%00%(upstream:short)%00%(objectname)%00%(upstream:track) refs/heads/master refs/remotes/master [2ms]
[2022-02-19T17:54:11.611Z] > git for-each-ref --sort -committerdate --format %(refname) %(objectname) %(*objectname) [5ms]
[2022-02-19T17:54:11.612Z] > git remote --verbose [1ms]
[2022-02-19T17:54:11.620Z] > git config --get commit.template [1ms]
[2022-02-19T17:54:16.636Z] > git symbolic-ref --short HEAD [1ms]
[2022-02-19T17:54:16.641Z] > git for-each-ref --format=%(refname)%00%(upstream:short)%00%(objectname)%00%(upstream:track) refs/heads/master refs/remotes/master [1ms]
[2022-02-19T17:54:16.652Z] > git remote --verbose [1ms]
[2022-02-19T17:54:16.652Z] > git for-each-ref --sort -committerdate --format %(refname) %(objectname) %(*objectname) [7ms]
[2022-02-19T17:54:16.659Z] > git config --get commit.template [1ms]
[2022-02-19T17:54:21.669Z] > git symbolic-ref --short HEAD [0ms]
[2022-02-19T17:54:21.674Z] > git for-each-ref --format=%(refname)%00%(upstream:short)%00%(objectname)%00%(upstream:track) refs/heads/master refs/remotes/master [1ms]
[2022-02-19T17:54:21.682Z] > git for-each-ref --sort -committerdate --format %(refname) %(objectname) %(*objectname) [4ms]
[2022-02-19T17:54:21.682Z] > git remote --verbose [1ms]
[2022-02-19T17:54:21.687Z] > git config --get commit.template [0ms]
[2022-02-19T17:54:38.559Z] > git symbolic-ref --short HEAD [1ms]
[2022-02-19T17:54:38.564Z] > git for-each-ref --format=%(refname)%00%(upstream:short)%00%(objectname)%00%(upstream:track) refs/heads/master refs/remotes/master [1ms]
[2022-02-19T17:54:38.572Z] > git for-each-ref --sort -committerdate --format %(refname) %(objectname) %(*objectname) [5ms]
[2022-02-19T17:54:38.572Z] > git remote --verbose [1ms]
[2022-02-19T17:54:38.578Z] > git config --get commit.template [1ms]
[2022-02-19T17:54:43.590Z] > git symbolic-ref --short HEAD [1ms]
[2022-02-19T17:54:43.596Z] > git for-each-ref --format=%(refname)%00%(upstream:short)%00%(objectname)%00%(upstream:track) refs/heads/master refs/remotes/master [0ms]
[2022-02-19T17:54:43.606Z] > git for-each-ref --sort -committerdate --format %(refname) %(objectname) %(*objectname) [5ms]
[2022-02-19T17:54:43.606Z] > git remote --verbose [1ms]
[2022-02-19T17:54:43.611Z] > git config --get commit.template [0ms]
[2022-02-19T17:54:48.881Z] > git symbolic-ref --short HEAD [1ms]
[2022-02-19T17:54:48.886Z] > git for-each-ref --format=%(refname)%00%(upstream:short)%00%(objectname)%00%(upstream:track) refs/heads/master refs/remotes/master [0ms]
[2022-02-19T17:54:48.896Z] > git for-each-ref --sort -committerdate --format %(refname) %(objectname) %(*objectname) [5ms]
[2022-02-19T17:54:48.896Z] > git remote --verbose [1ms]
[2022-02-19T17:54:48.903Z] > git config --get commit.template [1ms]
[2022-02-19T17:54:53.913Z] > git symbolic-ref --short HEAD [1ms]
[2022-02-19T17:54:53.918Z] > git for-each-ref --format=%(refname)%00%(upstream:short)%00%(objectname)%00%(upstream:track) refs/heads/master refs/remotes/master [1ms]
[2022-02-19T17:54:53.924Z] > git for-each-ref --sort -committerdate --format %(refname) %(objectname) %(*objectname) [3ms]
[2022-02-19T17:54:53.924Z] > git remote --verbose [1ms]
[2022-02-19T17:54:53.930Z] > git config --get commit.template [1ms]
[2022-02-19T17:54:58.943Z] > git symbolic-ref --short HEAD [0ms]
[2022-02-19T17:54:58.948Z] > git for-each-ref --format=%(refname)%00%(upstream:short)%00%(objectname)%00%(upstream:track) refs/heads/master refs/remotes/master [1ms]
[2022-02-19T17:54:58.957Z] > git for-each-ref --sort -committerdate --format %(refname) %(objectname) %(*objectname) [4ms]
[2022-02-19T17:54:58.958Z] > git remote --verbose [1ms]
[2022-02-19T17:54:58.964Z] > git config --get commit.template [1ms]
[2022-02-19T17:55:03.977Z] > git symbolic-ref --short HEAD [1ms]
[2022-02-19T17:55:03.982Z] > git for-each-ref --format=%(refname)%00%(upstream:short)%00%(objectname)%00%(upstream:track) refs/heads/master refs/remotes/master [0ms]
[2022-02-19T17:55:03.991Z] > git for-each-ref --sort -committerdate --format %(refname) %(objectname) %(*objectname) [5ms]
[2022-02-19T17:55:03.991Z] > git remote --verbose [0ms]
[2022-02-19T17:55:03.997Z] > git config --get commit.template [1ms]
[2022-02-19T17:55:09.006Z] > git symbolic-ref --short HEAD [1ms]
[2022-02-19T17:55:09.009Z] > git for-each-ref --format=%(refname)%00%(upstream:short)%00%(objectname)%00%(upstream:track) refs/heads/master refs/remotes/master [1ms]
[2022-02-19T17:55:09.016Z] > git for-each-ref --sort -committerdate --format %(refname) %(objectname) %(*objectname) [3ms]
[2022-02-19T17:55:09.017Z] > git remote --verbose [1ms]
[2022-02-19T17:55:09.021Z] > git config --get commit.template [0ms]
[2022-02-19T17:55:14.035Z] > git symbolic-ref --short HEAD [1ms]
[2022-02-19T17:55:14.040Z] > git for-each-ref --format=%(refname)%00%(upstream:short)%00%(objectname)%00%(upstream:track) refs/heads/master refs/remotes/master [1ms]
[2022-02-19T17:55:14.048Z] > git for-each-ref --sort -committerdate --format %(refname) %(objectname) %(*objectname) [4ms]
[2022-02-19T17:55:14.048Z] > git remote --verbose [0ms]
[2022-02-19T17:55:14.054Z] > git config --get commit.template [1ms]
[2022-02-19T17:55:19.067Z] > git symbolic-ref --short HEAD [0ms]
[2022-02-19T17:55:19.072Z] > git for-each-ref --format=%(refname)%00%(upstream:short)%00%(objectname)%00%(upstream:track) refs/heads/master refs/remotes/master [1ms]
[2022-02-19T17:55:19.081Z] > git for-each-ref --sort -committerdate --format %(refname) %(objectname) %(*objectname) [5ms]
[2022-02-19T17:55:19.081Z] > git remote --verbose [1ms]
[2022-02-19T17:55:19.087Z] > git config --get commit.template [1ms]
[2022-02-19T17:55:24.101Z] > git symbolic-ref --short HEAD [1ms]
[2022-02-19T17:55:24.107Z] > git for-each-ref --format=%(refname)%00%(upstream:short)%00%(objectname)%00%(upstream:track) refs/heads/master refs/remotes/master [1ms]
[2022-02-19T17:55:24.116Z] > git for-each-ref --sort -committerdate --format %(refname) %(objectname) %(*objectname) [3ms]
[2022-02-19T17:55:24.117Z] > git remote --verbose [1ms]
[2022-02-19T17:55:24.122Z] > git config --get commit.template [1ms]
[2022-02-19T17:55:36.470Z] > git symbolic-ref --short HEAD [1ms]
[2022-02-19T17:55:36.475Z] > git for-each-ref --format=%(refname)%00%(upstream:short)%00%(objectname)%00%(upstream:track) refs/heads/master refs/remotes/master [1ms]
[2022-02-19T17:55:36.482Z] > git for-each-ref --sort -committerdate --format %(refname) %(objectname) %(*objectname) [4ms]
[2022-02-19T17:55:36.482Z] > git remote --verbose [1ms]
[2022-02-19T17:55:36.486Z] > git config --get commit.template [0ms]
[2022-02-19T17:55:41.507Z] > git symbolic-ref --short HEAD [1ms]
[2022-02-19T17:55:41.512Z] > git for-each-ref --format=%(refname)%00%(upstream:short)%00%(objectname)%00%(upstream:track) refs/heads/master refs/remotes/master [1ms]
[2022-02-19T17:55:41.531Z] > git remote --verbose [1ms]
[2022-02-19T17:55:41.532Z] > git for-each-ref --sort -committerdate --format %(refname) %(objectname) %(*objectname) [9ms]
[2022-02-19T17:55:41.541Z] > git config --get commit.template [1ms]
[2022-02-19T17:56:17.418Z] > git symbolic-ref --short HEAD [0ms]
[2022-02-19T17:56:17.423Z] > git for-each-ref --format=%(refname)%00%(upstream:short)%00%(objectname)%00%(upstream:track) refs/heads/master refs/remotes/master [0ms]
[2022-02-19T17:56:17.432Z] > git for-each-ref --sort -committerdate --format %(refname) %(objectname) %(*objectname) [5ms]
[2022-02-19T17:56:17.432Z] > git remote --verbose [0ms]
[2022-02-19T17:56:17.439Z] > git config --get commit.template [0ms]
[2022-02-19T17:56:22.453Z] > git symbolic-ref --short HEAD [1ms]
[2022-02-19T17:56:22.460Z] > git for-each-ref --format=%(refname)%00%(upstream:short)%00%(objectname)%00%(upstream:track) refs/heads/master refs/remotes/master [1ms]
[2022-02-19T17:56:22.471Z] > git for-each-ref --sort -committerdate --format %(refname) %(objectname) %(*objectname) [6ms]
[2022-02-19T17:56:22.471Z] > git remote --verbose [1ms]
[2022-02-19T17:56:22.478Z] > git config --get commit.template [0ms]
[2022-02-19T17:57:08.514Z] > git symbolic-ref --short HEAD [0ms]
[2022-02-19T17:57:08.518Z] > git for-each-ref --format=%(refname)%00%(upstream:short)%00%(objectname)%00%(upstream:track) refs/heads/master refs/remotes/master [1ms]
[2022-02-19T17:57:08.523Z] > git for-each-ref --sort -committerdate --format %(refname) %(objectname) %(*objectname) [2ms]
[2022-02-19T17:57:08.524Z] > git remote --verbose [1ms]
[2022-02-19T17:57:08.527Z] > git config --get commit.template [1ms]
[2022-02-19T17:57:08.672Z] > git fetch [167ms]
[2022-02-19T17:57:08.684Z] > git symbolic-ref --short HEAD [1ms]
[2022-02-19T17:57:08.689Z] > git for-each-ref --format=%(refname)%00%(upstream:short)%00%(objectname)%00%(upstream:track) refs/heads/master refs/remotes/master [1ms]
[2022-02-19T17:57:08.697Z] > git for-each-ref --sort -committerdate --format %(refname) %(objectname) %(*objectname) [4ms]
[2022-02-19T17:57:08.698Z] > git remote --verbose [1ms]
[2022-02-19T17:57:08.702Z] > git config --get commit.template [1ms]
[2022-02-19T17:57:09.879Z] > git ls-files --stage -- /media/archive2/Nextcloud_mininas/Projects/bots/user-bots/PageViewerBot/browser_manager.py [1ms]
[2022-02-19T17:57:09.884Z] > git cat-file -s 1e86fe5a581f5afa3ab7d0cba4567d21a6d59604 [1ms]
[2022-02-19T17:57:13.539Z] > git symbolic-ref --short HEAD [1ms]
[2022-02-19T17:57:13.543Z] > git for-each-ref --format=%(refname)%00%(upstream:short)%00%(objectname)%00%(upstream:track) refs/heads/master refs/remotes/master [0ms]
[2022-02-19T17:57:13.552Z] > git for-each-ref --sort -committerdate --format %(refname) %(objectname) %(*objectname) [5ms]
[2022-02-19T17:57:13.552Z] > git remote --verbose [0ms]
[2022-02-19T17:57:13.559Z] > git config --get commit.template [0ms]
[2022-02-19T17:57:25.225Z] > git symbolic-ref --short HEAD [1ms]
[2022-02-19T17:57:25.231Z] > git for-each-ref --format=%(refname)%00%(upstream:short)%00%(objectname)%00%(upstream:track) refs/heads/master refs/remotes/master [1ms]
[2022-02-19T17:57:25.241Z] > git for-each-ref --sort -committerdate --format %(refname) %(objectname) %(*objectname) [5ms]
[2022-02-19T17:57:25.241Z] > git remote --verbose [1ms]
[2022-02-19T17:57:25.248Z] > git config --get commit.template [1ms]
[2022-02-19T17:57:57.284Z] > git symbolic-ref --short HEAD [1ms]
[2022-02-19T17:57:57.289Z] > git for-each-ref --format=%(refname)%00%(upstream:short)%00%(objectname)%00%(upstream:track) refs/heads/master refs/remotes/master [1ms]
[2022-02-19T17:57:57.297Z] > git for-each-ref --sort -committerdate --format %(refname) %(objectname) %(*objectname) [4ms]
[2022-02-19T17:57:57.297Z] > git remote --verbose [0ms]
[2022-02-19T17:57:57.304Z] > git config --get commit.template [1ms]
[2022-02-19T17:58:02.316Z] > git symbolic-ref --short HEAD [0ms]
[2022-02-19T17:58:02.322Z] > git for-each-ref --format=%(refname)%00%(upstream:short)%00%(objectname)%00%(upstream:track) refs/heads/master refs/remotes/master [1ms]
[2022-02-19T17:58:02.332Z] > git for-each-ref --sort -committerdate --format %(refname) %(objectname) %(*objectname) [5ms]
[2022-02-19T17:58:02.333Z] > git remote --verbose [1ms]
[2022-02-19T17:58:02.339Z] > git config --get commit.template [1ms]
[2022-02-19T17:59:03.837Z] > git symbolic-ref --short HEAD [1ms]
[2022-02-19T17:59:03.842Z] > git for-each-ref --format=%(refname)%00%(upstream:short)%00%(objectname)%00%(upstream:track) refs/heads/master refs/remotes/master [1ms]
[2022-02-19T17:59:03.850Z] > git for-each-ref --sort -committerdate --format %(refname) %(objectname) %(*objectname) [5ms]
[2022-02-19T17:59:03.850Z] > git remote --verbose [1ms]
[2022-02-19T17:59:03.854Z] > git config --get commit.template [0ms]
[2022-02-19T17:59:04.682Z] > git ls-files --stage -- /media/archive2/Nextcloud_mininas/Projects/bots/user-bots/PageViewerBot/page_viewer.py [1ms]
[2022-02-19T17:59:04.688Z] > git cat-file -s bb5212976f437d81c71838c15612663cfae4684c [1ms]
[2022-02-19T17:59:25.899Z] > git symbolic-ref --short HEAD [0ms]
[2022-02-19T17:59:25.902Z] > git for-each-ref --format=%(refname)%00%(upstream:short)%00%(objectname)%00%(upstream:track) refs/heads/master refs/remotes/master [1ms]
[2022-02-19T17:59:25.908Z] > git for-each-ref --sort -committerdate --format %(refname) %(objectname) %(*objectname) [3ms]
[2022-02-19T17:59:25.908Z] > git remote --verbose [1ms]
[2022-02-19T17:59:25.912Z] > git config --get commit.template [0ms]
[2022-02-19T17:59:30.924Z] > git symbolic-ref --short HEAD [1ms]
[2022-02-19T17:59:30.930Z] > git for-each-ref --format=%(refname)%00%(upstream:short)%00%(objectname)%00%(upstream:track) refs/heads/master refs/remotes/master [1ms]
[2022-02-19T17:59:30.939Z] > git for-each-ref --sort -committerdate --format %(refname) %(objectname) %(*objectname) [5ms]
[2022-02-19T17:59:30.939Z] > git remote --verbose [1ms]
[2022-02-19T17:59:30.945Z] > git config --get commit.template [0ms]
[2022-02-19T17:59:31.509Z] > git ls-files --stage -- /media/archive2/Nextcloud_mininas/Projects/bots/user-bots/PageViewerBot/browser_manager.py [1ms]
[2022-02-19T17:59:31.515Z] > git cat-file -s 1e86fe5a581f5afa3ab7d0cba4567d21a6d59604 [0ms]
[2022-02-19T17:59:39.112Z] > git symbolic-ref --short HEAD [1ms]
[2022-02-19T17:59:39.115Z] > git for-each-ref --format=%(refname)%00%(upstream:short)%00%(objectname)%00%(upstream:track) refs/heads/master refs/remotes/master [0ms]
[2022-02-19T17:59:39.124Z] > git for-each-ref --sort -committerdate --format %(refname) %(objectname) %(*objectname) [5ms]
[2022-02-19T17:59:39.125Z] > git remote --verbose [1ms]
[2022-02-19T17:59:39.131Z] > git config --get commit.template [1ms]
[2022-02-19T17:59:44.628Z] > git symbolic-ref --short HEAD [1ms]
[2022-02-19T17:59:44.630Z] > git for-each-ref --format=%(refname)%00%(upstream:short)%00%(objectname)%00%(upstream:track) refs/heads/master refs/remotes/master [0ms]
[2022-02-19T17:59:44.637Z] > git for-each-ref --sort -committerdate --format %(refname) %(objectname) %(*objectname) [3ms]
[2022-02-19T17:59:44.637Z] > git remote --verbose [1ms]
[2022-02-19T17:59:44.642Z] > git config --get commit.template [1ms]
[2022-02-19T17:59:44.961Z] > git ls-files --stage -- /media/archive2/Nextcloud_mininas/Projects/bots/user-bots/PageViewerBot/page_viewer.py [0ms]
[2022-02-19T17:59:44.965Z] > git cat-file -s bb5212976f437d81c71838c15612663cfae4684c [1ms]
[2022-02-19T17:59:49.652Z] > git symbolic-ref --short HEAD [0ms]
[2022-02-19T17:59:49.656Z] > git for-each-ref --format=%(refname)%00%(upstream:short)%00%(objectname)%00%(upstream:track) refs/heads/master refs/remotes/master [1ms]
[2022-02-19T17:59:49.661Z] > git for-each-ref --sort -committerdate --format %(refname) %(objectname) %(*objectname) [3ms]
[2022-02-19T17:59:49.662Z] > git remote --verbose [1ms]
[2022-02-19T17:59:49.668Z] > git config --get commit.template [1ms]
[2022-02-19T17:59:58.155Z] > git ls-files --stage -- /media/archive2/Nextcloud_mininas/Projects/bots/user-bots/PageViewerBot/browser_manager.py [1ms]
[2022-02-19T17:59:58.159Z] > git cat-file -s 1e86fe5a581f5afa3ab7d0cba4567d21a6d59604 [1ms]
[2022-02-19T18:00:04.545Z] > git ls-files --stage -- /media/archive2/Nextcloud_mininas/Projects/bots/user-bots/PageViewerBot/page_viewer.py [1ms]
[2022-02-19T18:00:04.549Z] > git cat-file -s bb5212976f437d81c71838c15612663cfae4684c [0ms]
[2022-02-19T18:00:23.994Z] > git symbolic-ref --short HEAD [1ms]
[2022-02-19T18:00:23.997Z] > git for-each-ref --format=%(refname)%00%(upstream:short)%00%(objectname)%00%(upstream:track) refs/heads/master refs/remotes/master [0ms]
[2022-02-19T18:00:24.001Z] > git for-each-ref --sort -committerdate --format %(refname) %(objectname) %(*objectname) [2ms]
[2022-02-19T18:00:24.002Z] > git remote --verbose [1ms]
[2022-02-19T18:00:24.005Z] > git config --get commit.template [1ms]
[2022-02-19T18:00:24.297Z] > git fetch [311ms]
[2022-02-19T18:00:24.306Z] > git symbolic-ref --short HEAD [1ms]
[2022-02-19T18:00:24.309Z] > git for-each-ref --format=%(refname)%00%(upstream:short)%00%(objectname)%00%(upstream:track) refs/heads/master refs/remotes/master [0ms]
[2022-02-19T18:00:24.319Z] > git for-each-ref --sort -committerdate --format %(refname) %(objectname) %(*objectname) [5ms]
[2022-02-19T18:00:24.319Z] > git remote --verbose [1ms]
[2022-02-19T18:00:24.331Z] > git config --get commit.template [7ms]
[2022-02-19T18:00:24.332Z] > git ls-files --stage -- /media/archive2/Nextcloud_mininas/Projects/bots/user-bots/PageViewerBot/browser_manager.py [1ms]
[2022-02-19T18:00:24.335Z] > git cat-file -s 1e86fe5a581f5afa3ab7d0cba4567d21a6d59604 [0ms]
[2022-02-19T18:00:25.473Z] > git ls-files --stage -- /media/archive2/Nextcloud_mininas/Projects/bots/user-bots/PageViewerBot/browser_manager.py [1ms]
[2022-02-19T18:00:25.478Z] > git cat-file -s 1e86fe5a581f5afa3ab7d0cba4567d21a6d59604 [1ms]
[2022-02-19T18:00:29.015Z] > git symbolic-ref --short HEAD [1ms]
[2022-02-19T18:00:29.021Z] > git for-each-ref --format=%(refname)%00%(upstream:short)%00%(objectname)%00%(upstream:track) refs/heads/master refs/remotes/master [1ms]
[2022-02-19T18:00:29.029Z] > git for-each-ref --sort -committerdate --format %(refname) %(objectname) %(*objectname) [4ms]
[2022-02-19T18:00:29.029Z] > git remote --verbose [1ms]
[2022-02-19T18:00:29.033Z] > git config --get commit.template [0ms]
[2022-02-19T18:00:34.046Z] > git symbolic-ref --short HEAD [1ms]
[2022-02-19T18:00:34.049Z] > git for-each-ref --format=%(refname)%00%(upstream:short)%00%(objectname)%00%(upstream:track) refs/heads/master refs/remotes/master [0ms]
[2022-02-19T18:00:34.056Z] > git for-each-ref --sort -committerdate --format %(refname) %(objectname) %(*objectname) [4ms]
[2022-02-19T18:00:34.057Z] > git remote --verbose [0ms]
[2022-02-19T18:00:34.062Z] > git config --get commit.template [1ms]
[2022-02-19T18:00:37.792Z] > git ls-files --stage -- /media/archive2/Nextcloud_mininas/Projects/bots/user-bots/PageViewerBot/page_viewer.py [0ms]
[2022-02-19T18:00:37.796Z] > git cat-file -s bb5212976f437d81c71838c15612663cfae4684c [1ms]
[2022-02-19T18:00:39.072Z] > git symbolic-ref --short HEAD [0ms]
[2022-02-19T18:00:39.077Z] > git for-each-ref --format=%(refname)%00%(upstream:short)%00%(objectname)%00%(upstream:track) refs/heads/master refs/remotes/master [1ms]
[2022-02-19T18:00:39.083Z] > git for-each-ref --sort -committerdate --format %(refname) %(objectname) %(*objectname) [3ms]
[2022-02-19T18:00:39.084Z] > git remote --verbose [1ms]
[2022-02-19T18:00:39.088Z] > git config --get commit.template [1ms]
[2022-02-19T18:01:08.928Z] > git symbolic-ref --short HEAD [0ms]
[2022-02-19T18:01:08.932Z] > git for-each-ref --format=%(refname)%00%(upstream:short)%00%(objectname)%00%(upstream:track) refs/heads/master refs/remotes/master [0ms]
[2022-02-19T18:01:08.939Z] > git for-each-ref --sort -committerdate --format %(refname) %(objectname) %(*objectname) [4ms]
[2022-02-19T18:01:08.939Z] > git remote --verbose [0ms]
[2022-02-19T18:01:08.944Z] > git config --get commit.template [1ms]
[2022-02-19T18:03:11.748Z] > git symbolic-ref --short HEAD [1ms]
[2022-02-19T18:03:11.753Z] > git for-each-ref --format=%(refname)%00%(upstream:short)%00%(objectname)%00%(upstream:track) refs/heads/master refs/remotes/master [1ms]
[2022-02-19T18:03:11.759Z] > git for-each-ref --sort -committerdate --format %(refname) %(objectname) %(*objectname) [3ms]
[2022-02-19T18:03:11.759Z] > git remote --verbose [1ms]
[2022-02-19T18:03:11.763Z] > git config --get commit.template [0ms]
[2022-02-19T18:03:14.699Z] > git ls-files --stage -- /media/archive2/Nextcloud_mininas/Projects/bots/user-bots/PageViewerBot/browser_manager.py [2ms]
[2022-02-19T18:03:14.704Z] > git cat-file -s 1e86fe5a581f5afa3ab7d0cba4567d21a6d59604 [1ms]
[2022-02-19T18:03:16.774Z] > git symbolic-ref --short HEAD [1ms]
[2022-02-19T18:03:16.779Z] > git for-each-ref --format=%(refname)%00%(upstream:short)%00%(objectname)%00%(upstream:track) refs/heads/master refs/remotes/master [0ms]
[2022-02-19T18:03:16.789Z] > git for-each-ref --sort -committerdate --format %(refname) %(objectname) %(*objectname) [5ms]
[2022-02-19T18:03:16.789Z] > git remote --verbose [0ms]
[2022-02-19T18:03:16.796Z] > git config --get commit.template [1ms]
[2022-02-19T18:03:24.529Z] > git fetch [192ms]
[2022-02-19T18:03:24.539Z] > git symbolic-ref --short HEAD [0ms]
[2022-02-19T18:03:24.545Z] > git for-each-ref --format=%(refname)%00%(upstream:short)%00%(objectname)%00%(upstream:track) refs/heads/master refs/remotes/master [1ms]
[2022-02-19T18:03:24.552Z] > git for-each-ref --sort -committerdate --format %(refname) %(objectname) %(*objectname) [3ms]
[2022-02-19T18:03:24.553Z] > git remote --verbose [1ms]
[2022-02-19T18:03:24.558Z] > git config --get commit.template [1ms]
[2022-02-19T18:03:25.591Z] > git symbolic-ref --short HEAD [1ms]
[2022-02-19T18:03:25.596Z] > git for-each-ref --format=%(refname)%00%(upstream:short)%00%(objectname)%00%(upstream:track) refs/heads/master refs/remotes/master [1ms]
[2022-02-19T18:03:25.604Z] > git for-each-ref --sort -committerdate --format %(refname) %(objectname) %(*objectname) [4ms]
[2022-02-19T18:03:25.604Z] > git remote --verbose [1ms]
[2022-02-19T18:03:25.609Z] > git config --get commit.template [1ms]
[2022-02-19T18:03:25.688Z] > git ls-files --stage -- /media/archive2/Nextcloud_mininas/Projects/bots/user-bots/PageViewerBot/browser_manager.py [0ms]
[2022-02-19T18:03:25.694Z] > git cat-file -s 1e86fe5a581f5afa3ab7d0cba4567d21a6d59604 [0ms]
