[2022-02-27T16:29:50.165Z] Validating found git in: git
[2022-02-27T16:29:50.172Z] Using git 2.35.1 from git
[2022-02-27T16:29:50.181Z] > git rev-parse --git-dir [1ms]
[2022-02-27T16:29:50.183Z] Open repository: /home/emamaker/github/hacks
[2022-02-27T16:29:50.214Z] > git symbolic-ref --short HEAD [5ms]
[2022-02-27T16:29:50.219Z] > git for-each-ref --format=%(refname)%00%(upstream:short)%00%(objectname)%00%(upstream:track) refs/heads/master refs/remotes/master [3ms]
[2022-02-27T16:29:50.226Z] > git remote --verbose [2ms]
[2022-02-27T16:29:50.227Z] > git for-each-ref --sort -committerdate --format %(refname) %(objectname) %(*objectname) [5ms]
[2022-02-27T16:29:50.231Z] > git config --get commit.template [1ms]
[2022-02-27T16:29:50.518Z] > git ls-files --stage -- /home/emamaker/github/hacks/grab-url-from-mail.plx [1ms]
[2022-02-27T16:29:50.523Z] > git cat-file -s e283b31778a3223826950f39fb9c47e2e34a13ac [1ms]
[2022-02-27T16:29:50.727Z] > git fetch [540ms]
[2022-02-27T16:29:50.736Z] > git symbolic-ref --short HEAD [1ms]
[2022-02-27T16:29:50.740Z] > git for-each-ref --format=%(refname)%00%(upstream:short)%00%(objectname)%00%(upstream:track) refs/heads/master refs/remotes/master [1ms]
[2022-02-27T16:29:50.747Z] > git for-each-ref --sort -committerdate --format %(refname) %(objectname) %(*objectname) [4ms]
[2022-02-27T16:29:50.747Z] > git remote --verbose [1ms]
[2022-02-27T16:29:50.753Z] > git config --get commit.template [1ms]
[2022-02-27T16:29:51.818Z] > git symbolic-ref --short HEAD [1ms]
[2022-02-27T16:29:51.823Z] > git for-each-ref --format=%(refname)%00%(upstream:short)%00%(objectname)%00%(upstream:track) refs/heads/master refs/remotes/master [1ms]
[2022-02-27T16:29:51.830Z] > git remote --verbose [1ms]
[2022-02-27T16:29:51.830Z] > git for-each-ref --sort -committerdate --format %(refname) %(objectname) %(*objectname) [4ms]
[2022-02-27T16:29:51.836Z] > git config --get commit.template [0ms]
[2022-02-27T16:29:51.948Z] > git ls-files --stage -- /home/emamaker/github/hacks/grab-url-from-mail.plx [0ms]
[2022-02-27T16:29:51.952Z] > git cat-file -s e283b31778a3223826950f39fb9c47e2e34a13ac [1ms]
