[2022-02-25T20:35:41.493Z] Validating found git in: git
[2022-02-25T20:35:41.499Z] Using git 2.35.1 from git
[2022-02-25T20:35:41.509Z] > git rev-parse --git-dir [0ms]
[2022-02-25T20:35:41.511Z] Open repository: /home/emamaker/github/hacks
[2022-02-25T20:35:41.523Z] > git symbolic-ref --short HEAD [1ms]
[2022-02-25T20:35:41.525Z] > git for-each-ref --format=%(refname)%00%(upstream:short)%00%(objectname)%00%(upstream:track) refs/heads/master refs/remotes/master [0ms]
[2022-02-25T20:35:41.530Z] > git remote --verbose [1ms]
[2022-02-25T20:35:41.530Z] > git for-each-ref --sort -committerdate --format %(refname) %(objectname) %(*objectname) [3ms]
[2022-02-25T20:35:41.534Z] > git config --get commit.template [1ms]
[2022-02-25T20:35:42.120Z] > git fetch [606ms]
[2022-02-25T20:35:42.129Z] > git symbolic-ref --short HEAD [1ms]
[2022-02-25T20:35:42.132Z] > git for-each-ref --format=%(refname)%00%(upstream:short)%00%(objectname)%00%(upstream:track) refs/heads/master refs/remotes/master [0ms]
[2022-02-25T20:35:42.139Z] > git for-each-ref --sort -committerdate --format %(refname) %(objectname) %(*objectname) [4ms]
[2022-02-25T20:35:42.140Z] > git remote --verbose [2ms]
[2022-02-25T20:35:42.146Z] > git config --get commit.template [1ms]
[2022-02-25T20:35:43.183Z] > git symbolic-ref --short HEAD [1ms]
[2022-02-25T20:35:43.188Z] > git for-each-ref --format=%(refname)%00%(upstream:short)%00%(objectname)%00%(upstream:track) refs/heads/master refs/remotes/master [1ms]
[2022-02-25T20:35:43.195Z] > git remote --verbose [1ms]
[2022-02-25T20:35:43.195Z] > git for-each-ref --sort -committerdate --format %(refname) %(objectname) %(*objectname) [4ms]
[2022-02-25T20:35:43.200Z] > git config --get commit.template [0ms]
[2022-02-25T20:35:47.832Z] > git ls-files --stage -- /home/emamaker/github/hacks/grab-url-from-mail-alpha.sh [1ms]
[2022-02-25T20:35:47.836Z] > git cat-file -s ee15c95d0547cc09cd4a3fb5337e05205190ac4d [1ms]
[2022-02-25T20:35:54.024Z] > git ls-files --stage -- /home/emamaker/github/hacks/grab-url-from-mail.conf [1ms]
[2022-02-25T20:35:54.028Z] > git cat-file -s 4f8d8516ff92df8bcbe8ff6ba8b65d7190c5f5e0 [1ms]
[2022-02-25T20:35:59.488Z] > git ls-files --stage -- /home/emamaker/github/hacks/in.webxferd [1ms]
[2022-02-25T20:35:59.492Z] > git cat-file -s 1557f9c0410a9b882ace7d21f3391e1fe2a0d1f0 [1ms]
[2022-02-25T20:36:00.006Z] > git ls-files --stage -- /home/emamaker/github/hacks/README [2ms]
[2022-02-25T20:36:00.010Z] > git cat-file -s 238c95666035aea22121419cf85d9cd2ef6c8cec [1ms]
[2022-02-25T20:36:12.949Z] > git ls-files --stage -- /home/emamaker/github/hacks/README.webxfer [1ms]
[2022-02-25T20:36:12.954Z] > git cat-file -s 1b7162726ac5ff01f252dacff33cdef0316df8d5 [1ms]
[2022-02-25T20:48:52.036Z] > git fetch [524ms]
[2022-02-25T20:48:52.044Z] > git symbolic-ref --short HEAD [0ms]
[2022-02-25T20:48:52.048Z] > git for-each-ref --format=%(refname)%00%(upstream:short)%00%(objectname)%00%(upstream:track) refs/heads/master refs/remotes/master [0ms]
[2022-02-25T20:48:52.055Z] > git for-each-ref --sort -committerdate --format %(refname) %(objectname) %(*objectname) [4ms]
[2022-02-25T20:48:52.056Z] > git remote --verbose [1ms]
[2022-02-25T20:48:52.062Z] > git config --get commit.template [1ms]
[2022-02-25T20:48:53.097Z] > git symbolic-ref --short HEAD [1ms]
[2022-02-25T20:48:53.100Z] > git for-each-ref --format=%(refname)%00%(upstream:short)%00%(objectname)%00%(upstream:track) refs/heads/master refs/remotes/master [1ms]
[2022-02-25T20:48:53.105Z] > git for-each-ref --sort -committerdate --format %(refname) %(objectname) %(*objectname) [3ms]
[2022-02-25T20:48:53.106Z] > git remote --verbose [1ms]
[2022-02-25T20:48:53.110Z] > git config --get commit.template [1ms]
[2022-02-25T20:48:53.196Z] > git ls-files --stage -- /home/emamaker/github/hacks/README.webxfer [1ms]
[2022-02-25T20:48:53.199Z] > git cat-file -s 1b7162726ac5ff01f252dacff33cdef0316df8d5 [1ms]
[2022-02-25T20:48:59.357Z] > git ls-files --stage -- /home/emamaker/github/hacks/grab-url-from-mail-alpha.sh [1ms]
[2022-02-25T20:48:59.361Z] > git cat-file -s ee15c95d0547cc09cd4a3fb5337e05205190ac4d [1ms]
[2022-02-25T20:49:00.660Z] > git ls-files --stage -- /home/emamaker/github/hacks/grab-url-from-mail.conf [0ms]
[2022-02-25T20:49:00.664Z] > git cat-file -s 4f8d8516ff92df8bcbe8ff6ba8b65d7190c5f5e0 [1ms]
[2022-02-25T20:49:08.614Z] > git ls-files --stage -- /home/emamaker/github/hacks/in.webxferd [1ms]
[2022-02-25T20:49:08.618Z] > git cat-file -s 1557f9c0410a9b882ace7d21f3391e1fe2a0d1f0 [0ms]
[2022-02-25T20:49:15.659Z] > git ls-files --stage -- /home/emamaker/github/hacks/webxfer.html [1ms]
[2022-02-25T20:49:15.662Z] > git cat-file -s 7ddf60bc11ee486f1432733a7239897052f42dfb [0ms]
[2022-02-25T20:50:10.468Z] > git ls-files --stage -- /home/emamaker/github/hacks/webxfer-genkeys [1ms]
[2022-02-25T20:50:10.472Z] > git cat-file -s e6e907a3014aa53527bdca07f053339a432abb30 [1ms]
[2022-02-25T20:50:11.087Z] > git ls-files --stage -- /home/emamaker/github/hacks/README.webxfer [1ms]
[2022-02-25T20:50:11.091Z] > git cat-file -s 1b7162726ac5ff01f252dacff33cdef0316df8d5 [1ms]
[2022-02-25T20:51:29.867Z] > git log --format=%H%n%aN%n%aE%n%at%n%ct%n%P%n%B -z -n21 -- /home/emamaker/github/hacks/README.webxfer [2ms]
[2022-02-25T20:51:31.176Z] > git ls-files --stage -- /home/emamaker/github/hacks/webxfer-genkeys [1ms]
[2022-02-25T20:51:31.180Z] > git cat-file -s e6e907a3014aa53527bdca07f053339a432abb30 [1ms]
[2022-02-25T20:51:36.178Z] > git ls-files --stage -- /home/emamaker/github/hacks/webxfer.html [0ms]
[2022-02-25T20:51:36.182Z] > git cat-file -s 7ddf60bc11ee486f1432733a7239897052f42dfb [1ms]
[2022-02-25T20:51:37.375Z] > git ls-files --stage -- /home/emamaker/github/hacks/webxfer-genkeys [1ms]
[2022-02-25T20:51:37.379Z] > git cat-file -s e6e907a3014aa53527bdca07f053339a432abb30 [1ms]
[2022-02-25T21:35:35.927Z] > git fetch [715ms]
[2022-02-25T21:35:35.936Z] > git symbolic-ref --short HEAD [0ms]
[2022-02-25T21:35:35.941Z] > git for-each-ref --format=%(refname)%00%(upstream:short)%00%(objectname)%00%(upstream:track) refs/heads/master refs/remotes/master [1ms]
[2022-02-25T21:35:35.948Z] > git remote --verbose [1ms]
[2022-02-25T21:35:35.948Z] > git for-each-ref --sort -committerdate --format %(refname) %(objectname) %(*objectname) [4ms]
[2022-02-25T21:35:35.954Z] > git config --get commit.template [1ms]
[2022-02-25T21:35:36.989Z] > git symbolic-ref --short HEAD [1ms]
[2022-02-25T21:35:36.994Z] > git for-each-ref --format=%(refname)%00%(upstream:short)%00%(objectname)%00%(upstream:track) refs/heads/master refs/remotes/master [1ms]
[2022-02-25T21:35:37.001Z] > git remote --verbose [0ms]
[2022-02-25T21:35:37.002Z] > git for-each-ref --sort -committerdate --format %(refname) %(objectname) %(*objectname) [4ms]
[2022-02-25T21:35:37.007Z] > git config --get commit.template [0ms]
[2022-02-25T21:35:37.087Z] > git ls-files --stage -- /home/emamaker/github/hacks/webxfer-genkeys [1ms]
[2022-02-25T21:35:37.091Z] > git cat-file -s e6e907a3014aa53527bdca07f053339a432abb30 [1ms]
[2022-02-25T21:36:10.410Z] > git ls-files --stage -- /home/emamaker/github/hacks/grab-url-from-mail-alpha.sh [1ms]
[2022-02-25T21:36:10.413Z] > git cat-file -s ee15c95d0547cc09cd4a3fb5337e05205190ac4d [1ms]
[2022-02-25T21:36:30.875Z] > git ls-files --stage -- /home/emamaker/github/hacks/in.webxferd [1ms]
[2022-02-25T21:36:30.880Z] > git cat-file -s 1557f9c0410a9b882ace7d21f3391e1fe2a0d1f0 [1ms]
[2022-02-25T21:36:31.950Z] > git ls-files --stage -- /home/emamaker/github/hacks/grab-url-from-mail.conf [1ms]
[2022-02-25T21:36:31.954Z] > git cat-file -s 4f8d8516ff92df8bcbe8ff6ba8b65d7190c5f5e0 [1ms]
[2022-02-25T21:36:37.411Z] > git ls-files --stage -- /home/emamaker/github/hacks/grab-url-from-mail.plx [1ms]
[2022-02-25T21:36:37.415Z] > git cat-file -s e283b31778a3223826950f39fb9c47e2e34a13ac [1ms]
[2022-02-25T21:39:35.394Z] > git fetch [614ms]
[2022-02-25T21:39:35.402Z] > git symbolic-ref --short HEAD [1ms]
[2022-02-25T21:39:35.406Z] > git for-each-ref --format=%(refname)%00%(upstream:short)%00%(objectname)%00%(upstream:track) refs/heads/master refs/remotes/master [1ms]
[2022-02-25T21:39:35.413Z] > git remote --verbose [1ms]
[2022-02-25T21:39:35.413Z] > git for-each-ref --sort -committerdate --format %(refname) %(objectname) %(*objectname) [4ms]
[2022-02-25T21:39:35.418Z] > git config --get commit.template [1ms]
[2022-02-25T21:39:36.455Z] > git symbolic-ref --short HEAD [1ms]
[2022-02-25T21:39:36.459Z] > git for-each-ref --format=%(refname)%00%(upstream:short)%00%(objectname)%00%(upstream:track) refs/heads/master refs/remotes/master [1ms]
[2022-02-25T21:39:36.465Z] > git for-each-ref --sort -committerdate --format %(refname) %(objectname) %(*objectname) [3ms]
[2022-02-25T21:39:36.466Z] > git remote --verbose [1ms]
[2022-02-25T21:39:36.470Z] > git config --get commit.template [1ms]
[2022-02-25T21:39:36.554Z] > git ls-files --stage -- /home/emamaker/github/hacks/grab-url-from-mail.plx [1ms]
[2022-02-25T21:39:36.557Z] > git cat-file -s e283b31778a3223826950f39fb9c47e2e34a13ac [1ms]
[2022-02-25T21:39:40.909Z] > git ls-files --stage -- /home/emamaker/github/hacks/in.webxferd [1ms]
[2022-02-25T21:39:40.914Z] > git cat-file -s 1557f9c0410a9b882ace7d21f3391e1fe2a0d1f0 [1ms]
[2022-02-25T21:39:44.196Z] > git ls-files --stage -- /home/emamaker/github/hacks/README [1ms]
[2022-02-25T21:39:44.200Z] > git cat-file -s 238c95666035aea22121419cf85d9cd2ef6c8cec [0ms]
[2022-02-25T21:40:06.895Z] > git ls-files --stage -- /home/emamaker/github/hacks/README.webxfer [2ms]
[2022-02-25T21:40:06.900Z] > git cat-file -s 1b7162726ac5ff01f252dacff33cdef0316df8d5 [1ms]
[2022-02-25T21:40:08.261Z] > git ls-files --stage -- /home/emamaker/github/hacks/README [1ms]
[2022-02-25T21:40:08.265Z] > git cat-file -s 238c95666035aea22121419cf85d9cd2ef6c8cec [1ms]
[2022-02-25T21:40:16.983Z] > git ls-files --stage -- /home/emamaker/github/hacks/grab-url-from-mail.plx [0ms]
[2022-02-25T21:40:16.987Z] > git cat-file -s e283b31778a3223826950f39fb9c47e2e34a13ac [1ms]
[2022-02-25T21:40:21.801Z] > git ls-files --stage -- /home/emamaker/github/hacks/grab-url-from-mail-alpha.sh [1ms]
[2022-02-25T21:40:21.804Z] > git cat-file -s ee15c95d0547cc09cd4a3fb5337e05205190ac4d [0ms]
[2022-02-25T21:40:26.850Z] > git ls-files --stage -- /home/emamaker/github/hacks/grab-url-from-mail.conf [1ms]
[2022-02-25T21:40:26.854Z] > git cat-file -s 4f8d8516ff92df8bcbe8ff6ba8b65d7190c5f5e0 [0ms]
[2022-02-25T21:40:35.686Z] > git ls-files --stage -- /home/emamaker/github/hacks/grab-url-from-mail.plx [2ms]
[2022-02-25T21:40:35.690Z] > git cat-file -s e283b31778a3223826950f39fb9c47e2e34a13ac [1ms]
[2022-02-25T21:41:58.946Z] > git ls-files --stage -- /home/emamaker/github/hacks/grab-url-from-mail-alpha.sh [0ms]
[2022-02-25T21:41:58.950Z] > git cat-file -s ee15c95d0547cc09cd4a3fb5337e05205190ac4d [0ms]
[2022-02-25T21:42:36.624Z] > git fetch [1200ms]
[2022-02-25T21:42:36.634Z] > git symbolic-ref --short HEAD [1ms]
[2022-02-25T21:42:36.639Z] > git for-each-ref --format=%(refname)%00%(upstream:short)%00%(objectname)%00%(upstream:track) refs/heads/master refs/remotes/master [1ms]
[2022-02-25T21:42:36.646Z] > git for-each-ref --sort -committerdate --format %(refname) %(objectname) %(*objectname) [4ms]
[2022-02-25T21:42:36.646Z] > git remote --verbose [1ms]
[2022-02-25T21:42:36.655Z] > git config --get commit.template [4ms]
[2022-02-25T21:42:36.655Z] > git ls-files --stage -- /home/emamaker/github/hacks/grab-url-from-mail-alpha.sh [1ms]
[2022-02-25T21:42:36.660Z] > git cat-file -s ee15c95d0547cc09cd4a3fb5337e05205190ac4d [1ms]
[2022-02-25T21:42:37.685Z] > git symbolic-ref --short HEAD [1ms]
[2022-02-25T21:42:37.688Z] > git for-each-ref --format=%(refname)%00%(upstream:short)%00%(objectname)%00%(upstream:track) refs/heads/master refs/remotes/master [1ms]
[2022-02-25T21:42:37.693Z] > git remote --verbose [1ms]
[2022-02-25T21:42:37.693Z] > git for-each-ref --sort -committerdate --format %(refname) %(objectname) %(*objectname) [3ms]
[2022-02-25T21:42:37.697Z] > git config --get commit.template [1ms]
[2022-02-25T21:42:37.785Z] > git ls-files --stage -- /home/emamaker/github/hacks/grab-url-from-mail-alpha.sh [0ms]
[2022-02-25T21:42:37.789Z] > git cat-file -s ee15c95d0547cc09cd4a3fb5337e05205190ac4d [1ms]
[2022-02-25T21:43:14.198Z] > git ls-files --stage -- /home/emamaker/github/hacks/grab-url-from-mail.conf [2ms]
[2022-02-25T21:43:14.202Z] > git cat-file -s 4f8d8516ff92df8bcbe8ff6ba8b65d7190c5f5e0 [1ms]
[2022-02-25T21:43:16.206Z] > git ls-files --stage -- /home/emamaker/github/hacks/grab-url-from-mail.plx [1ms]
[2022-02-25T21:43:16.209Z] > git cat-file -s e283b31778a3223826950f39fb9c47e2e34a13ac [1ms]
[2022-02-25T21:44:42.005Z] > git symbolic-ref --short HEAD [6ms]
[2022-02-25T21:44:42.009Z] > git for-each-ref --format=%(refname)%00%(upstream:short)%00%(objectname)%00%(upstream:track) refs/heads/master refs/remotes/master [1ms]
[2022-02-25T21:44:42.016Z] > git remote --verbose [0ms]
[2022-02-25T21:44:42.016Z] > git for-each-ref --sort -committerdate --format %(refname) %(objectname) %(*objectname) [3ms]
[2022-02-25T21:44:42.022Z] > git config --get commit.template [1ms]
[2022-02-25T21:44:43.687Z] > git ls-files --stage -- /home/emamaker/github/hacks/grab-url-from-mail.conf [0ms]
[2022-02-25T21:44:43.690Z] > git cat-file -s 4f8d8516ff92df8bcbe8ff6ba8b65d7190c5f5e0 [0ms]
[2022-02-25T21:44:54.018Z] > git symbolic-ref --short HEAD [1ms]
[2022-02-25T21:44:54.022Z] > git for-each-ref --format=%(refname)%00%(upstream:short)%00%(objectname)%00%(upstream:track) refs/heads/master refs/remotes/master [1ms]
[2022-02-25T21:44:54.030Z] > git remote --verbose [1ms]
[2022-02-25T21:44:54.030Z] > git for-each-ref --sort -committerdate --format %(refname) %(objectname) %(*objectname) [4ms]
[2022-02-25T21:44:54.035Z] > git config --get commit.template [0ms]
[2022-02-25T21:44:55.242Z] > git ls-files --stage -- /home/emamaker/github/hacks/grab-url-from-mail.plx [1ms]
[2022-02-25T21:44:55.245Z] > git cat-file -s e283b31778a3223826950f39fb9c47e2e34a13ac [0ms]
[2022-02-25T21:44:57.958Z] > git ls-files --stage -- /home/emamaker/github/hacks/grab-url-from-mail-alpha.sh [1ms]
[2022-02-25T21:44:57.963Z] > git cat-file -s ee15c95d0547cc09cd4a3fb5337e05205190ac4d [1ms]
[2022-02-25T21:44:59.043Z] > git symbolic-ref --short HEAD [1ms]
[2022-02-25T21:44:59.047Z] > git for-each-ref --format=%(refname)%00%(upstream:short)%00%(objectname)%00%(upstream:track) refs/heads/master refs/remotes/master [1ms]
[2022-02-25T21:44:59.054Z] > git remote --verbose [1ms]
[2022-02-25T21:44:59.054Z] > git for-each-ref --sort -committerdate --format %(refname) %(objectname) %(*objectname) [3ms]
[2022-02-25T21:44:59.059Z] > git config --get commit.template [0ms]
[2022-02-25T21:45:13.871Z] > git symbolic-ref --short HEAD [1ms]
[2022-02-25T21:45:13.874Z] > git for-each-ref --format=%(refname)%00%(upstream:short)%00%(objectname)%00%(upstream:track) refs/heads/master refs/remotes/master [1ms]
[2022-02-25T21:45:13.880Z] > git for-each-ref --sort -committerdate --format %(refname) %(objectname) %(*objectname) [3ms]
[2022-02-25T21:45:13.880Z] > git remote --verbose [1ms]
[2022-02-25T21:45:13.884Z] > git config --get commit.template [0ms]
[2022-02-25T21:45:14.736Z] > git ls-files --stage -- /home/emamaker/github/hacks/grab-url-from-mail.plx [1ms]
[2022-02-25T21:45:14.739Z] > git cat-file -s e283b31778a3223826950f39fb9c47e2e34a13ac [1ms]
[2022-02-25T21:45:26.239Z] > git symbolic-ref --short HEAD [1ms]
[2022-02-25T21:45:26.243Z] > git for-each-ref --format=%(refname)%00%(upstream:short)%00%(objectname)%00%(upstream:track) refs/heads/master refs/remotes/master [1ms]
[2022-02-25T21:45:26.250Z] > git for-each-ref --sort -committerdate --format %(refname) %(objectname) %(*objectname) [4ms]
[2022-02-25T21:45:26.250Z] > git remote --verbose [1ms]
[2022-02-25T21:45:26.255Z] > git config --get commit.template [0ms]
[2022-02-25T21:45:30.982Z] > git ls-files --stage -- /home/emamaker/github/hacks/grab-url-from-mail-alpha.sh [1ms]
[2022-02-25T21:45:30.987Z] > git cat-file -s ee15c95d0547cc09cd4a3fb5337e05205190ac4d [1ms]
[2022-02-25T21:45:38.198Z] > git symbolic-ref --short HEAD [0ms]
[2022-02-25T21:45:38.202Z] > git for-each-ref --format=%(refname)%00%(upstream:short)%00%(objectname)%00%(upstream:track) refs/heads/master refs/remotes/master [0ms]
[2022-02-25T21:45:38.210Z] > git remote --verbose [1ms]
[2022-02-25T21:45:38.210Z] > git for-each-ref --sort -committerdate --format %(refname) %(objectname) %(*objectname) [3ms]
[2022-02-25T21:45:38.216Z] > git config --get commit.template [1ms]
[2022-02-25T21:45:38.712Z] > git fetch [523ms]
[2022-02-25T21:45:38.722Z] > git symbolic-ref --short HEAD [1ms]
[2022-02-25T21:45:38.726Z] > git for-each-ref --format=%(refname)%00%(upstream:short)%00%(objectname)%00%(upstream:track) refs/heads/master refs/remotes/master [1ms]
[2022-02-25T21:45:38.733Z] > git for-each-ref --sort -committerdate --format %(refname) %(objectname) %(*objectname) [4ms]
[2022-02-25T21:45:38.733Z] > git remote --verbose [0ms]
[2022-02-25T21:45:38.739Z] > git config --get commit.template [1ms]
[2022-02-25T21:45:39.875Z] > git ls-files --stage -- /home/emamaker/github/hacks/grab-url-from-mail-alpha.sh [1ms]
[2022-02-25T21:45:39.878Z] > git cat-file -s ee15c95d0547cc09cd4a3fb5337e05205190ac4d [0ms]
[2022-02-25T21:45:43.227Z] > git symbolic-ref --short HEAD [1ms]
[2022-02-25T21:45:43.231Z] > git for-each-ref --format=%(refname)%00%(upstream:short)%00%(objectname)%00%(upstream:track) refs/heads/master refs/remotes/master [1ms]
[2022-02-25T21:45:43.239Z] > git for-each-ref --sort -committerdate --format %(refname) %(objectname) %(*objectname) [4ms]
[2022-02-25T21:45:43.239Z] > git remote --verbose [1ms]
[2022-02-25T21:45:43.245Z] > git config --get commit.template [0ms]
[2022-02-25T21:45:59.186Z] > git symbolic-ref --short HEAD [1ms]
[2022-02-25T21:45:59.190Z] > git for-each-ref --format=%(refname)%00%(upstream:short)%00%(objectname)%00%(upstream:track) refs/heads/master refs/remotes/master [1ms]
[2022-02-25T21:45:59.197Z] > git remote --verbose [1ms]
[2022-02-25T21:45:59.197Z] > git for-each-ref --sort -committerdate --format %(refname) %(objectname) %(*objectname) [4ms]
[2022-02-25T21:45:59.203Z] > git config --get commit.template [1ms]
[2022-02-25T21:46:00.148Z] > git ls-files --stage -- /home/emamaker/github/hacks/grab-url-from-mail.plx [1ms]
[2022-02-25T21:46:00.150Z] > git cat-file -s e283b31778a3223826950f39fb9c47e2e34a13ac [0ms]
[2022-02-25T21:46:02.734Z] > git ls-files --stage -- /home/emamaker/github/hacks/grab-url-from-mail-alpha.sh [1ms]
[2022-02-25T21:46:02.737Z] > git cat-file -s ee15c95d0547cc09cd4a3fb5337e05205190ac4d [1ms]
[2022-02-25T21:46:03.299Z] > git ls-files --stage -- /home/emamaker/github/hacks/grab-url-from-mail.conf [0ms]
[2022-02-25T21:46:03.303Z] > git cat-file -s 4f8d8516ff92df8bcbe8ff6ba8b65d7190c5f5e0 [1ms]
[2022-02-25T21:46:04.214Z] > git symbolic-ref --short HEAD [0ms]
[2022-02-25T21:46:04.219Z] > git for-each-ref --format=%(refname)%00%(upstream:short)%00%(objectname)%00%(upstream:track) refs/heads/master refs/remotes/master [1ms]
[2022-02-25T21:46:04.226Z] > git remote --verbose [0ms]
[2022-02-25T21:46:04.226Z] > git for-each-ref --sort -committerdate --format %(refname) %(objectname) %(*objectname) [3ms]
[2022-02-25T21:46:04.232Z] > git config --get commit.template [1ms]
[2022-02-25T21:46:13.656Z] > git ls-files --stage -- /home/emamaker/github/hacks/grab-url-from-mail-alpha.sh [1ms]
[2022-02-25T21:46:13.659Z] > git cat-file -s ee15c95d0547cc09cd4a3fb5337e05205190ac4d [1ms]
[2022-02-25T21:46:17.358Z] > git ls-files --stage -- /home/emamaker/github/hacks/grab-url-from-mail.plx [1ms]
[2022-02-25T21:46:17.362Z] > git cat-file -s e283b31778a3223826950f39fb9c47e2e34a13ac [1ms]
[2022-02-25T21:46:22.122Z] > git ls-files --stage -- /home/emamaker/github/hacks/grab-url-from-mail.conf [1ms]
[2022-02-25T21:46:22.125Z] > git cat-file -s 4f8d8516ff92df8bcbe8ff6ba8b65d7190c5f5e0 [1ms]
[2022-02-25T21:46:23.757Z] > git ls-files --stage -- /home/emamaker/github/hacks/grab-url-from-mail-alpha.sh [1ms]
[2022-02-25T21:46:23.761Z] > git cat-file -s ee15c95d0547cc09cd4a3fb5337e05205190ac4d [1ms]
[2022-02-25T21:46:25.182Z] > git ls-files --stage -- /home/emamaker/github/hacks/grab-url-from-mail.plx [1ms]
[2022-02-25T21:46:25.187Z] > git cat-file -s e283b31778a3223826950f39fb9c47e2e34a13ac [1ms]
[2022-02-25T21:46:31.780Z] > git ls-files --stage -- /home/emamaker/github/hacks/grab-url-from-mail.conf [0ms]
[2022-02-25T21:46:31.784Z] > git cat-file -s 4f8d8516ff92df8bcbe8ff6ba8b65d7190c5f5e0 [1ms]
[2022-02-25T21:47:18.230Z] > git symbolic-ref --short HEAD [1ms]
[2022-02-25T21:47:18.233Z] > git for-each-ref --format=%(refname)%00%(upstream:short)%00%(objectname)%00%(upstream:track) refs/heads/master refs/remotes/master [0ms]
[2022-02-25T21:47:18.241Z] > git remote --verbose [1ms]
[2022-02-25T21:47:18.241Z] > git for-each-ref --sort -committerdate --format %(refname) %(objectname) %(*objectname) [4ms]
[2022-02-25T21:47:18.247Z] > git config --get commit.template [1ms]
[2022-02-25T21:47:18.560Z] > git ls-files --stage -- /home/emamaker/github/hacks/grab-url-from-mail-alpha.sh [1ms]
[2022-02-25T21:47:18.565Z] > git cat-file -s ee15c95d0547cc09cd4a3fb5337e05205190ac4d [1ms]
[2022-02-25T21:47:22.087Z] > git ls-files --stage -- /home/emamaker/github/hacks/grab-url-from-mail.conf [1ms]
[2022-02-25T21:47:22.092Z] > git cat-file -s 4f8d8516ff92df8bcbe8ff6ba8b65d7190c5f5e0 [1ms]
[2022-02-25T21:47:24.308Z] > git ls-files --stage -- /home/emamaker/github/hacks/grab-url-from-mail-alpha.sh [1ms]
[2022-02-25T21:47:24.311Z] > git cat-file -s ee15c95d0547cc09cd4a3fb5337e05205190ac4d [0ms]
[2022-02-25T21:47:45.640Z] > git symbolic-ref --short HEAD [1ms]
[2022-02-25T21:47:45.644Z] > git for-each-ref --format=%(refname)%00%(upstream:short)%00%(objectname)%00%(upstream:track) refs/heads/master refs/remotes/master [1ms]
[2022-02-25T21:47:45.651Z] > git for-each-ref --sort -committerdate --format %(refname) %(objectname) %(*objectname) [4ms]
[2022-02-25T21:47:45.651Z] > git remote --verbose [1ms]
[2022-02-25T21:47:45.656Z] > git config --get commit.template [0ms]
[2022-02-25T21:47:45.967Z] > git ls-files --stage -- /home/emamaker/github/hacks/grab-url-from-mail.plx [0ms]
[2022-02-25T21:47:45.972Z] > git cat-file -s e283b31778a3223826950f39fb9c47e2e34a13ac [1ms]
[2022-02-25T21:48:43.565Z] > git fetch [498ms]
[2022-02-25T21:48:43.573Z] > git symbolic-ref --short HEAD [0ms]
[2022-02-25T21:48:43.577Z] > git for-each-ref --format=%(refname)%00%(upstream:short)%00%(objectname)%00%(upstream:track) refs/heads/master refs/remotes/master [0ms]
[2022-02-25T21:48:43.585Z] > git for-each-ref --sort -committerdate --format %(refname) %(objectname) %(*objectname) [4ms]
[2022-02-25T21:48:43.585Z] > git remote --verbose [1ms]
[2022-02-25T21:48:43.590Z] > git config --get commit.template [0ms]
[2022-02-25T21:48:44.626Z] > git symbolic-ref --short HEAD [0ms]
[2022-02-25T21:48:44.631Z] > git for-each-ref --format=%(refname)%00%(upstream:short)%00%(objectname)%00%(upstream:track) refs/heads/master refs/remotes/master [1ms]
[2022-02-25T21:48:44.638Z] > git for-each-ref --sort -committerdate --format %(refname) %(objectname) %(*objectname) [4ms]
[2022-02-25T21:48:44.638Z] > git remote --verbose [0ms]
[2022-02-25T21:48:44.644Z] > git config --get commit.template [1ms]
[2022-02-25T21:48:44.724Z] > git ls-files --stage -- /home/emamaker/github/hacks/grab-url-from-mail.plx [1ms]
[2022-02-25T21:48:44.728Z] > git cat-file -s e283b31778a3223826950f39fb9c47e2e34a13ac [1ms]
[2022-02-25T21:49:05.042Z] > git ls-files --stage -- /home/emamaker/github/hacks/grab-url-from-mail-alpha.sh [1ms]
[2022-02-25T21:49:05.046Z] > git cat-file -s ee15c95d0547cc09cd4a3fb5337e05205190ac4d [0ms]
[2022-02-25T21:49:46.577Z] > git ls-files --stage -- /home/emamaker/github/hacks/grab-url-from-mail.plx [1ms]
[2022-02-25T21:49:46.580Z] > git cat-file -s e283b31778a3223826950f39fb9c47e2e34a13ac [0ms]
[2022-02-25T21:49:48.098Z] > git ls-files --stage -- /home/emamaker/github/hacks/grab-url-from-mail.conf [0ms]
[2022-02-25T21:49:48.103Z] > git cat-file -s 4f8d8516ff92df8bcbe8ff6ba8b65d7190c5f5e0 [1ms]
[2022-02-25T21:49:49.150Z] > git ls-files --stage -- /home/emamaker/github/hacks/grab-url-from-mail.plx [2ms]
[2022-02-25T21:49:49.154Z] > git cat-file -s e283b31778a3223826950f39fb9c47e2e34a13ac [1ms]
[2022-02-25T21:50:26.080Z] > git ls-files --stage -- /home/emamaker/github/hacks/grab-url-from-mail.conf [1ms]
[2022-02-25T21:50:26.084Z] > git cat-file -s 4f8d8516ff92df8bcbe8ff6ba8b65d7190c5f5e0 [1ms]
[2022-02-25T21:50:26.926Z] > git ls-files --stage -- /home/emamaker/github/hacks/grab-url-from-mail-alpha.sh [0ms]
[2022-02-25T21:50:26.929Z] > git cat-file -s ee15c95d0547cc09cd4a3fb5337e05205190ac4d [0ms]
[2022-02-25T21:51:01.686Z] > git ls-files --stage -- /home/emamaker/github/hacks/grab-url-from-mail.conf [1ms]
[2022-02-25T21:51:01.689Z] > git cat-file -s 4f8d8516ff92df8bcbe8ff6ba8b65d7190c5f5e0 [0ms]
[2022-02-25T21:51:05.770Z] > git ls-files --stage -- /home/emamaker/github/hacks/grab-url-from-mail.plx [1ms]
[2022-02-25T21:51:05.774Z] > git cat-file -s e283b31778a3223826950f39fb9c47e2e34a13ac [0ms]
[2022-02-25T21:51:05.790Z] > git symbolic-ref --short HEAD [0ms]
[2022-02-25T21:51:05.794Z] > git for-each-ref --format=%(refname)%00%(upstream:short)%00%(objectname)%00%(upstream:track) refs/heads/master refs/remotes/master [1ms]
[2022-02-25T21:51:05.800Z] > git for-each-ref --sort -committerdate --format %(refname) %(objectname) %(*objectname) [3ms]
[2022-02-25T21:51:05.800Z] > git remote --verbose [0ms]
[2022-02-25T21:51:05.804Z] > git config --get commit.template [0ms]
[2022-02-25T21:51:16.999Z] > git ls-files --stage -- /home/emamaker/github/hacks/grab-url-from-mail.conf [1ms]
[2022-02-25T21:51:17.003Z] > git cat-file -s 4f8d8516ff92df8bcbe8ff6ba8b65d7190c5f5e0 [1ms]
[2022-02-25T21:51:18.382Z] > git ls-files --stage -- /home/emamaker/github/hacks/grab-url-from-mail.plx [1ms]
[2022-02-25T21:51:18.386Z] > git cat-file -s e283b31778a3223826950f39fb9c47e2e34a13ac [0ms]
[2022-02-25T21:51:22.777Z] > git ls-files --stage -- /home/emamaker/github/hacks/grab-url-from-mail.conf [1ms]
[2022-02-25T21:51:22.782Z] > git cat-file -s 4f8d8516ff92df8bcbe8ff6ba8b65d7190c5f5e0 [1ms]
[2022-02-25T21:51:44.215Z] > git symbolic-ref --short HEAD [0ms]
[2022-02-25T21:51:44.219Z] > git for-each-ref --format=%(refname)%00%(upstream:short)%00%(objectname)%00%(upstream:track) refs/heads/master refs/remotes/master [1ms]
[2022-02-25T21:51:44.226Z] > git remote --verbose [1ms]
[2022-02-25T21:51:44.226Z] > git for-each-ref --sort -committerdate --format %(refname) %(objectname) %(*objectname) [4ms]
[2022-02-25T21:51:44.231Z] > git config --get commit.template [0ms]
[2022-02-25T21:51:44.728Z] > git fetch [520ms]
[2022-02-25T21:51:44.736Z] > git symbolic-ref --short HEAD [0ms]
[2022-02-25T21:51:44.739Z] > git for-each-ref --format=%(refname)%00%(upstream:short)%00%(objectname)%00%(upstream:track) refs/heads/master refs/remotes/master [0ms]
[2022-02-25T21:51:44.745Z] > git remote --verbose [0ms]
[2022-02-25T21:51:44.745Z] > git for-each-ref --sort -committerdate --format %(refname) %(objectname) %(*objectname) [3ms]
[2022-02-25T21:51:44.751Z] > git config --get commit.template [1ms]
[2022-02-25T21:51:45.888Z] > git ls-files --stage -- /home/emamaker/github/hacks/grab-url-from-mail.conf [1ms]
[2022-02-25T21:51:45.892Z] > git cat-file -s 4f8d8516ff92df8bcbe8ff6ba8b65d7190c5f5e0 [1ms]
[2022-02-25T21:51:49.242Z] > git symbolic-ref --short HEAD [0ms]
[2022-02-25T21:51:49.247Z] > git for-each-ref --format=%(refname)%00%(upstream:short)%00%(objectname)%00%(upstream:track) refs/heads/master refs/remotes/master [1ms]
[2022-02-25T21:51:49.254Z] > git remote --verbose [1ms]
[2022-02-25T21:51:49.254Z] > git for-each-ref --sort -committerdate --format %(refname) %(objectname) %(*objectname) [3ms]
[2022-02-25T21:51:49.260Z] > git config --get commit.template [1ms]
[2022-02-25T21:51:49.571Z] > git ls-files --stage -- /home/emamaker/github/hacks/grab-url-from-mail.plx [1ms]
[2022-02-25T21:51:49.576Z] > git cat-file -s e283b31778a3223826950f39fb9c47e2e34a13ac [1ms]
[2022-02-25T21:51:59.611Z] > git ls-files --stage -- /home/emamaker/github/hacks/grab-url-from-mail.conf [1ms]
[2022-02-25T21:51:59.615Z] > git cat-file -s 4f8d8516ff92df8bcbe8ff6ba8b65d7190c5f5e0 [0ms]
[2022-02-25T21:52:01.233Z] > git ls-files --stage -- /home/emamaker/github/hacks/grab-url-from-mail.plx [1ms]
[2022-02-25T21:52:01.237Z] > git cat-file -s e283b31778a3223826950f39fb9c47e2e34a13ac [1ms]
[2022-02-25T21:52:54.705Z] > git symbolic-ref --short HEAD [1ms]
[2022-02-25T21:52:54.708Z] > git for-each-ref --format=%(refname)%00%(upstream:short)%00%(objectname)%00%(upstream:track) refs/heads/master refs/remotes/master [1ms]
[2022-02-25T21:52:54.713Z] > git for-each-ref --sort -committerdate --format %(refname) %(objectname) %(*objectname) [2ms]
[2022-02-25T21:52:54.714Z] > git remote --verbose [0ms]
[2022-02-25T21:52:54.718Z] > git config --get commit.template [1ms]
[2022-02-25T21:52:55.032Z] > git ls-files --stage -- /home/emamaker/github/hacks/grab-url-from-mail-alpha.sh [1ms]
[2022-02-25T21:52:55.037Z] > git cat-file -s ee15c95d0547cc09cd4a3fb5337e05205190ac4d [1ms]
[2022-02-25T21:53:36.371Z] > git symbolic-ref --short HEAD [0ms]
[2022-02-25T21:53:36.375Z] > git for-each-ref --format=%(refname)%00%(upstream:short)%00%(objectname)%00%(upstream:track) refs/heads/master refs/remotes/master [1ms]
[2022-02-25T21:53:36.382Z] > git remote --verbose [1ms]
[2022-02-25T21:53:36.382Z] > git for-each-ref --sort -committerdate --format %(refname) %(objectname) %(*objectname) [4ms]
[2022-02-25T21:53:36.387Z] > git config --get commit.template [0ms]
[2022-02-25T21:53:41.398Z] > git symbolic-ref --short HEAD [0ms]
[2022-02-25T21:53:41.402Z] > git for-each-ref --format=%(refname)%00%(upstream:short)%00%(objectname)%00%(upstream:track) refs/heads/master refs/remotes/master [0ms]
[2022-02-25T21:53:41.409Z] > git remote --verbose [0ms]
[2022-02-25T21:53:41.410Z] > git for-each-ref --sort -committerdate --format %(refname) %(objectname) %(*objectname) [4ms]
[2022-02-25T21:53:41.415Z] > git config --get commit.template [0ms]
[2022-02-25T21:54:12.135Z] > git symbolic-ref --short HEAD [0ms]
[2022-02-25T21:54:12.139Z] > git for-each-ref --format=%(refname)%00%(upstream:short)%00%(objectname)%00%(upstream:track) refs/heads/master refs/remotes/master [1ms]
[2022-02-25T21:54:12.146Z] > git for-each-ref --sort -committerdate --format %(refname) %(objectname) %(*objectname) [4ms]
[2022-02-25T21:54:12.146Z] > git remote --verbose [1ms]
[2022-02-25T21:54:12.152Z] > git config --get commit.template [0ms]
[2022-02-25T21:54:33.893Z] > git symbolic-ref --short HEAD [1ms]
[2022-02-25T21:54:33.898Z] > git for-each-ref --format=%(refname)%00%(upstream:short)%00%(objectname)%00%(upstream:track) refs/heads/master refs/remotes/master [1ms]
[2022-02-25T21:54:33.906Z] > git remote --verbose [0ms]
[2022-02-25T21:54:33.907Z] > git for-each-ref --sort -committerdate --format %(refname) %(objectname) %(*objectname) [5ms]
[2022-02-25T21:54:33.912Z] > git config --get commit.template [0ms]
[2022-02-25T21:55:02.460Z] > git symbolic-ref --short HEAD [0ms]
[2022-02-25T21:55:02.463Z] > git for-each-ref --format=%(refname)%00%(upstream:short)%00%(objectname)%00%(upstream:track) refs/heads/master refs/remotes/master [0ms]
[2022-02-25T21:55:02.469Z] > git for-each-ref --sort -committerdate --format %(refname) %(objectname) %(*objectname) [3ms]
[2022-02-25T21:55:02.469Z] > git remote --verbose [1ms]
[2022-02-25T21:55:02.473Z] > git config --get commit.template [1ms]
[2022-02-25T21:55:02.982Z] > git fetch [529ms]
[2022-02-25T21:55:02.990Z] > git symbolic-ref --short HEAD [1ms]
[2022-02-25T21:55:02.994Z] > git for-each-ref --format=%(refname)%00%(upstream:short)%00%(objectname)%00%(upstream:track) refs/heads/master refs/remotes/master [1ms]
[2022-02-25T21:55:02.999Z] > git for-each-ref --sort -committerdate --format %(refname) %(objectname) %(*objectname) [3ms]
[2022-02-25T21:55:02.999Z] > git remote --verbose [0ms]
[2022-02-25T21:55:03.005Z] > git config --get commit.template [1ms]
[2022-02-25T21:55:04.145Z] > git ls-files --stage -- /home/emamaker/github/hacks/grab-url-from-mail-alpha.sh [0ms]
[2022-02-25T21:55:04.149Z] > git cat-file -s ee15c95d0547cc09cd4a3fb5337e05205190ac4d [0ms]
[2022-02-25T21:55:07.484Z] > git symbolic-ref --short HEAD [1ms]
[2022-02-25T21:55:07.487Z] > git for-each-ref --format=%(refname)%00%(upstream:short)%00%(objectname)%00%(upstream:track) refs/heads/master refs/remotes/master [0ms]
[2022-02-25T21:55:07.493Z] > git remote --verbose [0ms]
[2022-02-25T21:55:07.493Z] > git for-each-ref --sort -committerdate --format %(refname) %(objectname) %(*objectname) [2ms]
[2022-02-25T21:55:07.499Z] > git config --get commit.template [1ms]
[2022-02-25T21:55:44.350Z] > git symbolic-ref --short HEAD [0ms]
[2022-02-25T21:55:44.355Z] > git for-each-ref --format=%(refname)%00%(upstream:short)%00%(objectname)%00%(upstream:track) refs/heads/master refs/remotes/master [1ms]
[2022-02-25T21:55:44.361Z] > git for-each-ref --sort -committerdate --format %(refname) %(objectname) %(*objectname) [3ms]
[2022-02-25T21:55:44.362Z] > git remote --verbose [1ms]
[2022-02-25T21:55:44.368Z] > git config --get commit.template [1ms]
[2022-02-25T21:55:50.760Z] > git symbolic-ref --short HEAD [0ms]
[2022-02-25T21:55:50.766Z] > git for-each-ref --format=%(refname)%00%(upstream:short)%00%(objectname)%00%(upstream:track) refs/heads/master refs/remotes/master [1ms]
[2022-02-25T21:55:50.774Z] > git for-each-ref --sort -committerdate --format %(refname) %(objectname) %(*objectname) [5ms]
[2022-02-25T21:55:50.774Z] > git remote --verbose [1ms]
[2022-02-25T21:55:50.780Z] > git config --get commit.template [1ms]
[2022-02-25T21:56:07.965Z] > git symbolic-ref --short HEAD [1ms]
[2022-02-25T21:56:07.969Z] > git for-each-ref --format=%(refname)%00%(upstream:short)%00%(objectname)%00%(upstream:track) refs/heads/master refs/remotes/master [1ms]
[2022-02-25T21:56:07.977Z] > git remote --verbose [2ms]
[2022-02-25T21:56:07.977Z] > git for-each-ref --sort -committerdate --format %(refname) %(objectname) %(*objectname) [5ms]
[2022-02-25T21:56:07.984Z] > git config --get commit.template [1ms]
[2022-02-25T21:56:23.215Z] > git ls-files --stage -- /home/emamaker/github/hacks/grab-url-from-mail.plx [1ms]
[2022-02-25T21:56:23.219Z] > git cat-file -s e283b31778a3223826950f39fb9c47e2e34a13ac [1ms]
[2022-02-25T21:58:18.292Z] > git fetch [521ms]
[2022-02-25T21:58:18.302Z] > git symbolic-ref --short HEAD [1ms]
[2022-02-25T21:58:18.306Z] > git for-each-ref --format=%(refname)%00%(upstream:short)%00%(objectname)%00%(upstream:track) refs/heads/master refs/remotes/master [1ms]
[2022-02-25T21:58:18.315Z] > git for-each-ref --sort -committerdate --format %(refname) %(objectname) %(*objectname) [5ms]
[2022-02-25T21:58:18.315Z] > git remote --verbose [1ms]
[2022-02-25T21:58:18.321Z] > git config --get commit.template [1ms]
[2022-02-25T22:00:03.873Z] > git symbolic-ref --short HEAD [0ms]
[2022-02-25T22:00:03.878Z] > git for-each-ref --format=%(refname)%00%(upstream:short)%00%(objectname)%00%(upstream:track) refs/heads/master refs/remotes/master [1ms]
[2022-02-25T22:00:03.886Z] > git remote --verbose [1ms]
[2022-02-25T22:00:03.886Z] > git for-each-ref --sort -committerdate --format %(refname) %(objectname) %(*objectname) [4ms]
[2022-02-25T22:00:03.892Z] > git config --get commit.template [1ms]
[2022-02-25T22:00:03.910Z] > git ls-files --stage -- /home/emamaker/github/hacks/grab-url-from-mail.plx [0ms]
[2022-02-25T22:00:03.914Z] > git cat-file -s e283b31778a3223826950f39fb9c47e2e34a13ac [1ms]
[2022-02-25T22:01:20.815Z] > git fetch [515ms]
[2022-02-25T22:01:20.824Z] > git symbolic-ref --short HEAD [1ms]
[2022-02-25T22:01:20.827Z] > git for-each-ref --format=%(refname)%00%(upstream:short)%00%(objectname)%00%(upstream:track) refs/heads/master refs/remotes/master [0ms]
[2022-02-25T22:01:20.835Z] > git remote --verbose [1ms]
[2022-02-25T22:01:20.835Z] > git for-each-ref --sort -committerdate --format %(refname) %(objectname) %(*objectname) [4ms]
[2022-02-25T22:01:20.840Z] > git config --get commit.template [0ms]
[2022-02-25T22:01:21.878Z] > git symbolic-ref --short HEAD [1ms]
[2022-02-25T22:01:21.883Z] > git for-each-ref --format=%(refname)%00%(upstream:short)%00%(objectname)%00%(upstream:track) refs/heads/master refs/remotes/master [1ms]
[2022-02-25T22:01:21.891Z] > git for-each-ref --sort -committerdate --format %(refname) %(objectname) %(*objectname) [5ms]
[2022-02-25T22:01:21.891Z] > git remote --verbose [1ms]
[2022-02-25T22:01:21.897Z] > git config --get commit.template [1ms]
[2022-02-25T22:01:21.975Z] > git ls-files --stage -- /home/emamaker/github/hacks/grab-url-from-mail.plx [0ms]
[2022-02-25T22:01:21.980Z] > git cat-file -s e283b31778a3223826950f39fb9c47e2e34a13ac [1ms]
[2022-02-25T22:01:26.905Z] > git symbolic-ref --short HEAD [0ms]
[2022-02-25T22:01:26.910Z] > git for-each-ref --format=%(refname)%00%(upstream:short)%00%(objectname)%00%(upstream:track) refs/heads/master refs/remotes/master [1ms]
[2022-02-25T22:01:26.918Z] > git for-each-ref --sort -committerdate --format %(refname) %(objectname) %(*objectname) [4ms]
[2022-02-25T22:01:26.918Z] > git remote --verbose [1ms]
[2022-02-25T22:01:26.923Z] > git config --get commit.template [0ms]
[2022-02-25T22:01:32.966Z] > git ls-files --stage -- /home/emamaker/github/hacks/grab-url-from-mail-alpha.sh [1ms]
[2022-02-25T22:01:32.970Z] > git cat-file -s ee15c95d0547cc09cd4a3fb5337e05205190ac4d [0ms]
[2022-02-25T22:01:33.070Z] > git symbolic-ref --short HEAD [0ms]
[2022-02-25T22:01:33.074Z] > git for-each-ref --format=%(refname)%00%(upstream:short)%00%(objectname)%00%(upstream:track) refs/heads/master refs/remotes/master [0ms]
[2022-02-25T22:01:33.080Z] > git remote --verbose [0ms]
[2022-02-25T22:01:33.081Z] > git for-each-ref --sort -committerdate --format %(refname) %(objectname) %(*objectname) [4ms]
[2022-02-25T22:01:33.086Z] > git config --get commit.template [1ms]
[2022-02-25T22:01:39.619Z] > git symbolic-ref --short HEAD [1ms]
[2022-02-25T22:01:39.623Z] > git for-each-ref --format=%(refname)%00%(upstream:short)%00%(objectname)%00%(upstream:track) refs/heads/master refs/remotes/master [1ms]
[2022-02-25T22:01:39.629Z] > git remote --verbose [1ms]
[2022-02-25T22:01:39.629Z] > git for-each-ref --sort -committerdate --format %(refname) %(objectname) %(*objectname) [3ms]
[2022-02-25T22:01:39.633Z] > git config --get commit.template [0ms]
[2022-02-25T22:01:44.896Z] > git symbolic-ref --short HEAD [1ms]
[2022-02-25T22:01:44.901Z] > git for-each-ref --format=%(refname)%00%(upstream:short)%00%(objectname)%00%(upstream:track) refs/heads/master refs/remotes/master [1ms]
[2022-02-25T22:01:44.906Z] > git remote --verbose [0ms]
[2022-02-25T22:01:44.907Z] > git for-each-ref --sort -committerdate --format %(refname) %(objectname) %(*objectname) [4ms]
[2022-02-25T22:01:44.912Z] > git config --get commit.template [0ms]
[2022-02-25T22:02:08.731Z] > git symbolic-ref --short HEAD [1ms]
[2022-02-25T22:02:08.735Z] > git for-each-ref --format=%(refname)%00%(upstream:short)%00%(objectname)%00%(upstream:track) refs/heads/master refs/remotes/master [1ms]
[2022-02-25T22:02:08.741Z] > git for-each-ref --sort -committerdate --format %(refname) %(objectname) %(*objectname) [3ms]
[2022-02-25T22:02:08.741Z] > git remote --verbose [0ms]
[2022-02-25T22:02:08.746Z] > git config --get commit.template [0ms]
[2022-02-25T22:02:10.124Z] > git ls-files --stage -- /home/emamaker/github/hacks/grab-url-from-mail.plx [1ms]
[2022-02-25T22:02:10.128Z] > git cat-file -s e283b31778a3223826950f39fb9c47e2e34a13ac [1ms]
[2022-02-25T22:03:43.274Z] > git symbolic-ref --short HEAD [1ms]
[2022-02-25T22:03:43.277Z] > git for-each-ref --format=%(refname)%00%(upstream:short)%00%(objectname)%00%(upstream:track) refs/heads/master refs/remotes/master [1ms]
[2022-02-25T22:03:43.282Z] > git for-each-ref --sort -committerdate --format %(refname) %(objectname) %(*objectname) [3ms]
[2022-02-25T22:03:43.283Z] > git remote --verbose [1ms]
[2022-02-25T22:03:43.287Z] > git config --get commit.template [0ms]
[2022-02-25T22:03:43.600Z] > git ls-files --stage -- /home/emamaker/github/hacks/grab-url-from-mail.conf [1ms]
[2022-02-25T22:03:43.603Z] > git cat-file -s 4f8d8516ff92df8bcbe8ff6ba8b65d7190c5f5e0 [0ms]
[2022-02-25T22:04:16.922Z] > git symbolic-ref --short HEAD [1ms]
[2022-02-25T22:04:16.926Z] > git for-each-ref --format=%(refname)%00%(upstream:short)%00%(objectname)%00%(upstream:track) refs/heads/master refs/remotes/master [1ms]
[2022-02-25T22:04:16.932Z] > git remote --verbose [0ms]
[2022-02-25T22:04:16.932Z] > git for-each-ref --sort -committerdate --format %(refname) %(objectname) %(*objectname) [3ms]
[2022-02-25T22:04:16.937Z] > git config --get commit.template [0ms]
[2022-02-25T22:04:19.307Z] > git ls-files --stage -- /home/emamaker/github/hacks/grab-url-from-mail.plx [1ms]
[2022-02-25T22:04:19.312Z] > git cat-file -s e283b31778a3223826950f39fb9c47e2