[2022-02-17T13:53:24.862Z] Validating found git in: git
[2022-02-17T13:53:24.878Z] Using git  from git
[2022-02-17T13:53:24.893Z] > git rev-parse --git-dir [1ms]
[2022-02-17T13:53:24.894Z] Open repository: /media/archive2/Nextcloud_mininas/Projects/TorPageViewer_Selenium_Docker
[2022-02-17T13:53:25.427Z] > git fetch [528ms]
[2022-02-17T13:53:25.545Z] > git symbolic-ref --short HEAD [1ms]
[2022-02-17T13:53:25.550Z] > git for-each-ref --format=%(refname)%00%(upstream:short)%00%(objectname)%00%(upstream:track) refs/heads/master refs/remotes/master [1ms]
[2022-02-17T13:53:25.557Z] > git remote --verbose [1ms]
[2022-02-17T13:53:25.557Z] > git for-each-ref --sort -committerdate --format %(refname) %(objectname) %(*objectname) [4ms]
[2022-02-17T13:53:25.565Z] > git config --get commit.template [1ms]
[2022-02-17T13:53:25.635Z] > git symbolic-ref --short HEAD [0ms]
[2022-02-17T13:53:25.640Z] > git for-each-ref --format=%(refname)%00%(upstream:short)%00%(objectname)%00%(upstream:track) refs/heads/master refs/remotes/master [0ms]
[2022-02-17T13:53:25.651Z] > git for-each-ref --sort -committerdate --format %(refname) %(objectname) %(*objectname) [5ms]
[2022-02-17T13:53:25.652Z] > git remote --verbose [1ms]
[2022-02-17T13:53:25.659Z] > git config --get commit.template [1ms]
[2022-02-17T13:53:26.169Z] > git rev-parse --git-dir [1ms]
[2022-02-17T13:53:26.171Z] Open repository: /media/archive2/Nextcloud_mininas/Projects/TorPageViewer_Selenium_Docker/undetected-chromedriver
[2022-02-17T13:53:26.188Z] > git symbolic-ref --short HEAD [1ms]
[2022-02-17T13:53:26.229Z] > git for-each-ref --format=%(refname)%00%(upstream:short)%00%(objectname)%00%(upstream:track) refs/heads/bugfix refs/remotes/bugfix [36ms]
[2022-02-17T13:53:26.241Z] > git remote --verbose [2ms]
[2022-02-17T13:53:26.258Z] > git for-each-ref --sort -committerdate --format %(refname) %(objectname) %(*objectname) [23ms]
[2022-02-17T13:53:26.266Z] > git config --get commit.template [1ms]
[2022-02-17T13:53:26.611Z] > git fetch [434ms]
[2022-02-17T13:53:26.621Z] > git symbolic-ref --short HEAD [1ms]
[2022-02-17T13:53:26.627Z] > git for-each-ref --format=%(refname)%00%(upstream:short)%00%(objectname)%00%(upstream:track) refs/heads/bugfix refs/remotes/bugfix [1ms]
[2022-02-17T13:53:26.637Z] > git for-each-ref --sort -committerdate --format %(refname) %(objectname) %(*objectname) [6ms]
[2022-02-17T13:53:26.637Z] > git remote --verbose [1ms]
[2022-02-17T13:53:26.646Z] > git config --get commit.template [1ms]
[2022-02-17T13:56:44.884Z] > git fetch [123ms]
[2022-02-17T13:56:44.952Z] > git symbolic-ref --short HEAD [1ms]
[2022-02-17T13:56:44.956Z] > git for-each-ref --format=%(refname)%00%(upstream:short)%00%(objectname)%00%(upstream:track) refs/heads/master refs/remotes/master [1ms]
[2022-02-17T13:56:44.964Z] > git remote --verbose [2ms]
[2022-02-17T13:56:44.964Z] > git for-each-ref --sort -committerdate --format %(refname) %(objectname) %(*objectname) [4ms]
[2022-02-17T13:56:44.969Z] > git config --get commit.template [0ms]
[2022-02-17T13:56:45.185Z] > git fetch [420ms]
[2022-02-17T13:56:45.194Z] > git symbolic-ref --short HEAD [1ms]
[2022-02-17T13:56:45.198Z] > git for-each-ref --format=%(refname)%00%(upstream:short)%00%(objectname)%00%(upstream:track) refs/heads/bugfix refs/remotes/bugfix [1ms]
[2022-02-17T13:56:45.206Z] > git for-each-ref --sort -committerdate --format %(refname) %(objectname) %(*objectname) [4ms]
[2022-02-17T13:56:45.206Z] > git remote --verbose [1ms]
[2022-02-17T13:56:45.211Z] > git config --get commit.template [0ms]
[2022-02-17T13:56:46.248Z] > git symbolic-ref --short HEAD [1ms]
[2022-02-17T13:56:46.253Z] > git for-each-ref --format=%(refname)%00%(upstream:short)%00%(objectname)%00%(upstream:track) refs/heads/bugfix refs/remotes/bugfix [1ms]
[2022-02-17T13:56:46.261Z] > git remote --verbose [0ms]
[2022-02-17T13:56:46.262Z] > git for-each-ref --sort -committerdate --format %(refname) %(objectname) %(*objectname) [5ms]
[2022-02-17T13:56:46.269Z] > git config --get commit.template [1ms]
[2022-02-17T13:57:53.381Z] > git symbolic-ref --short HEAD [0ms]
[2022-02-17T13:57:53.386Z] > git for-each-ref --format=%(refname)%00%(upstream:short)%00%(objectname)%00%(upstream:track) refs/heads/master refs/remotes/master [0ms]
[2022-02-17T13:57:53.395Z] > git for-each-ref --sort -committerdate --format %(refname) %(objectname) %(*objectname) [5ms]
[2022-02-17T13:57:53.396Z] > git remote --verbose [2ms]
[2022-02-17T13:57:53.403Z] > git config --get commit.template [1ms]
[2022-02-17T13:58:07.455Z] > git symbolic-ref --short HEAD [0ms]
[2022-02-17T13:58:07.458Z] > git for-each-ref --format=%(refname)%00%(upstream:short)%00%(objectname)%00%(upstream:track) refs/heads/master refs/remotes/master [0ms]
[2022-02-17T13:58:07.467Z] > git for-each-ref --sort -committerdate --format %(refname) %(objectname) %(*objectname) [5ms]
[2022-02-17T13:58:07.467Z] > git remote --verbose [0ms]
[2022-02-17T13:58:07.474Z] > git config --get commit.template [1ms]
[2022-02-17T13:59:45.077Z] > git fetch [103ms]
[2022-02-17T13:59:45.146Z] > git symbolic-ref --short HEAD [0ms]
[2022-02-17T13:59:45.151Z] > git for-each-ref --format=%(refname)%00%(upstream:short)%00%(objectname)%00%(upstream:track) refs/heads/master refs/remotes/master [0ms]
[2022-02-17T13:59:45.162Z] > git for-each-ref --sort -committerdate --format %(refname) %(objectname) %(*objectname) [6ms]
[2022-02-17T13:59:45.162Z] > git remote --verbose [1ms]
[2022-02-17T13:59:45.169Z] > git config --get commit.template [1ms]
[2022-02-17T13:59:45.630Z] > git fetch [414ms]
[2022-02-17T13:59:45.639Z] > git symbolic-ref --short HEAD [0ms]
[2022-02-17T13:59:45.644Z] > git for-each-ref --format=%(refname)%00%(upstream:short)%00%(objectname)%00%(upstream:track) refs/heads/bugfix refs/remotes/bugfix [1ms]
[2022-02-17T13:59:45.652Z] > git remote --verbose [0ms]
[2022-02-17T13:59:45.652Z] > git for-each-ref --sort -committerdate --format %(refname) %(objectname) %(*objectname) [4ms]
[2022-02-17T13:59:45.659Z] > git config --get commit.template [1ms]
[2022-02-17T13:59:46.734Z] > git symbolic-ref --short HEAD [1ms]
[2022-02-17T13:59:46.738Z] > git for-each-ref --format=%(refname)%00%(upstream:short)%00%(objectname)%00%(upstream:track) refs/heads/bugfix refs/remotes/bugfix [1ms]
[2022-02-17T13:59:46.743Z] > git for-each-ref --sort -committerdate --format %(refname) %(objectname) %(*objectname) [3ms]
[2022-02-17T13:59:46.743Z] > git remote --verbose [0ms]
[2022-02-17T13:59:46.748Z] > git config --get commit.template [1ms]
[2022-02-17T14:02:45.294Z] > git fetch [119ms]
[2022-02-17T14:02:45.363Z] > git symbolic-ref --short HEAD [1ms]
[2022-02-17T14:02:45.367Z] > git for-each-ref --format=%(refname)%00%(upstream:short)%00%(objectname)%00%(upstream:track) refs/heads/master refs/remotes/master [1ms]
[2022-02-17T14:02:45.376Z] > git for-each-ref --sort -committerdate --format %(refname) %(objectname) %(*objectname) [5ms]
[2022-02-17T14:02:45.376Z] > git remote --verbose [0ms]
[2022-02-17T14:02:45.383Z] > git config --get commit.template [1ms]
[2022-02-17T14:02:46.089Z] > git fetch [425ms]
[2022-02-17T14:02:46.099Z] > git symbolic-ref --short HEAD [0ms]
[2022-02-17T14:02:46.105Z] > git for-each-ref --format=%(refname)%00%(upstream:short)%00%(objectname)%00%(upstream:track) refs/heads/bugfix refs/remotes/bugfix [1ms]
[2022-02-17T14:02:46.115Z] > git for-each-ref --sort -committerdate --format %(refname) %(objectname) %(*objectname) [5ms]
[2022-02-17T14:02:46.115Z] > git remote --verbose [1ms]
[2022-02-17T14:02:46.119Z] > git config --get commit.template [1ms]
[2022-02-17T14:02:47.147Z] > git symbolic-ref --short HEAD [0ms]
[2022-02-17T14:02:47.151Z] > git for-each-ref --format=%(refname)%00%(upstream:short)%00%(objectname)%00%(upstream:track) refs/heads/bugfix refs/remotes/bugfix [1ms]
[2022-02-17T14:02:47.158Z] > git for-each-ref --sort -committerdate --format %(refname) %(objectname) %(*objectname) [4ms]
[2022-02-17T14:02:47.158Z] > git remote --verbose [1ms]
[2022-02-17T14:02:47.163Z] > git config --get commit.template [1ms]
[2022-02-17T14:05:45.540Z] > git fetch [153ms]
[2022-02-17T14:05:45.612Z] > git symbolic-ref --short HEAD [1ms]
[2022-02-17T14:05:45.616Z] > git for-each-ref --format=%(refname)%00%(upstream:short)%00%(objectname)%00%(upstream:track) refs/heads/master refs/remotes/master [0ms]
[2022-02-17T14:05:45.625Z] > git remote --verbose [0ms]
[2022-02-17T14:05:45.625Z] > git for-each-ref --sort -committerdate --format %(refname) %(objectname) %(*objectname) [4ms]
[2022-02-17T14:05:45.631Z] > git config --get commit.template [1ms]
[2022-02-17T14:05:46.549Z] > git fetch [425ms]
[2022-02-17T14:05:46.560Z] > git symbolic-ref --short HEAD [1ms]
[2022-02-17T14:05:46.565Z] > git for-each-ref --format=%(refname)%00%(upstream:short)%00%(objectname)%00%(upstream:track) refs/heads/bugfix refs/remotes/bugfix [1ms]
[2022-02-17T14:05:46.573Z] > git remote --verbose [1ms]
[2022-02-17T14:05:46.573Z] > git for-each-ref --sort -committerdate --format %(refname) %(objectname) %(*objectname) [5ms]
[2022-02-17T14:05:46.578Z] > git config --get commit.template [0ms]
[2022-02-17T14:05:47.611Z] > git symbolic-ref --short HEAD [1ms]
[2022-02-17T14:05:47.616Z] > git for-each-ref --format=%(refname)%00%(upstream:short)%00%(objectname)%00%(upstream:track) refs/heads/bugfix refs/remotes/bugfix [0ms]
[2022-02-17T14:05:47.626Z] > git remote --verbose [1ms]
[2022-02-17T14:05:47.626Z] > git for-each-ref --sort -committerdate --format %(refname) %(objectname) %(*objectname) [5ms]
[2022-02-17T14:05:47.632Z] > git config --get commit.template [1ms]
