[2022-02-15 16:48:58.577] [exthost] [info] Extension host with pid 9370 started
[2022-02-15 16:48:58.577] [exthost] [info] Skipping acquiring lock for /home/emamaker/.config/Code - OSS/User/workspaceStorage/bc4b795b64912a655f7b0434f50e3ac0.
[2022-02-15 16:48:58.863] [exthost] [info] ExtensionService#_doActivateExtension vscode.debug-auto-launch, startup: true, activationEvent: '*'
[2022-02-15 16:48:58.868] [exthost] [info] ExtensionService#_doActivateExtension vscode.git-base, startup: true, activationEvent: '*', root cause: vscode.github
[2022-02-15 16:48:58.920] [exthost] [info] ExtensionService#_doActivateExtension vscode.git, startup: true, activationEvent: '*'
[2022-02-15 16:48:58.945] [exthost] [info] ExtensionService#_doActivateExtension vscode.github, startup: true, activationEvent: '*'
[2022-02-15 16:48:59.010] [exthost] [info] Eager extensions activated
[2022-02-15 16:48:59.041] [exthost] [info] ExtensionService#_doActivateExtension vscode.emmet, startup: false, activationEvent: 'onStartupFinished'
[2022-02-15 16:48:59.048] [exthost] [info] ExtensionService#_doActivateExtension vscode.merge-conflict, startup: false, activationEvent: 'onStartupFinished'
[2022-02-15 16:49:24.944] [exthost] [info] extension host terminating: renderer closed the socket
[2022-02-15 16:49:24.948] [exthost] [info] Extension host with pid 9370 exiting with code 0
[2022-02-15 16:49:26.319] [exthost] [info] Extension host with pid 9606 started
[2022-02-15 16:49:26.319] [exthost] [info] Skipping acquiring lock for /home/emamaker/.config/Code - OSS/User/workspaceStorage/839eb6b31b70af5535203ecadcaa448a.
[2022-02-15 16:49:26.352] [exthost] [info] ExtensionService#_doActivateExtension vscode.debug-auto-launch, startup: true, activationEvent: '*'
[2022-02-15 16:49:26.353] [exthost] [info] ExtensionService#_doActivateExtension vscode.git-base, startup: true, activationEvent: '*', root cause: vscode.github
[2022-02-15 16:49:26.359] [exthost] [info] ExtensionService#_doActivateExtension vscode.github, startup: true, activationEvent: '*'
[2022-02-15 16:49:26.362] [exthost] [info] Eager extensions activated
[2022-02-15 16:49:26.365] [exthost] [info] ExtensionService#_doActivateExtension vscode.emmet, startup: false, activationEvent: 'onStartupFinished'
[2022-02-15 16:49:26.367] [exthost] [info] ExtensionService#_doActivateExtension vscode.merge-conflict, startup: false, activationEvent: 'onStartupFinished'
[2022-02-15 16:49:27.962] [exthost] [info] ExtensionService#_doActivateExtension vscode.git, startup: false, activationEvent: 'api', root cause: vscode.github
[2022-02-15 16:49:48.126] [exthost] [info] ExtensionService#_doActivateExtension vscode.extension-editing, startup: false, activationEvent: 'onLanguage:markdown'
[2022-02-15 16:49:48.136] [exthost] [info] ExtensionService#_doActivateExtension vscode.markdown-language-features, startup: false, activationEvent: 'onLanguage:markdown'
[2022-02-15 16:49:48.168] [exthost] [info] ExtensionService#_doActivateExtension jebbs.markdown-extended, startup: false, activationEvent: 'onLanguage:markdown'
[2022-02-15 16:49:48.578] [exthost] [info] ExtensionService#_doActivateExtension vscode.markdown-math, startup: false, activationEvent: 'api', root cause: vscode.markdown-language-features
[2022-02-15 17:27:40.331] [exthost] [info] extension host terminating: renderer closed the socket
[2022-02-15 17:27:40.338] [exthost] [info] Extension host with pid 9606 exiting with code 0
