[2022-02-27 18:46:00.660] [renderer1] [info] IExtensionHostStarter.start() took 26 ms.
[2022-02-27 18:46:00.681] [renderer1] [critical] Extension 'ms-python.python CANNOT USE these API proposals 'languageStatus, quickPickSortByLabel, testObserver, notebookEditor'. You MUST start in extension development mode or use the --enable-proposed-api command line flag
[2022-02-27 18:46:00.682] [renderer1] [critical] Extension 'ms-toolsai.jupyter CANNOT USE these API proposals 'notebookConcatTextDocument, notebookControllerKind, notebookDebugOptions, notebookDeprecated, notebookEditor, notebookEditorDecorationType, notebookEditorEdit, notebookMessaging, notebookMime, notebookCellExecutionState, portsAttributes, textDocumentNotebook, quickPickSortByLabel'. You MUST start in extension development mode or use the --enable-proposed-api command line flag
[2022-02-27 18:46:00.885] [renderer1] [error] [Extension Host] (node:21726) [DEP0005] DeprecationWarning: Buffer() is deprecated due to security and usability issues. Please use the Buffer.alloc(), Buffer.allocUnsafe(), or Buffer.from() methods instead.
(Use `electron --trace-deprecation ...` to show where the warning was created)
[2022-02-27 18:46:01.220] [renderer1] [warning] [File Watcher (parcel)] correcting a path to watch that seems to be a symbolic link or wrong casing (original: /home/emamaker/Documents/Università/1 Anno/2 Semestre/TDP/EsercitazioniLab/Esercitazione1, real: /media/archive2/Nextcloud_mininas/Documents/Università/1 Anno/2 Semestre/TDP/EsercitazioniLab/Esercitazione1)
[2022-02-27 18:47:20.452] [renderer1] [critical] Extension 'ms-python.python CANNOT USE these API proposals 'languageStatus, quickPickSortByLabel, testObserver, notebookEditor'. You MUST start in extension development mode or use the --enable-proposed-api command line flag
[2022-02-27 18:47:20.462] [renderer1] [critical] Extension 'ms-toolsai.jupyter CANNOT USE these API proposals 'notebookConcatTextDocument, notebookControllerKind, notebookDebugOptions, notebookDeprecated, notebookEditor, notebookEditorDecorationType, notebookEditorEdit, notebookMessaging, notebookMime, notebookCellExecutionState, portsAttributes, textDocumentNotebook, quickPickSortByLabel'. You MUST start in extension development mode or use the --enable-proposed-api command line flag
[2022-02-27 18:47:20.602] [renderer1] [info] IExtensionHostStarter.start() took 166 ms.
[2022-02-27 18:47:20.735] [renderer1] [error] [Extension Host] (node:22277) [DEP0005] DeprecationWarning: Buffer() is deprecated due to security and usability issues. Please use the Buffer.alloc(), Buffer.allocUnsafe(), or Buffer.from() methods instead.
(Use `electron --trace-deprecation ...` to show where the warning was created)
[2022-02-27 18:47:20.803] [renderer1] [warning] [File Watcher (parcel)] correcting a path to watch that seems to be a symbolic link or wrong casing (original: /home/emamaker/Documents/Projects/GreenPass-Experiments/Downloads/GreenPass-Experiments-master(2)/GreenPass-Experiments-master, real: /media/archive2/Nextcloud_mininas/Projects/GreenPass-Experiments/Downloads/GreenPass-Experiments-master(2)/GreenPass-Experiments-master)
[2022-02-27 18:48:41.152] [renderer1] [error] [Extension Host] extension activation failed Error: Extension 'ms-toolsai.jupyter' CANNOT use API proposal: notebookEditor.
Its package.json#enabledApiProposals-property declares:  but NOT notebookEditor.
 The missing proposal MUST be added and you must start in extension development mode or use the following command line switch: --enable-proposed-api ms-toolsai.jupyter
	at E (/usr/lib/code/out/vs/workbench/services/extensions/node/extensionHostProcess.js:91:64217)
	at Object.onDidChangeCellMetadata (/usr/lib/code/out/vs/workbench/services/extensions/node/extensionHostProcess.js:107:51867)
	at u.addEventHandlers (/home/emamaker/.vscode-oss/extensions/ms-toolsai.jupyter-2022.1.1301856528/out/client/extension.js:66:796055)
	at new u (/home/emamaker/.vscode-oss/extensions/ms-toolsai.jupyter-2022.1.1301856528/out/client/extension.js:66:794720)
	at Object.t.resolveInstance (/home/emamaker/.vscode-oss/extensions/ms-toolsai.jupyter-2022.1.1301856528/out/client/extension.js:66:238380)
	at /home/emamaker/.vscode-oss/extensions/ms-toolsai.jupyter-2022.1.1301856528/out/client/extension.js:66:237585
	at Array.map (<anonymous>)
	at Object.t.resolveInstance (/home/emamaker/.vscode-oss/extensions/ms-toolsai.jupyter-2022.1.1301856528/out/client/extension.js:66:238150)
	at /home/emamaker/.vscode-oss/extensions/ms-toolsai.jupyter-2022.1.1301856528/out/client/extension.js:66:237585
	at /home/emamaker/.vscode-oss/extensions/ms-toolsai.jupyter-2022.1.1301856528/out/client/extension.js:66:236533
	at Array.map (<anonymous>)
	at /home/emamaker/.vscode-oss/extensions/ms-toolsai.jupyter-2022.1.1301856528/out/client/extension.js:66:236505
	at Array.map (<anonymous>)
	at Object.t.resolveInstance (/home/emamaker/.vscode-oss/extensions/ms-toolsai.jupyter-2022.1.1301856528/out/client/extension.js:66:238150)
	at /home/emamaker/.vscode-oss/extensions/ms-toolsai.jupyter-2022.1.1301856528/out/client/extension.js:66:237585
	at Object.t.resolve (/home/emamaker/.vscode-oss/extensions/ms-toolsai.jupyter-2022.1.1301856528/out/client/extension.js:66:237848)
	at /home/emamaker/.vscode-oss/extensions/ms-toolsai.jupyter-2022.1.1301856528/out/client/extension.js:66:228945
	at e._get (/home/emamaker/.vscode-oss/extensions/ms-toolsai.jupyter-2022.1.1301856528/out/client/extension.js:66:228711)
	at e.get (/home/emamaker/.vscode-oss/extensions/ms-toolsai.jupyter-2022.1.1301856528/out/client/extension.js:66:227423)
	at a.get (/home/emamaker/.vscode-oss/extensions/ms-toolsai.jupyter-2022.1.1301856528/out/client/extension.js:124:61150)
	at /home/emamaker/.vscode-oss/extensions/ms-toolsai.jupyter-2022.1.1301856528/out/client/extension.js:66:276365
	at processTicksAndRejections (internal/process/task_queues.js:93:5)
	at async /home/emamaker/.vscode-oss/extensions/ms-toolsai.jupyter-2022.1.1301856528/out/client/extension.js:51:786403
	at async t.activate (/home/emamaker/.vscode-oss/extensions/ms-toolsai.jupyter-2022.1.1301856528/out/client/extension.js:51:786082)
	at async Promise.all (index 1)
[2022-02-27 18:57:37.654] [renderer1] [warning] [File Watcher (node.js)] correcting a path to watch that seems to be a symbolic link or wrong casing (original: /home/emamaker/Documents/Projects/GreenPass-Experiments/verificac19-dati-dump/results, real: /media/archive2/Nextcloud_mininas/Projects/GreenPass-Experiments/verificac19-dati-dump/results)
[2022-02-27 19:07:35.087] [renderer1] [warning] [File Watcher (node.js)] correcting a path to watch that seems to be a symbolic link or wrong casing (original: /home/emamaker/Documents/Projects/GreenPass-Experiments/verificac19-dati-dump/results, real: /media/archive2/Nextcloud_mininas/Projects/GreenPass-Experiments/verificac19-dati-dump/results)
[2022-02-27 19:25:24.921] [renderer1] [warning] [File Watcher (node.js)] correcting a path to watch that seems to be a symbolic link or wrong casing (original: /home/emamaker/Documents/Projects/GreenPass-Experiments/verificac19-dati-dump/my_kid.txt, real: /media/archive2/Nextcloud_mininas/Projects/GreenPass-Experiments/verificac19-dati-dump/my_kid.txt)
[2022-02-27 20:27:23.942] [renderer1] [warning] [File Watcher (node.js)] correcting a path to watch that seems to be a symbolic link or wrong casing (original: /home/emamaker/Documents/Projects/GreenPass-Experiments/verificac19-dati-dump/my_kid.txt, real: /media/archive2/Nextcloud_mininas/Projects/GreenPass-Experiments/verificac19-dati-dump/my_kid.txt)
[2022-02-27 20:27:27.430] [renderer1] [warning] [File Watcher (node.js)] correcting a path to watch that seems to be a symbolic link or wrong casing (original: /home/emamaker/Documents/Projects/GreenPass-Experiments/verificac19-dati-dump/my_kid.txt, real: /media/archive2/Nextcloud_mininas/Projects/GreenPass-Experiments/verificac19-dati-dump/my_kid.txt)
[2022-02-27 20:39:21.205] [renderer1] [warning] [File Watcher (node.js)] correcting a path to watch that seems to be a symbolic link or wrong casing (original: /home/emamaker/Documents/Projects/GreenPass-Experiments/verificac19-dati-dump/my_kid.txt, real: /media/archive2/Nextcloud_mininas/Projects/GreenPass-Experiments/verificac19-dati-dump/my_kid.txt)
[2022-02-27 20:39:50.096] [renderer1] [warning] [File Watcher (node.js)] correcting a path to watch that seems to be a symbolic link or wrong casing (original: /home/emamaker/Documents/Projects/GreenPass-Experiments/verificac19-dati-dump/my_kid.txt, real: /media/archive2/Nextcloud_mininas/Projects/GreenPass-Experiments/verificac19-dati-dump/my_kid.txt)
[2022-02-27 20:44:43.517] [renderer1] [warning] [File Watcher (node.js)] correcting a path to watch that seems to be a symbolic link or wrong casing (original: /home/emamaker/Documents/Projects/GreenPass-Experiments/verificac19-dati-dump/my_kid.txt, real: /media/archive2/Nextcloud_mininas/Projects/GreenPass-Experiments/verificac19-dati-dump/my_kid.txt)
[2022-02-27 20:45:04.975] [renderer1] [warning] [File Watcher (node.js)] correcting a path to watch that seems to be a symbolic link or wrong casing (original: /home/emamaker/Documents/Projects/GreenPass-Experiments/verificac19-dati-dump/my_kid.txt, real: /media/archive2/Nextcloud_mininas/Projects/GreenPass-Experiments/verificac19-dati-dump/my_kid.txt)
[2022-02-27 21:09:08.711] [renderer1] [warning] [File Watcher (node.js)] correcting a path to watch that seems to be a symbolic link or wrong casing (original: /home/emamaker/Documents/Projects/GreenPass-Experiments/verificac19-dati-dump/my_kid.txt, real: /media/archive2/Nextcloud_mininas/Projects/GreenPass-Experiments/verificac19-dati-dump/my_kid.txt)
