[2022-02-19T18:05:11.516Z] Validating found git in: git
[2022-02-19T18:05:11.551Z] Using git 2.35.1 from git
[2022-02-19T18:05:11.582Z] > git rev-parse --git-dir [14ms]
[2022-02-19T18:05:11.584Z] Open repository: /media/archive2/Nextcloud_mininas/Projects/bots/user-bots/PageViewerBot
[2022-02-19T18:05:11.605Z] > git symbolic-ref --short HEAD [2ms]
[2022-02-19T18:05:11.609Z] > git for-each-ref --format=%(refname)%00%(upstream:short)%00%(objectname)%00%(upstream:track) refs/heads/master refs/remotes/master [1ms]
[2022-02-19T18:05:11.617Z] > git for-each-ref --sort -committerdate --format %(refname) %(objectname) %(*objectname) [4ms]
[2022-02-19T18:05:11.619Z] > git remote --verbose [4ms]
[2022-02-19T18:05:11.651Z] > git config --get commit.template [20ms]
[2022-02-19T18:05:11.711Z] > git fetch [122ms]
[2022-02-19T18:05:11.723Z] > git symbolic-ref --short HEAD [1ms]
[2022-02-19T18:05:11.735Z] > git for-each-ref --format=%(refname)%00%(upstream:short)%00%(objectname)%00%(upstream:track) refs/heads/master refs/remotes/master [7ms]
[2022-02-19T18:05:11.741Z] > git for-each-ref --sort -committerdate --format %(refname) %(objectname) %(*objectname) [3ms]
[2022-02-19T18:05:11.742Z] > git remote --verbose [1ms]
[2022-02-19T18:05:11.746Z] > git config --get commit.template [0ms]
[2022-02-19T18:05:12.068Z] > git ls-files --stage -- /media/archive2/Nextcloud_mininas/Projects/bots/user-bots/PageViewerBot/browser_manager.py [1ms]
[2022-02-19T18:05:12.074Z] > git cat-file -s 1e86fe5a581f5afa3ab7d0cba4567d21a6d59604 [1ms]
[2022-02-19T18:05:12.772Z] > git symbolic-ref --short HEAD [0ms]
[2022-02-19T18:05:12.779Z] > git for-each-ref --format=%(refname)%00%(upstream:short)%00%(objectname)%00%(upstream:track) refs/heads/master refs/remotes/master [0ms]
[2022-02-19T18:05:12.790Z] > git for-each-ref --sort -committerdate --format %(refname) %(objectname) %(*objectname) [5ms]
[2022-02-19T18:05:12.791Z] > git remote --verbose [2ms]
[2022-02-19T18:05:12.800Z] > git config --get commit.template [1ms]
[2022-02-19T18:05:12.868Z] > git ls-files --stage -- /media/archive2/Nextcloud_mininas/Projects/bots/user-bots/PageViewerBot/browser_manager.py [1ms]
[2022-02-19T18:05:12.875Z] > git cat-file -s 1e86fe5a581f5afa3ab7d0cba4567d21a6d59604 [0ms]
[2022-02-19T18:05:44.557Z] > git symbolic-ref --short HEAD [0ms]
[2022-02-19T18:05:44.563Z] > git for-each-ref --format=%(refname)%00%(upstream:short)%00%(objectname)%00%(upstream:track) refs/heads/master refs/remotes/master [1ms]
[2022-02-19T18:05:44.574Z] > git for-each-ref --sort -committerdate --format %(refname) %(objectname) %(*objectname) [5ms]
[2022-02-19T18:05:44.575Z] > git remote --verbose [2ms]
[2022-02-19T18:05:44.582Z] > git config --get commit.template [1ms]
[2022-02-19T18:05:53.894Z] > git symbolic-ref --short HEAD [1ms]
[2022-02-19T18:05:53.899Z] > git for-each-ref --format=%(refname)%00%(upstream:short)%00%(objectname)%00%(upstream:track) refs/heads/master refs/remotes/master [0ms]
[2022-02-19T18:05:53.910Z] > git for-each-ref --sort -committerdate --format %(refname) %(objectname) %(*objectname) [6ms]
[2022-02-19T18:05:53.911Z] > git remote --verbose [2ms]
[2022-02-19T18:05:53.918Z] > git config --get commit.template [1ms]
