[2022-02-17T14:09:13.629Z] Validating found git in: git
[2022-02-17T14:09:13.677Z] Using git 2.35.1 from git
[2022-02-17T14:09:13.691Z] > git rev-parse --git-dir [0ms]
[2022-02-17T14:09:13.692Z] Open repository: /media/archive2/Nextcloud_mininas/Projects/TorPageViewer_Selenium_Docker
[2022-02-17T14:09:14.074Z] > git fetch [380ms]
[2022-02-17T14:09:14.633Z] > git symbolic-ref --short HEAD [0ms]
[2022-02-17T14:09:14.639Z] > git for-each-ref --format=%(refname)%00%(upstream:short)%00%(objectname)%00%(upstream:track) refs/heads/master refs/remotes/master [1ms]
[2022-02-17T14:09:14.646Z] > git remote --verbose [1ms]
[2022-02-17T14:09:14.647Z] > git for-each-ref --sort -committerdate --format %(refname) %(objectname) %(*objectname) [5ms]
[2022-02-17T14:09:14.656Z] > git config --get commit.template [1ms]
[2022-02-17T14:09:14.677Z] > git symbolic-ref --short HEAD [0ms]
[2022-02-17T14:09:14.682Z] > git for-each-ref --format=%(refname)%00%(upstream:short)%00%(objectname)%00%(upstream:track) refs/heads/master refs/remotes/master [1ms]
[2022-02-17T14:09:14.688Z] > git for-each-ref --sort -committerdate --format %(refname) %(objectname) %(*objectname) [3ms]
[2022-02-17T14:09:14.689Z] > git remote --verbose [1ms]
[2022-02-17T14:09:14.696Z] > git config --get commit.template [1ms]
[2022-02-17T14:09:15.201Z] > git rev-parse --git-dir [1ms]
[2022-02-17T14:09:15.203Z] Open repository: /media/archive2/Nextcloud_mininas/Projects/TorPageViewer_Selenium_Docker/undetected-chromedriver
[2022-02-17T14:09:15.217Z] > git symbolic-ref --short HEAD [1ms]
[2022-02-17T14:09:15.258Z] > git for-each-ref --format=%(refname)%00%(upstream:short)%00%(objectname)%00%(upstream:track) refs/heads/bugfix refs/remotes/bugfix [37ms]
[2022-02-17T14:09:15.268Z] > git remote --verbose [1ms]
[2022-02-17T14:09:15.287Z] > git for-each-ref --sort -committerdate --format %(refname) %(objectname) %(*objectname) [24ms]
[2022-02-17T14:09:15.293Z] > git config --get commit.template [0ms]
[2022-02-17T14:09:15.657Z] > git fetch [449ms]
[2022-02-17T14:09:15.665Z] > git symbolic-ref --short HEAD [1ms]
[2022-02-17T14:09:15.668Z] > git for-each-ref --format=%(refname)%00%(upstream:short)%00%(objectname)%00%(upstream:track) refs/heads/bugfix refs/remotes/bugfix [0ms]
[2022-02-17T14:09:15.675Z] > git for-each-ref --sort -committerdate --format %(refname) %(objectname) %(*objectname) [3ms]
[2022-02-17T14:09:15.676Z] > git remote --verbose [1ms]
[2022-02-17T14:09:15.680Z] > git config --get commit.template [0ms]
[2022-02-17T14:09:16.706Z] > git symbolic-ref --short HEAD [1ms]
[2022-02-17T14:09:16.712Z] > git for-each-ref --format=%(refname)%00%(upstream:short)%00%(objectname)%00%(upstream:track) refs/heads/bugfix refs/remotes/bugfix [1ms]
[2022-02-17T14:09:16.721Z] > git remote --verbose [1ms]
[2022-02-17T14:09:16.721Z] > git for-each-ref --sort -committerdate --format %(refname) %(objectname) %(*objectname) [4ms]
[2022-02-17T14:09:16.729Z] > git config --get commit.template [1ms]
[2022-02-17T14:12:15.415Z] > git fetch [116ms]
[2022-02-17T14:12:15.438Z] > git symbolic-ref --short HEAD [1ms]
[2022-02-17T14:12:15.444Z] > git for-each-ref --format=%(refname)%00%(upstream:short)%00%(objectname)%00%(upstream:track) refs/heads/master refs/remotes/master [1ms]
[2022-02-17T14:12:15.455Z] > git for-each-ref --sort -committerdate --format %(refname) %(objectname) %(*objectname) [6ms]
[2022-02-17T14:12:15.459Z] > git remote --verbose [5ms]
[2022-02-17T14:12:15.466Z] > git config --get commit.template [0ms]
[2022-02-17T14:12:16.487Z] > git symbolic-ref --short HEAD [0ms]
[2022-02-17T14:12:16.491Z] > git for-each-ref --format=%(refname)%00%(upstream:short)%00%(objectname)%00%(upstream:track) refs/heads/master refs/remotes/master [0ms]
[2022-02-17T14:12:16.500Z] > git remote --verbose [0ms]
[2022-02-17T14:12:16.501Z] > git for-each-ref --sort -committerdate --format %(refname) %(objectname) %(*objectname) [5ms]
[2022-02-17T14:12:16.508Z] > git config --get commit.template [1ms]
[2022-02-17T14:12:16.660Z] > git fetch [378ms]
[2022-02-17T14:12:16.667Z] > git symbolic-ref --short HEAD [1ms]
[2022-02-17T14:12:16.671Z] > git for-each-ref --format=%(refname)%00%(upstream:short)%00%(objectname)%00%(upstream:track) refs/heads/bugfix refs/remotes/bugfix [1ms]
[2022-02-17T14:12:16.677Z] > git for-each-ref --sort -committerdate --format %(refname) %(objectname) %(*objectname) [3ms]
[2022-02-17T14:12:16.677Z] > git remote --verbose [1ms]
[2022-02-17T14:12:16.682Z] > git config --get commit.template [1ms]
[2022-02-17T14:12:17.719Z] > git symbolic-ref --short HEAD [1ms]
[2022-02-17T14:12:17.722Z] > git for-each-ref --format=%(refname)%00%(upstream:short)%00%(objectname)%00%(upstream:track) refs/heads/bugfix refs/remotes/bugfix [1ms]
[2022-02-17T14:12:17.729Z] > git for-each-ref --sort -committerdate --format %(refname) %(objectname) %(*objectname) [4ms]
[2022-02-17T14:12:17.730Z] > git remote --verbose [1ms]
[2022-02-17T14:12:17.738Z] > git config --get commit.template [1ms]
[2022-02-17T14:15:15.588Z] > git fetch [115ms]
[2022-02-17T14:15:15.610Z] > git symbolic-ref --short HEAD [1ms]
[2022-02-17T14:15:15.614Z] > git for-each-ref --format=%(refname)%00%(upstream:short)%00%(objectname)%00%(upstream:track) refs/heads/master refs/remotes/master [0ms]
[2022-02-17T14:15:15.624Z] > git for-each-ref --sort -committerdate --format %(refname) %(objectname) %(*objectname) [5ms]
[2022-02-17T14:15:15.624Z] > git remote --verbose [1ms]
[2022-02-17T14:15:15.632Z] > git config --get commit.template [1ms]
[2022-02-17T14:15:16.696Z] > git symbolic-ref --short HEAD [0ms]
[2022-02-17T14:15:16.700Z] > git for-each-ref --format=%(refname)%00%(upstream:short)%00%(objectname)%00%(upstream:track) refs/heads/master refs/remotes/master [1ms]
[2022-02-17T14:15:16.707Z] > git remote --verbose [1ms]
[2022-02-17T14:15:16.707Z] > git for-each-ref --sort -committerdate --format %(refname) %(objectname) %(*objectname) [4ms]
[2022-02-17T14:15:16.713Z] > git config --get commit.template [1ms]
[2022-02-17T14:15:17.459Z] > git fetch [772ms]
[2022-02-17T14:15:17.469Z] > git symbolic-ref --short HEAD [1ms]
[2022-02-17T14:15:17.472Z] > git for-each-ref --format=%(refname)%00%(upstream:short)%00%(objectname)%00%(upstream:track) refs/heads/bugfix refs/remotes/bugfix [0ms]
[2022-02-17T14:15:17.480Z] > git for-each-ref --sort -committerdate --format %(refname) %(objectname) %(*objectname) [4ms]
[2022-02-17T14:15:17.480Z] > git remote --verbose [0ms]
[2022-02-17T14:15:17.486Z] > git config --get commit.template [0ms]
[2022-02-17T14:16:01.941Z] > git symbolic-ref --short HEAD [0ms]
[2022-02-17T14:16:01.945Z] > git for-each-ref --format=%(refname)%00%(upstream:short)%00%(objectname)%00%(upstream:track) refs/heads/bugfix refs/remotes/bugfix [1ms]
[2022-02-17T14:16:01.953Z] > git for-each-ref --sort -committerdate --format %(refname) %(objectname) %(*objectname) [5ms]
[2022-02-17T14:16:01.953Z] > git remote --verbose [1ms]
[2022-02-17T14:16:01.960Z] > git config --get commit.template [1ms]
[2022-02-17T14:18:22.683Z] > git fetch [109ms]
[2022-02-17T14:18:22.707Z] > git symbolic-ref --short HEAD [0ms]
[2022-02-17T14:18:22.712Z] > git for-each-ref --format=%(refname)%00%(upstream:short)%00%(objectname)%00%(upstream:track) refs/heads/master refs/remotes/master [1ms]
[2022-02-17T14:18:22.720Z] > git for-each-ref --sort -committerdate --format %(refname) %(objectname) %(*objectname) [4ms]
[2022-02-17T14:18:22.720Z] > git remote --verbose [1ms]
[2022-02-17T14:18:22.727Z] > git config --get commit.template [1ms]
[2022-02-17T14:18:22.993Z] > git fetch [414ms]
[2022-02-17T14:18:23.003Z] > git symbolic-ref --short HEAD [1ms]
[2022-02-17T14:18:23.008Z] > git for-each-ref --format=%(refname)%00%(upstream:short)%00%(objectname)%00%(upstream:track) refs/heads/bugfix refs/remotes/bugfix [1ms]
[2022-02-17T14:18:23.016Z] > git for-each-ref --sort -committerdate --format %(refname) %(objectname) %(*objectname) [4ms]
[2022-02-17T14:18:23.016Z] > git remote --verbose [1ms]
[2022-02-17T14:18:23.024Z] > git config --get commit.template [1ms]
[2022-02-17T14:18:23.756Z] > git symbolic-ref --short HEAD [1ms]
[2022-02-17T14:18:23.761Z] > git for-each-ref --format=%(refname)%00%(upstream:short)%00%(objectname)%00%(upstream:track) refs/heads/master refs/remotes/master [1ms]
[2022-02-17T14:18:23.769Z] > git for-each-ref --sort -committerdate --format %(refname) %(objectname) %(*objectname) [4ms]
[2022-02-17T14:18:23.769Z] > git remote --verbose [1ms]
[2022-02-17T14:18:23.776Z] > git config --get commit.template [1ms]
[2022-02-17T14:18:24.053Z] > git symbolic-ref --short HEAD [1ms]
[2022-02-17T14:18:24.059Z] > git for-each-ref --format=%(refname)%00%(upstream:short)%00%(objectname)%00%(upstream:track) refs/heads/bugfix refs/remotes/bugfix [1ms]
[2022-02-17T14:18:24.068Z] > git for-each-ref --sort -committerdate --format %(refname) %(objectname) %(*objectname) [5ms]
[2022-02-17T14:18:24.069Z] > git remote --verbose [2ms]
[2022-02-17T14:18:24.075Z] > git config --get commit.template [1ms]
[2022-02-17T14:24:58.467Z] > git fetch [120ms]
[2022-02-17T14:24:58.486Z] > git symbolic-ref --short HEAD [0ms]
[2022-02-17T14:24:58.490Z] > git for-each-ref --format=%(refname)%00%(upstream:short)%00%(objectname)%00%(upstream:track) refs/heads/master refs/remotes/master [1ms]
[2022-02-17T14:24:58.497Z] > git remote --verbose [0ms]
[2022-02-17T14:24:58.497Z] > git for-each-ref --sort -committerdate --format %(refname) %(objectname) %(*objectname) [4ms]
[2022-02-17T14:24:58.503Z] > git config --get commit.template [1ms]
[2022-02-17T14:24:58.767Z] > git fetch [416ms]
[2022-02-17T14:24:58.779Z] > git symbolic-ref --short HEAD [1ms]
[2022-02-17T14:24:58.783Z] > git for-each-ref --format=%(refname)%00%(upstream:short)%00%(objectname)%00%(upstream:track) refs/heads/bugfix refs/remotes/bugfix [0ms]
[2022-02-17T14:24:58.792Z] > git for-each-ref --sort -committerdate --format %(refname) %(objectname) %(*objectname) [5ms]
[2022-02-17T14:24:58.792Z] > git remote --verbose [1ms]
[2022-02-17T14:24:58.798Z] > git config --get commit.template [1ms]
[2022-02-17T14:24:59.536Z] > git symbolic-ref --short HEAD [1ms]
[2022-02-17T14:24:59.540Z] > git for-each-ref --format=%(refname)%00%(upstream:short)%00%(objectname)%00%(upstream:track) refs/heads/master refs/remotes/master [0ms]
[2022-02-17T14:24:59.548Z] > git remote --verbose [0ms]
[2022-02-17T14:24:59.548Z] > git for-each-ref --sort -committerdate --format %(refname) %(objectname) %(*objectname) [4ms]
[2022-02-17T14:24:59.553Z] > git config --get commit.template [0ms]
[2022-02-17T14:24:59.828Z] > git symbolic-ref --short HEAD [1ms]
[2022-02-17T14:24:59.833Z] > git for-each-ref --format=%(refname)%00%(upstream:short)%00%(objectname)%00%(upstream:track) refs/heads/bugfix refs/remotes/bugfix [1ms]
[2022-02-17T14:24:59.843Z] > git for-each-ref --sort -committerdate --format %(refname) %(objectname) %(*objectname) [6ms]
[2022-02-17T14:24:59.843Z] > git remote --verbose [2ms]
[2022-02-17T14:24:59.850Z] > git config --get commit.template [0ms]
[2022-02-17T14:25:38.061Z] > git symbolic-ref --short HEAD [0ms]
[2022-02-17T14:25:38.065Z] > git for-each-ref --format=%(refname)%00%(upstream:short)%00%(objectname)%00%(upstream:track) refs/heads/master refs/remotes/master [0ms]
[2022-02-17T14:25:38.074Z] > git remote --verbose [2ms]
[2022-02-17T14:25:38.074Z] > git for-each-ref --sort -committerdate --format %(refname) %(objectname) %(*objectname) [5ms]
[2022-02-17T14:25:38.080Z] > git config --get commit.template [0ms]
[2022-02-17T14:31:08.394Z] > git fetch [111ms]
[2022-02-17T14:31:08.413Z] > git symbolic-ref --short HEAD [1ms]
[2022-02-17T14:31:08.417Z] > git for-each-ref --format=%(refname)%00%(upstream:short)%00%(objectname)%00%(upstream:track) refs/heads/master refs/remotes/master [0ms]
[2022-02-17T14:31:08.425Z] > git remote --verbose [1ms]
[2022-02-17T14:31:08.425Z] > git for-each-ref --sort -committerdate --format %(refname) %(objectname) %(*objectname) [4ms]
[2022-02-17T14:31:08.430Z] > git config --get commit.template [0ms]
[2022-02-17T14:31:08.667Z] > git fetch [379ms]
[2022-02-17T14:31:08.677Z] > git symbolic-ref --short HEAD [0ms]
[2022-02-17T14:31:08.683Z] > git for-each-ref --format=%(refname)%00%(upstream:short)%00%(objectname)%00%(upstream:track) refs/heads/bugfix refs/remotes/bugfix [2ms]
[2022-02-17T14:31:08.691Z] > git for-each-ref --sort -committerdate --format %(refname) %(objectname) %(*objectname) [4ms]
[2022-02-17T14:31:08.692Z] > git remote --verbose [1ms]
[2022-02-17T14:31:08.697Z] > git config --get commit.template [1ms]
[2022-02-17T14:31:09.464Z] > git symbolic-ref --short HEAD [1ms]
[2022-02-17T14:31:09.467Z] > git for-each-ref --format=%(refname)%00%(upstream:short)%00%(objectname)%00%(upstream:track) refs/heads/master refs/remotes/master [0ms]
[2022-02-17T14:31:09.476Z] > git remote --verbose [1ms]
[2022-02-17T14:31:09.476Z] > git for-each-ref --sort -committerdate --format %(refname) %(objectname) %(*objectname) [4ms]
[2022-02-17T14:31:09.482Z] > git config --get commit.template [0ms]
[2022-02-17T14:31:09.728Z] > git symbolic-ref --short HEAD [1ms]
[2022-02-17T14:31:09.733Z] > git for-each-ref --format=%(refname)%00%(upstream:short)%00%(objectname)%00%(upstream:track) refs/heads/bugfix refs/remotes/bugfix [1ms]
[2022-02-17T14:31:09.742Z] > git for-each-ref --sort -committerdate --format %(refname) %(objectname) %(*objectname) [5ms]
[2022-02-17T14:31:09.742Z] > git remote --verbose [1ms]
[2022-02-17T14:31:09.748Z] > git config --get commit.template [0ms]
[2022-02-17T14:32:21.651Z] > git symbolic-ref --short HEAD [0ms]
[2022-02-17T14:32:21.656Z] > git for-each-ref --format=%(refname)%00%(upstream:short)%00%(objectname)%00%(upstream:track) refs/heads/master refs/remotes/master [0ms]
[2022-02-17T14:32:21.665Z] > git for-each-ref --sort -committerdate --format %(refname) %(objectname) %(*objectname) [5ms]
[2022-02-17T14:32:21.665Z] > git remote --verbose [1ms]
[2022-02-17T14:32:21.671Z] > git config --get commit.template [1ms]
[2022-02-17T14:32:26.684Z] > git symbolic-ref --short HEAD [1ms]
[2022-02-17T14:32:26.688Z] > git for-each-ref --format=%(refname)%00%(upstream:short)%00%(objectname)%00%(upstream:track) refs/heads/master refs/remotes/master [0ms]
[2022-02-17T14:32:26.696Z] > git remote --verbose [1ms]
[2022-02-17T14:32:26.696Z] > git for-each-ref --sort -committerdate --format %(refname) %(objectname) %(*objectname) [4ms]
[2022-02-17T14:32:26.702Z] > git config --get commit.template [0ms]
[2022-02-17T14:32:32.051Z] > git symbolic-ref --short HEAD [0ms]
[2022-02-17T14:32:32.056Z] > git for-each-ref --format=%(refname)%00%(upstream:short)%00%(objectname)%00%(upstream:track) refs/heads/master refs/remotes/master [0ms]
[2022-02-17T14:32:32.066Z] > git for-each-ref --sort -committerdate --format %(refname) %(objectname) %(*objectname) [5ms]
[2022-02-17T14:32:32.066Z] > git remote --verbose [1ms]
[2022-02-17T14:32:32.072Z] > git config --get commit.template [0ms]
[2022-02-17T14:32:42.660Z] > git symbolic-ref --short HEAD [1ms]
[2022-02-17T14:32:42.664Z] > git for-each-ref --format=%(refname)%00%(upstream:short)%00%(objectname)%00%(upstream:track) refs/heads/master refs/remotes/master [1ms]
[2022-02-17T14:32:42.671Z] > git for-each-ref --sort -committerdate --format %(refname) %(objectname) %(*objectname) [3ms]
[2022-02-17T14:32:42.671Z] > git remote --verbose [0ms]
[2022-02-17T14:32:42.675Z] > git config --get commit.template [0ms]
[2022-02-17T14:33:11.494Z] > git symbolic-ref --short HEAD [1ms]
[2022-02-17T14:33:11.499Z] > git for-each-ref --format=%(refname)%00%(upstream:short)%00%(objectname)%00%(upstream:track) refs/heads/master refs/remotes/master [1ms]
[2022-02-17T14:33:11.507Z] > git remote --verbose [0ms]
[2022-02-17T14:33:11.507Z] > git for-each-ref --sort -committerdate --format %(refname) %(objectname) %(*objectname) [4ms]
[2022-02-17T14:33:11.513Z] > git config --get commit.template [0ms]
[2022-02-17T14:34:08.569Z] > git fetch [133ms]
[2022-02-17T14:34:08.580Z] > git symbolic-ref --short HEAD [0ms]
[2022-02-17T14:34:08.584Z] > git for-each-ref --format=%(refname)%00%(upstream:short)%00%(objectname)%00%(upstream:track) refs/heads/master refs/remotes/master [0ms]
[2022-02-17T14:34:08.591Z] > git for-each-ref --sort -committerdate --format %(refname) %(objectname) %(*objectname) [4ms]
[2022-02-17T14:34:08.591Z] > git remote --verbose [1ms]
[2022-02-17T14:34:08.597Z] > git config --get commit.template [0ms]
[2022-02-17T14:34:09.126Z] > git fetch [424ms]
[2022-02-17T14:34:09.135Z] > git symbolic-ref --short HEAD [0ms]
[2022-02-17T14:34:09.140Z] > git for-each-ref --format=%(refname)%00%(upstream:short)%00%(objectname)%00%(upstream:track) refs/heads/bugfix refs/remotes/bugfix [1ms]
[2022-02-17T14:34:09.147Z] > git for-each-ref --sort -committerdate --format %(refname) %(objectname) %(*objectname) [4ms]
[2022-02-17T14:34:09.147Z] > git remote --verbose [1ms]
[2022-02-17T14:34:09.155Z] > git config --get commit.template [1ms]
[2022-02-17T14:34:09.630Z] > git symbolic-ref --short HEAD [0ms]
[2022-02-17T14:34:09.634Z] > git for-each-ref --format=%(refname)%00%(upstream:short)%00%(objectname)%00%(upstream:track) refs/heads/master refs/remotes/master [1ms]
[2022-02-17T14:34:09.641Z] > git remote --verbose [1ms]
[2022-02-17T14:34:09.641Z] > git for-each-ref --sort -committerdate --format %(refname) %(objectname) %(*objectname) [4ms]
[2022-02-17T14:34:09.647Z] > git config --get commit.template [0ms]
[2022-02-17T14:34:10.225Z] > git symbolic-ref --short HEAD [0ms]
[2022-02-17T14:34:10.231Z] > git for-each-ref --format=%(refname)%00%(upstream:short)%00%(objectname)%00%(upstream:track) refs/heads/bugfix refs/remotes/bugfix [1ms]
[2022-02-17T14:34:10.239Z] > git for-each-ref --sort -committerdate --format %(refname) %(objectname) %(*objectname) [4ms]
[2022-02-17T14:34:10.239Z] > git remote --verbose [0ms]
[2022-02-17T14:34:10.247Z] > git config --get commit.template [1ms]
[2022-02-17T14:37:08.688Z] > git fetch [86ms]
[2022-02-17T14:37:08.697Z] > git symbolic-ref --short HEAD [0ms]
[2022-02-17T14:37:08.701Z] > git for-each-ref --format=%(refname)%00%(upstream:short)%00%(objectname)%00%(upstream:track) refs/heads/master refs/remotes/master [1ms]
[2022-02-17T14:37:08.706Z] > git for-each-ref --sort -committerdate --format %(refname) %(objectname) %(*objectname) [2ms]
[2022-02-17T14:37:08.706Z] > git remote --verbose [0ms]
[2022-02-17T14:37:08.710Z] > git config --get commit.template [0ms]
[2022-02-17T14:37:09.581Z] > git fetch [422ms]
[2022-02-17T14:37:09.588Z] > git symbolic-ref --short HEAD [1ms]
[2022-02-17T14:37:09.591Z] > git for-each-ref --format=%(refname)%00%(upstream:short)%00%(objectname)%00%(upstream:track) refs/heads/bugfix refs/remotes/bugfix [1ms]
[2022-02-17T14:37:09.597Z] > git for-each-ref --sort -committerdate --format %(refname) %(objectname) %(*objectname) [3ms]
[2022-02-17T14:37:09.597Z] > git remote --verbose [0ms]
[2022-02-17T14:37:09.602Z] > git config --get commit.template [1ms]
[2022-02-17T14:37:09.750Z] > git symbolic-ref --short HEAD [1ms]
[2022-02-17T14:37:09.754Z] > git for-each-ref --format=%(refname)%00%(upstream:short)%00%(objectname)%00%(upstream:track) refs/heads/master refs/remotes/master [1ms]
[2022-02-17T14:37:09.762Z] > git for-each-ref --sort -committerdate --format %(refname) %(objectname) %(*objectname) [5ms]
[2022-02-17T14:37:09.762Z] > git remote --verbose [1ms]
[2022-02-17T14:37:09.766Z] > git config --get commit.template [1ms]
[2022-02-17T14:37:10.640Z] > git symbolic-ref --short HEAD [1ms]
[2022-02-17T14:37:10.644Z] > git for-each-ref --format=%(refname)%00%(upstream:short)%00%(objectname)%00%(upstream:track) refs/heads/bugfix refs/remotes/bugfix [1ms]
[2022-02-17T14:37:10.650Z] > git for-each-ref --sort -committerdate --format %(refname) %(objectname) %(*objectname) [3ms]
[2022-02-17T14:37:10.650Z] > git remote --verbose [0ms]
[2022-02-17T14:37:10.655Z] > git config --get commit.template [0ms]
[2022-02-17T14:40:08.866Z] > git fetch [150ms]
[2022-02-17T14:40:08.876Z] > git symbolic-ref --short HEAD [1ms]
[2022-02-17T14:40:08.881Z] > git for-each-ref --format=%(refname)%00%(upstream:short)%00%(objectname)%00%(upstream:track) refs/heads/master refs/remotes/master [1ms]
[2022-02-17T14:40:08.888Z] > git for-each-ref --sort -committerdate --format %(refname) %(objectname) %(*objectname) [4ms]
[2022-02-17T14:40:08.889Z] > git remote --verbose [1ms]
[2022-02-17T14:40:08.895Z] > git config --get commit.template [1ms]
[2022-02-17T14:40:09.931Z] > git symbolic-ref --short HEAD [1ms]
[2022-02-17T14:40:09.935Z] > git for-each-ref --format=%(refname)%00%(upstream:short)%00%(objectname)%00%(upstream:track) refs/heads/master refs/remotes/master [1ms]
[2022-02-17T14:40:09.941Z] > git for-each-ref --sort -committerdate --format %(refname) %(objectname) %(*objectname) [3ms]
[2022-02-17T14:40:09.941Z] > git remote --verbose [0ms]
[2022-02-17T14:40:09.947Z] > git config --get commit.template [1ms]
[2022-02-17T14:40:10.031Z] > git fetch [424ms]
[2022-02-17T14:40:10.040Z] > git symbolic-ref --short HEAD [1ms]
[2022-02-17T14:40:10.045Z] > git for-each-ref --format=%(refname)%00%(upstream:short)%00%(objectname)%00%(upstream:track) refs/heads/bugfix refs/remotes/bugfix [1ms]
[2022-02-17T14:40:10.052Z] > git for-each-ref --sort -committerdate --format %(refname) %(objectname) %(*objectname) [3ms]
[2022-02-17T14:40:10.052Z] > git remote --verbose [0ms]
[2022-02-17T14:40:10.058Z] > git config --get commit.template [1ms]
[2022-02-17T14:40:11.091Z] > git symbolic-ref --short HEAD [1ms]
[2022-02-17T14:40:11.096Z] > git for-each-ref --format=%(refname)%00%(upstream:short)%00%(objectname)%00%(upstream:track) refs/heads/bugfix refs/remotes/bugfix [1ms]
[2022-02-17T14:40:11.105Z] > git for-each-ref --sort -committerdate --format %(refname) %(objectname) %(*objectname) [5ms]
[2022-02-17T14:40:11.105Z] > git remote --verbose [1ms]
[2022-02-17T14:40:11.112Z] > git config --get commit.template [1ms]
[2022-02-17T14:43:08.992Z] > git fetch [92ms]
[2022-02-17T14:43:09.005Z] > git symbolic-ref --short HEAD [1ms]
[2022-02-17T14:43:09.009Z] > git for-each-ref --format=%(refname)%00%(upstream:short)%00%(objectname)%00%(upstream:track) refs/heads/master refs/remotes/master [0ms]
[2022-02-17T14:43:09.019Z] > git for-each-ref --sort -committerdate --format %(refname) %(objectname) %(*objectname) [5ms]
[2022-02-17T14:43:09.019Z] > git remote --verbose [1ms]
[2022-02-17T14:43:09.026Z] > git config --get commit.template [1ms]
[2022-02-17T14:43:10.055Z] > git symbolic-ref --short HEAD [0ms]
[2022-02-17T14:43:10.065Z] > git for-each-ref --format=%(refname)%00%(upstream:short)%00%(objectname)%00%(upstream:track) refs/heads/master refs/remotes/master [5ms]
[2022-02-17T14:43:10.075Z] > git for-each-ref --sort -committerdate --format %(refname) %(objectname) %(*objectname) [5ms]
[2022-02-17T14:43:10.075Z] > git remote --verbose [1ms]
[2022-02-17T14:43:10.082Z] > git config --get commit.template [1ms]
[2022-02-17T14:43:10.512Z] > git fetch [447ms]
[2022-02-17T14:43:10.523Z] > git symbolic-ref --short HEAD [1ms]
[2022-02-17T14:43:10.529Z] > git for-each-ref --format=%(refname)%00%(upstream:short)%00%(objectname)%00%(upstream:track) refs/heads/bugfix refs/remotes/bugfix [1ms]
[2022-02-17T14:43:10.537Z] > git for-each-ref --sort -committerdate --format %(refname) %(objectname) %(*objectname) [4ms]
[2022-02-17T14:43:10.537Z] > git remote --verbose [1ms]
[2022-02-17T14:43:10.543Z] > git config --get commit.template [1ms]
[2022-02-17T14:43:11.574Z] > git symbolic-ref --short HEAD [1ms]
[2022-02-17T14:43:11.580Z] > git for-each-ref --format=%(refname)%00%(upstream:short)%00%(objectname)%00%(upstream:track) refs/heads/bugfix refs/remotes/bugfix [1ms]
[2022-02-17T14:43:11.589Z] > git for-each-ref --sort -committerdate --format %(refname) %(objectname) %(*objectname) [5ms]
[2022-02-17T14:43:11.589Z] > git remote --verbose [1ms]
[2022-02-17T14:43:11.595Z] > git config --get commit.template [1ms]
[2022-02-17T16:48:02.470Z] > git fetch [106ms]
[2022-02-17T16:48:02.482Z] > git symbolic-ref --short HEAD [1ms]
[2022-02-17T16:48:02.485Z] > git for-each-ref --format=%(refname)%00%(upstream:short)%00%(objectname)%00%(upstream:track) refs/heads/master refs/remotes/master [0ms]
[2022-02-17T16:48:02.494Z] > git for-each-ref --sort -committerdate --format %(refname) %(objectname) %(*objectname) [5ms]
[2022-02-17T16:48:02.494Z] > git remote --verbose [1ms]
[2022-02-17T16:48:02.500Z] > git config --get commit.template [1ms]
[2022-02-17T16:48:02.783Z] > git fetch [413ms]
[2022-02-17T16:48:02.795Z] > git symbolic-ref --short HEAD [1ms]
[2022-02-17T16:48:02.801Z] > git for-each-ref --format=%(refname)%00%(upstream:short)%00%(objectname)%00%(upstream:track) refs/heads/bugfix refs/remotes/bugfix [1ms]
[2022-02-17T16:48:02.811Z] > git for-each-ref --sort -committerdate --format %(refname) %(objectname) %(*objectname) [5ms]
[2022-02-17T16:48:02.812Z] > git remote --verbose [2ms]
[2022-02-17T16:48:02.817Z] > git config --get commit.template [0ms]
[2022-02-17T16:48:03.532Z] > git symbolic-ref --short HEAD [1ms]
[2022-02-17T16:48:03.535Z] > git for-each-ref --format=%(refname)%00%(upstream:short)%00%(objectname)%00%(upstream:track) refs/heads/master refs/remotes/master [0ms]
[2022-02-17T16:48:03.542Z] > git for-each-ref --sort -committerdate --format %(refname) %(objectname) %(*objectname) [4ms]
[2022-02-17T16:48:03.542Z] > git remote --verbose [1ms]
[2022-02-17T16:48:03.546Z] > git config --get commit.template [0ms]
[2022-02-17T16:48:03.841Z] > git symbolic-ref --short HEAD [1ms]
[2022-02-17T16:48:03.845Z] > git for-each-ref --format=%(refname)%00%(upstream:short)%00%(objectname)%00%(upstream:track) refs/heads/bugfix refs/remotes/bugfix [1ms]
[2022-02-17T16:48:03.852Z] > git for-each-ref --sort -committerdate --format %(refname) %(objectname) %(*objectname) [4ms]
[2022-02-17T16:48:03.852Z] > git remote --verbose [1ms]
[2022-02-17T16:48:03.857Z] > git config --get commit.template [1ms]
[2022-02-17T17:29:29.808Z] > git fetch [400ms]
[2022-02-17T17:29:29.813Z] > git fetch [400ms]
[2022-02-17T17:29:29.827Z] > git symbolic-ref --short HEAD [7ms]
[2022-02-17T17:29:29.833Z] > git symbolic-ref --short HEAD [7ms]
[2022-02-17T17:29:29.836Z] > git for-each-ref --format=%(refname)%00%(upstream:short)%00%(objectname)%00%(upstream:track) refs/heads/master refs/remotes/master [4ms]
[2022-02-17T17:29:29.844Z] > git for-each-ref --sort -committerdate --format %(refname) %(objectname) %(*objectname) [5ms]
[2022-02-17T17:29:29.844Z] > git for-each-ref --format=%(refname)%00%(upstream:short)%00%(objectname)%00%(upstream:track) refs/heads/bugfix refs/remotes/bugfix [8ms]
[2022-02-17T17:29:29.851Z] > git for-each-ref --sort -committerdate --format %(refname) %(objectname) %(*objectname) [3ms]
[2022-02-17T17:29:29.851Z] > git remote --verbose [7ms]
[2022-02-17T17:29:29.852Z] > git remote --verbose [2ms]
[2022-02-17T17:29:29.859Z] > git config --get commit.template [2ms]
[2022-02-17T17:29:29.865Z] > git config --get commit.template [1ms]
[2022-02-17T17:29:30.874Z] > git symbolic-ref --short HEAD [0ms]
[2022-02-17T17:29:30.879Z] > git for-each-ref --format=%(refname)%00%(upstream:short)%00%(objectname)%00%(upstream:track) refs/heads/bugfix refs/remotes/bugfix [1ms]
[2022-02-17T17:29:30.887Z] > git for-each-ref --sort -committerdate --format %(refname) %(objectname) %(*objectname) [4ms]
[2022-02-17T17:29:30.887Z] > git remote --verbose [1ms]
[2022-02-17T17:29:30.893Z] > git config --get commit.template [1ms]
[2022-02-17T17:32:30.050Z] > git fetch [181ms]
[2022-02-17T17:32:30.060Z] > git symbolic-ref --short HEAD [1ms]
[2022-02-17T17:32:30.065Z] > git for-each-ref --format=%(refname)%00%(upstream:short)%00%(objectname)%00%(upstream:track) refs/heads/master refs/remotes/master [1ms]
[2022-02-17T17:32:30.074Z] > git for-each-ref --sort -committerdate --format %(refname) %(objectname) %(*objectname) [5ms]
[2022-02-17T17:32:30.074Z] > git remote --verbose [1ms]
[2022-02-17T17:32:30.079Z] > git config --get commit.template [0ms]
[2022-02-17T17:32:30.249Z] > git fetch [387ms]
[2022-02-17T17:32:30.259Z] > git symbolic-ref --short HEAD [1ms]
[2022-02-17T17:32:30.264Z] > git for-each-ref --format=%(refname)%00%(upstream:short)%00%(objectname)%00%(upstream:track) refs/heads/bugfix refs/remotes/bugfix [1ms]
[2022-02-17T17:32:30.272Z] > git for-each-ref --sort -committerdate --format %(refname) %(objectname) %(*objectname) [4ms]
[2022-02-17T17:32:30.272Z] > git remote --verbose [0ms]
[2022-02-17T17:32:30.278Z] > git config --get commit.template [1ms]
[2022-02-17T17:32:31.116Z] > git symbolic-ref --short HEAD [1ms]
[2022-02-17T17:32:31.120Z] > git for-each-ref --format=%(refname)%00%(upstream:short)%00%(objectname)%00%(upstream:track) refs/heads/master refs/remotes/master [1ms]
[2022-02-17T17:32:31.128Z] > git for-each-ref --sort -committerdate --format %(refname) %(objectname) %(*objectname) [4ms]
[2022-02-17T17:32:31.128Z] > git remote --verbose [0ms]
[2022-02-17T17:32:31.132Z] > git config --get commit.template [1ms]
[2022-02-17T17:32:31.308Z] > git symbolic-ref --short HEAD [1ms]
[2022-02-17T17:32:31.313Z] > git for-each-ref --format=%(refname)%00%(upstream:short)%00%(objectname)%00%(upstream:track) refs/heads/bugfix refs/remotes/bugfix [0ms]
[2022-02-17T17:32:31.320Z] > git for-each-ref --sort -committerdate --format %(refname) %(objectname) %(*objectname) [4ms]
[2022-02-17T17:32:31.320Z] > git remote --verbose [0ms]
[2022-02-17T17:32:31.325Z] > git config --get commit.template [0ms]
[2022-02-17T17:35:30.193Z] > git fetch [108ms]
[2022-02-17T17:35:30.206Z] > git symbolic-ref --short HEAD [1ms]
[2022-02-17T17:35:30.210Z] > git for-each-ref --format=%(refname)%00%(upstream:short)%00%(objectname)%00%(upstream:track) refs/heads/master refs/remotes/master [1ms]
[2022-02-17T17:35:30.217Z] > git for-each-ref --sort -committerdate --format %(refname) %(objectname) %(*objectname) [4ms]
[2022-02-17T17:35:30.217Z] > git remote --verbose [0ms]
[2022-02-17T17:35:30.222Z] > git config --get commit.template [1ms]
[2022-02-17T17:35:30.704Z] > git fetch [420ms]
[2022-02-17T17:35:30.712Z] > git symbolic-ref --short HEAD [0ms]
[2022-02-17T17:35:30.716Z] > git for-each-ref --format=%(refname)%00%(upstream:short)%00%(objectname)%00%(upstream:track) refs/heads/bugfix refs/remotes/bugfix [0ms]
[2022-02-17T17:35:30.724Z] > git for-each-ref --sort -committerdate --format %(refname) %(objectname) %(*objectname) [4ms]
[2022-02-17T17:35:30.724Z] > git remote --verbose [1ms]
[2022-02-17T17:35:30.728Z] > git config --get commit.template [0ms]
[2022-02-17T17:35:31.262Z] > git symbolic-ref --short HEAD [5ms]
[2022-02-17T17:35:31.271Z] > git for-each-ref --format=%(refname)%00%(upstream:short)%00%(objectname)%00%(upstream:track) refs/heads/master refs/remotes/master [5ms]
[2022-02-17T17:35:31.278Z] > git for-each-ref --sort -committerdate --format %(refname) %(objectname) %(*objectname) [4ms]
[2022-02-17T17:35:31.278Z] > git remote --verbose [1ms]
[2022-02-17T17:35:31.283Z] > git config --get commit.template [0ms]
[2022-02-17T17:35:31.762Z] > git symbolic-ref --short HEAD [0ms]
[2022-02-17T17:35:31.766Z] > git for-each-ref --format=%(refname)%00%(upstream:short)%00%(objectname)%00%(upstream:track) refs/heads/bugfix refs/remotes/bugfix [0ms]
[2022-02-17T17:35:31.774Z] > git for-each-ref --sort -committerdate --format %(refname) %(objectname) %(*objectname) [5ms]
[2022-02-17T17:35:31.774Z] > git remote --verbose [0ms]
[2022-02-17T17:35:31.779Z] > git config --get commit.template [1ms]
[2022-02-17T17:38:30.379Z] > git fetch [152ms]
[2022-02-17T17:38:30.389Z] > git symbolic-ref --short HEAD [0ms]
[2022-02-17T17:38:30.394Z] > git for-each-ref --format=%(refname)%00%(upstream:short)%00%(objectname)%00%(upstream:track) refs/heads/master refs/remotes/master [1ms]
[2022-02-17T17:38:30.400Z] > git for-each-ref --sort -committerdate --format %(refname) %(objectname) %(*objectname) [3ms]
[2022-02-17T17:38:30.401Z] > git remote --verbose [1ms]
[2022-02-17T17:38:30.405Z] > git config --get commit.template [1ms]
[2022-02-17T17:38:31.164Z] > git fetch [433ms]
[2022-02-17T17:38:31.176Z] > git symbolic-ref --short HEAD [1ms]
[2022-02-17T17:38:31.180Z] > git for-each-ref --format=%(refname)%00%(upstream:short)%00%(objectname)%00%(upstream:track) refs/heads/bugfix refs/remotes/bugfix [1ms]
[2022-02-17T17:38:31.188Z] > git for-each-ref --sort -committerdate --format %(refname) %(objectname) %(*objectname) [4ms]
[2022-02-17T17:38:31.188Z] > git remote --verbose [1ms]
[2022-02-17T17:38:31.191Z] > git config --get commit.template [0ms]
[2022-02-17T17:38:31.441Z] > git symbolic-ref --short HEAD [1ms]
[2022-02-17T17:38:31.446Z] > git for-each-ref --format=%(refname)%00%(upstream:short)%00%(objectname)%00%(upstream:track) refs/heads/master refs/remotes/master [1ms]
[2022-02-17T17:38:31.454Z] > git remote --verbose [0ms]
[2022-02-17T17:38:31.455Z] > git for-each-ref --sort -committerdate --format %(refname) %(objectname) %(*objectname) [5ms]
[2022-02-17T17:38:31.462Z] > git config --get commit.template [1ms]
[2022-02-17T17:38:32.223Z] > git symbolic-ref --short HEAD [1ms]
[2022-02-17T17:38:32.227Z] > git for-each-ref --format=%(refname)%00%(upstream:short)%00%(objectname)%00%(upstream:track) refs/heads/bugfix refs/remotes/bugfix [1ms]
[2022-02-17T17:38:32.233Z] > git for-each-ref --sort -committerdate --format %(refname) %(objectname) %(*objectname) [3ms]
[2022-02-17T17:38:32.233Z] > git remote --verbose [0ms]
[2022-02-17T17:38:32.239Z] > git config --get commit.template [1ms]
[2022-02-17T17:41:30.536Z] > git fetch [127ms]
[2022-02-17T17:41:30.546Z] > git symbolic-ref --short HEAD [0ms]
[2022-02-17T17:41:30.550Z] > git for-each-ref --format=%(refname)%00%(upstream:short)%00%(objectname)%00%(upstream:track) refs/heads/master refs/remotes/master [1ms]
[2022-02-17T17:41:30.558Z] > git remote --verbose [1ms]
[2022-02-17T17:41:30.558Z] > git for-each-ref --sort -committerdate --format %(refname) %(objectname) %(*objectname) [5ms]
[2022-02-17T17:41:30.564Z] > git config --get commit.template [1ms]
[2022-02-17T17:41:31.602Z] > git symbolic-ref --short HEAD [0ms]
[2022-02-17T17:41:31.609Z] > git for-each-ref --format=%(refname)%00%(upstream:short)%00%(objectname)%00%(upstream:track) refs/heads/master refs/remotes/master [2ms]
[2022-02-17T17:41:31.618Z] > git for-each-ref --sort -committerdate --format %(refname) %(objectname) %(*objectname) [5ms]
[2022-02-17T17:41:31.619Z] > git fetch [423ms]
[2022-02-17T17:41:31.623Z] > git remote --verbose [5ms]
[2022-02-17T17:41:31.634Z] > git config --get commit.template [4ms]
[2022-02-17T17:41:31.634Z] > git symbolic-ref --short HEAD [0ms]
[2022-02-17T17:41:31.638Z] > git for-each-ref --format=%(refname)%00%(upstream:short)%00%(objectname)%00%(upstream:track) refs/heads/bugfix refs/remotes/bugfix [1ms]
[2022-02-17T17:41:31.645Z] > git for-each-ref --sort -committerdate --format %(refname) %(objectname) %(*objectname) [4ms]
[2022-02-17T17:41:31.645Z] > git remote --verbose [1ms]
[2022-02-17T17:41:31.649Z] > git config --get commit.template [1ms]
[2022-02-17T17:41:32.674Z] > git symbolic-ref --short HEAD [0ms]
[2022-02-17T17:41:32.678Z] > git for-each-ref --format=%(refname)%00%(upstream:short)%00%(objectname)%00%(upstream:track) refs/heads/bugfix refs/remotes/bugfix [0ms]
[2022-02-17T17:41:32.685Z] > git for-each-ref --sort -committerdate --format %(refname) %(objectname) %(*objectname) [4ms]
[2022-02-17T17:41:32.685Z] > git remote --verbose [0ms]
[2022-02-17T17:41:32.691Z] > git config --get commit.template [1ms]
[2022-02-17T17:44:30.693Z] > git fetch [123ms]
[2022-02-17T17:44:30.705Z] > git symbolic-ref --short HEAD [0ms]
[2022-02-17T17:44:30.710Z] > git for-each-ref --format=%(refname)%00%(upstream:short)%00%(objectname)%00%(upstream:track) refs/heads/master refs/remotes/master [1ms]
[2022-02-17T17:44:30.719Z] > git for-each-ref --sort -committerdate --format %(refname) %(objectname) %(*objectname) [5ms]
[2022-02-17T17:44:30.719Z] > git remote --verbose [1ms]
[2022-02-17T17:44:30.725Z] > git config --get commit.template [0ms]
[2022-02-17T17:44:31.756Z] > git symbolic-ref --short HEAD [1ms]
[2022-02-17T17:44:31.760Z] > git for-each-ref --format=%(refname)%00%(upstream:short)%00%(objectname)%00%(upstream:track) refs/heads/master refs/remotes/master [1ms]
[2022-02-17T17:44:31.767Z] > git for-each-ref --sort -committerdate --format %(refname) %(objectname) %(*objectname) [4ms]
[2022-02-17T17:44:31.768Z] > git remote --verbose [1ms]
[2022-02-17T17:44:31.776Z] > git config --get commit.template [1ms]
[2022-02-17T17:44:32.069Z] > git fetch [415ms]
[2022-02-17T17:44:32.079Z] > git symbolic-ref --short HEAD [1ms]
[2022-02-17T17:44:32.083Z] > git for-each-ref --format=%(refname)%00%(upstream:short)%00%(objectname)%00%(upstream:track) refs/heads/bugfix refs/remotes/bugfix [1ms]
[2022-02-17T17:44:32.091Z] > git remote --verbose [1ms]
[2022-02-17T17:44:32.091Z] > git for-each-ref --sort -committerdate --format %(refname) %(objectname) %(*objectname) [5ms]
[2022-02-17T17:44:32.097Z] > git config --get commit.template [1ms]
[2022-02-17T17:44:33.127Z] > git symbolic-ref --short HEAD [1ms]
[2022-02-17T17:44:33.131Z] > git for-each-ref --format=%(refname)%00%(upstream:short)%00%(objectname)%00%(upstream:track) refs/heads/bugfix refs/remotes/bugfix [1ms]
[2022-02-17T17:44:33.137Z] > git for-each-ref --sort -committerdate --format %(refname) %(objectname) %(*objectname) [3ms]
[2022-02-17T17:44:33.137Z] > git remote --verbose [0ms]
[2022-02-17T17:44:33.141Z] > git config --get commit.template [1ms]
[2022-02-17T17:47:30.888Z] > git fetch [158ms]
[2022-02-17T17:47:30.899Z] > git symbolic-ref --short HEAD [1ms]
[2022-02-17T17:47:30.904Z] > git for-each-ref --format=%(refname)%00%(upstream:short)%00%(objectname)%00%(upstream:track) refs/heads/master refs/remotes/master [1ms]
[2022-02-17T17:47:30.912Z] > git for-each-ref --sort -committerdate --format %(refname) %(objectname) %(*objectname) [5ms]
[2022-02-17T17:47:30.912Z] > git remote --verbose [0ms]
[2022-02-17T17:47:30.917Z] > git config --get commit.template [1ms]
[2022-02-17T17:47:31.951Z] > git symbolic-ref --short HEAD [2ms]
[2022-02-17T17:47:31.954Z] > git for-each-ref --format=%(refname)%00%(upstream:short)%00%(objectname)%00%(upstream:track) refs/heads/master refs/remotes/master [1ms]
[2022-02-17T17:47:31.959Z] > git for-each-ref --sort -committerdate --format %(refname) %(objectname) %(*objectname) [3ms]
[2022-02-17T17:47:31.960Z] > git remote --verbose [1ms]
[2022-02-17T17:47:31.964Z] > git config --get commit.template [0ms]
[2022-02-17T17:47:32.534Z] > git fetch [432ms]
[2022-02-17T17:47:32.543Z] > git symbolic-ref --short HEAD [1ms]
[2022-02-17T17:47:32.547Z] > git for-each-ref --format=%(refname)%00%(upstream:short)%00%(objectname)%00%(upstream:track) refs/heads/bugfix refs/remotes/bugfix [1ms]
[2022-02-17T17:47:32.553Z] > git for-each-ref --sort -committerdate --format %(refname) %(objectname) %(*objectname) [4ms]
[2022-02-17T17:47:32.553Z] > git remote --verbose [1ms]
[2022-02-17T17:47:32.561Z] > git config --get commit.template [1ms]
[2022-02-17T17:47:33.591Z] > git symbolic-ref --short HEAD [1ms]
[2022-02-17T17:47:33.593Z] > git for-each-ref --format=%(refname)%00%(upstream:short)%00%(objectname)%00%(upstream:track) refs/heads/bugfix refs/remotes/bugfix [0ms]
[2022-02-17T17:47:33.598Z] > git for-each-ref --sort -committerdate --format %(refname) %(objectname) %(*objectname) [2ms]
[2022-02-17T17:47:33.598Z] > git remote --verbose [1ms]
[2022-02-17T17:47:33.602Z] > git config --get commit.template [0ms]
[2022-02-17T17:50:31.030Z] > git fetch [109ms]
[2022-02-17T17:50:31.042Z] > git symbolic-ref --short HEAD [1ms]
[2022-02-17T17:50:31.046Z] > git for-each-ref --format=%(refname)%00%(upstream:short)%00%(objectname)%00%(upstream:track) refs/heads/master refs/remotes/master [1ms]
[2022-02-17T17:50:31.056Z] > git for-each-ref --sort -committerdate --format %(refname) %(objectname) %(*objectname) [6ms]
[2022-02-17T17:50:31.056Z] > git remote --verbose [1ms]
[2022-02-17T17:50:31.060Z] > git config --get commit.template [0ms]
[2022-02-17T17:50:32.094Z] > git symbolic-ref --short HEAD [1ms]
[2022-02-17T17:50:32.098Z] > git for-each-ref --format=%(refname)%00%(upstream:short)%00%(objectname)%00%(upstream:track) refs/heads/master refs/remotes/master [1ms]
[2022-02-17T17:50:32.106Z] > git for-each-ref --sort -committerdate --format %(refname) %(objectname) %(*objectname) [4ms]
[2022-02-17T17:50:32.106Z] > git remote --verbose [0ms]
[2022-02-17T17:50:32.111Z] > git config --get commit.template [0ms]
[2022-02-17T17:50:32.974Z] > git fetch [410ms]
[2022-02-17T17:50:32.984Z] > git symbolic-ref --short HEAD [1ms]
[2022-02-17T17:50:32.989Z] > git for-each-ref --format=%(refname)%00%(upstream:short)%00%(objectname)%00%(upstream:track) refs/heads/bugfix refs/remotes/bugfix [1ms]
[2022-02-17T17:50:32.995Z] > git for-each-ref --sort -committerdate --format %(refname) %(objectname) %(*objectname) [3ms]
[2022-02-17T17:50:32.995Z] > git remote --verbose [1ms]
[2022-02-17T17:50:33.000Z] > git config --get commit.template [1ms]
[2022-02-17T17:50:34.035Z] > git symbolic-ref --short HEAD [1ms]
[2022-02-17T17:50:34.040Z] > git for-each-ref --format=%(refname)%00%(upstream:short)%00%(objectname)%00%(upstream:track) refs/heads/bugfix refs/remotes/bugfix [1ms]
[2022-02-17T17:50:34.048Z] > git for-each-ref --sort -committerdate --format %(refname) %(objectname) %(*objectname) [4ms]
[2022-02-17T17:50:34.048Z] > git remote --verbose [1ms]
[2022-02-17T17:50:34.053Z] > git config --get commit.template [0ms]
[2022-02-17T17:53:31.212Z] > git fetch [148ms]
[2022-02-17T17:53:31.226Z] > git symbolic-ref --short HEAD [1ms]
[2022-02-17T17:53:31.231Z] > git for-each-ref --format=%(refname)%00%(upstream:short)%00%(objectname)%00%(upstream:track) refs/heads/master refs/remotes/master [1ms]
[2022-02-17T17:53:31.241Z] > git for-each-ref --sort -committerdate --format %(refname) %(objectname) %(*objectname) [5ms]
[2022-02-17T17:53:31.241Z] > git remote --verbose [1ms]
[2022-02-17T17:53:31.246Z] > git config --get commit.template [1ms]
[2022-02-17T17:53:32.282Z] > git symbolic-ref --short HEAD [1ms]
[2022-02-17T17:53:32.286Z] > git for-each-ref --format=%(refname)%00%(upstream:short)%00%(objectname)%00%(upstream:track) refs/heads/master refs/remotes/master [0ms]
[2022-02-17T17:53:32.293Z] > git for-each-ref --sort -committerdate --format %(refname) %(objectname) %(*objectname) [4ms]
[2022-02-17T17:53:32.293Z] > git remote --verbose [1ms]
[2022-02-17T17:53:32.298Z] > git config --get commit.template [1ms]
[2022-02-17T17:53:33.439Z] > git fetch [435ms]
[2022-02-17T17:53:33.447Z] > git symbolic-ref --short HEAD [1ms]
[2022-02-17T17:53:33.452Z] > git for-each-ref --format=%(refname)%00%(upstream:short)%00%(objectname)%00%(upstream:track) refs/heads/bugfix refs/remotes/bugfix [1ms]
[2022-02-17T17:53:33.459Z] > git for-each-ref --sort -committerdate --format %(refname) %(objectname) %(*objectname) [4ms]
[2022-02-17T17:53:33.459Z] > git remote --verbose [1ms]
[2022-02-17T17:53:33.464Z] > git config --get commit.template [1ms]
[2022-02-17T17:53:34.499Z] > git symbolic-ref --short HEAD [1ms]
[2022-02-17T17:53:34.503Z] > git for-each-ref --format=%(refname)%00%(upstream:short)%00%(objectname)%00%(upstream:track) refs/heads/bugfix refs/remotes/bugfix [0ms]
[2022-02-17T17:53:34.510Z] > git for-each-ref --sort -committerdate --format %(refname) %(objectname) %(*objectname) [3ms]
[2022-02-17T17:53:34.510Z] > git remote --verbose [1ms]
[2022-02-17T17:53:34.515Z] > git config --get commit.template [0ms]
[2022-02-17T17:56:31.379Z] > git fetch [129ms]
[2022-02-17T17:56:31.390Z] > git symbolic-ref --short HEAD [1ms]
[2022-02-17T17:56:31.393Z] > git for-each-ref --format=%(refname)%00%(upstream:short)%00%(objectname)%00%(upstream:track) refs/heads/master refs/remotes/master [1ms]
[2022-02-17T17:56:31.398Z] > git for-each-ref --sort -committerdate --format %(refname) %(objectname) %(*objectname) [3ms]
[2022-02-17T17:56:31.398Z] > git remote --verbose [1ms]
[2022-02-17T17:56:31.402Z] > git config --get commit.template [1ms]
[2022-02-17T17:56:32.441Z] > git symbolic-ref --short HEAD [1ms]
[2022-02-17T17:56:32.444Z] > git for-each-ref --format=%(refname)%00%(upstream:short)%00%(objectname)%00%(upstream:track) refs/heads/master refs/remotes/master [0ms]
[2022-02-17T17:56:32.453Z] > git for-each-ref --sort -committerdate --format %(refname) %(objectname) %(*objectname) [4ms]
[2022-02-17T17:56:32.454Z] > git remote --verbose [1ms]
[2022-02-17T17:56:32.459Z] > git config --get commit.template [1ms]
[2022-02-17T17:56:33.837Z] > git fetch [369ms]
[2022-02-17T17:56:33.847Z] > git symbolic-ref --short HEAD [1ms]
[2022-02-17T17:56:33.851Z] > git for-each-ref --format=%(refname)%00%(upstream:short)%00%(objectname)%00%(upstream:track) refs/heads/bugfix refs/remotes/bugfix [1ms]
[2022-02-17T17:56:33.856Z] > git for-each-ref --sort -committerdate --format %(refname) %(objectname) %(*objectname) [2ms]
[2022-02-17T17:56:33.856Z] > git remote --verbose [0ms]
[2022-02-17T17:56:33.860Z] > git config --get commit.template [0ms]
[2022-02-17T17:56:34.896Z] > git symbolic-ref --short HEAD [1ms]
[2022-02-17T17:56:34.898Z] > git for-each-ref --format=%(refname)%00%(upstream:short)%00%(objectname)%00%(upstream:track) refs/heads/bugfix refs/remotes/bugfix [0ms]
[2022-02-17T17:56:34.902Z] > git for-each-ref --sort -committerdate --format %(refname) %(objectname) %(*objectname) [2ms]
[2022-02-17T17:56:34.902Z] > git remote --verbose [0ms]
[2022-02-17T17:56:34.906Z] > git config --get commit.template [1ms]
[2022-02-17T17:59:31.540Z] > git fetch [132ms]
[2022-02-17T17:59:31.550Z] > git symbolic-ref --short HEAD [0ms]
[2022-02-17T17:59:31.556Z] > git for-each-ref --format=%(refname)%00%(upstream:short)%00%(objectname)%00%(upstream:track) refs/heads/master refs/remotes/master [1ms]
[2022-02-17T17:59:31.564Z] > git for-each-ref --sort -committerdate --format %(refname) %(objectname) %(*objectname) [3ms]
[2022-02-17T17:59:31.564Z] > git remote --verbose [1ms]
[2022-02-17T17:59:31.568Z] > git config --get commit.template [1ms]
[2022-02-17T17:59:32.603Z] > git symbolic-ref --short HEAD [1ms]
[2022-02-17T17:59:32.608Z] > git for-each-ref --format=%(refname)%00%(upstream:short)%00%(objectname)%00%(upstream:track) refs/heads/master refs/remotes/master [1ms]
[2022-02-17T17:59:32.617Z] > git for-each-ref --sort -committerdate --format %(refname) %(objectname) %(*objectname) [4ms]
[2022-02-17T17:59:32.617Z] > git remote --verbose [1ms]
[2022-02-17T17:59:32.622Z] > git config --get commit.template [1ms]
[2022-02-17T17:59:34.268Z] > git fetch [403ms]
[2022-02-17T17:59:34.277Z] > git symbolic-ref --short HEAD [1ms]
[2022-02-17T17:59:34.281Z] > git for-each-ref --format=%(refname)%00%(upstream:short)%00%(objectname)%00%(upstream:track) refs/heads/bugfix refs/remotes/bugfix [1ms]
[2022-02-17T17:59:34.288Z] > git for-each-ref --sort -committerdate --format %(refname) %(objectname) %(*objectname) [3ms]
[2022-02-17T17:59:34.289Z] > git remote --verbose [1ms]
[2022-02-17T17:59:34.294Z] > git config --get commit.template [1ms]
[2022-02-17T17:59:35.326Z] > git symbolic-ref --short HEAD [1ms]
[2022-02-17T17:59:35.330Z] > git for-each-ref --format=%(refname)%00%(upstream:short)%00%(objectname)%00%(upstream:track) refs/heads/bugfix refs/remotes/bugfix [0ms]
[2022-02-17T17:59:35.336Z] > git for-each-ref --sort -committerdate --format %(refname) %(objectname) %(*objectname) [3ms]
[2022-02-17T17:59:35.336Z] > git remote --verbose [1ms]
[2022-02-17T17:59:35.341Z] > git config --get commit.template [0ms]
[2022-02-17T18:02:31.658Z] > git fetch [85ms]
[2022-02-17T18:02:31.666Z] > git symbolic-ref --short HEAD [0ms]
[2022-02-17T18:02:31.670Z] > git for-each-ref --format=%(refname)%00%(upstream:short)%00%(objectname)%00%(upstream:track) refs/heads/master refs/remotes/master [0ms]
[2022-02-17T18:02:31.676Z] > git for-each-ref --sort -committerdate --format %(refname) %(objectname) %(*objectname) [3ms]
[2022-02-17T18:02:31.676Z] > git remote --verbose [1ms]
[2022-02-17T18:02:31.679Z] > git config --get commit.template [0ms]
[2022-02-17T18:02:32.751Z] > git symbolic-ref --short HEAD [1ms]
[2022-02-17T18:02:32.755Z] > git for-each-ref --format=%(refname)%00%(upstream:short)%00%(objectname)%00%(upstream:track) refs/heads/master refs/remotes/master [1ms]
[2022-02-17T18:02:32.762Z] > git for-each-ref --sort -committerdate --format %(refname) %(objectname) %(*objectname) [4ms]
[2022-02-17T18:02:32.762Z] > git remote --verbose [1ms]
[2022-02-17T18:02:32.765Z] > git config --get commit.template [0ms]
[2022-02-17T18:02:34.728Z] > git fetch [429ms]
[2022-02-17T18:02:34.738Z] > git symbolic-ref --short HEAD [1ms]
[2022-02-17T18:02:34.743Z] > git for-each-ref --format=%(refname)%00%(upstream:short)%00%(objectname)%00%(upstream:track) refs/heads/bugfix refs/remotes/bugfix [1ms]
[2022-02-17T18:02:34.753Z] > git for-each-ref --sort -committerdate --format %(refname) %(objectname) %(*objectname) [6ms]
[2022-02-17T18:02:34.753Z] > git remote --verbose [0ms]
[2022-02-17T18:02:34.759Z] > git config --get commit.template [1ms]
[2022-02-17T18:02:35.788Z] > git symbolic-ref --short HEAD [1ms]
[2022-02-17T18:02:35.792Z] > git for-each-ref --format=%(refname)%00%(upstream:short)%00%(objectname)%00%(upstream:track) refs/heads/bugfix refs/remotes/bugfix [1ms]
[2022-02-17T18:02:35.798Z] > git for-each-ref --sort -committerdate --format %(refname) %(objectname) %(*objectname) [3ms]
[2022-02-17T18:02:35.798Z] > git remote --verbose [1ms]
[2022-02-17T18:02:35.802Z] > git config --get commit.template [0ms]
[2022-02-17T18:05:31.790Z] > git fetch [107ms]
[2022-02-17T18:05:31.800Z] > git symbolic-ref --short HEAD [1ms]
[2022-02-17T18:05:31.806Z] > git for-each-ref --format=%(refname)%00%(upstream:short)%00%(objectname)%00%(upstream:track) refs/heads/master refs/remotes/master [1ms]
[2022-02-17T18:05:31.815Z] > git for-each-ref --sort -committerdate --format %(refname) %(objectname) %(*objectname) [5ms]
[2022-02-17T18:05:31.816Z] > git remote --verbose [1ms]
[2022-02-17T18:05:31.824Z] > git config --get commit.template [1ms]
[2022-02-17T18:05:32.852Z] > git symbolic-ref --short HEAD [1ms]
[2022-02-17T18:05:32.857Z] > git for-each-ref --format=%(refname)%00%(upstream:short)%00%(objectname)%00%(upstream:track) refs/heads/master refs/remotes/master [1ms]
[2022-02-17T18:05:32.865Z] > git for-each-ref --sort -committerdate --format %(refname) %(objectname) %(*objectname) [4ms]
[2022-02-17T18:05:32.865Z] > git remote --verbose [0ms]
[2022-02-17T18:05:32.870Z] > git config --get commit.template [0ms]
[2022-02-17T18:05:35.138Z] > git fetch [374ms]
[2022-02-17T18:05:35.149Z] > git symbolic-ref --short HEAD [0ms]
[2022-02-17T18:05:35.153Z] > git for-each-ref --format=%(refname)%00%(upstream:short)%00%(objectname)%00%(upstream:track) refs/heads/bugfix refs/remotes/bugfix [1ms]
[2022-02-17T18:05:35.160Z] > git remote --verbose [0ms]
[2022-02-17T18:05:35.161Z] > git for-each-ref --sort -committerdate --format %(refname) %(objectname) %(*objectname) [5ms]
[2022-02-17T18:05:35.166Z] > git config --get commit.template [1ms]
[2022-02-17T18:05:36.198Z] > git symbolic-ref --short HEAD [1ms]
[2022-02-17T18:05:36.202Z] > git for-each-ref --format=%(refname)%00%(upstream:short)%00%(objectname)%00%(upstream:track) refs/heads/bugfix refs/remotes/bugfix [0ms]
[2022-02-17T18:05:36.209Z] > git for-each-ref --sort -committerdate --format %(refname) %(objectname) %(*objectname) [3ms]
[2022-02-17T18:05:36.209Z] > git remote --verbose [0ms]
[2022-02-17T18:05:36.214Z] > git config --get commit.template [1ms]
[2022-02-17T18:08:31.930Z] > git fetch [103ms]
[2022-02-17T18:08:31.941Z] > git symbolic-ref --short HEAD [1ms]
[2022-02-17T18:08:31.945Z] > git for-each-ref --format=%(refname)%00%(upstream:short)%00%(objectname)%00%(upstream:track) refs/heads/master refs/remotes/master [1ms]
[2022-02-17T18:08:31.950Z] > git for-each-ref --sort -committerdate --format %(refname) %(objectname) %(*objectname) [3ms]
[2022-02-17T18:08:31.950Z] > git remote --verbose [0ms]
[2022-02-17T18:08:31.954Z] > git config --get commit.template [1ms]
[2022-02-17T18:08:32.996Z] > git symbolic-ref --short HEAD [1ms]
[2022-02-17T18:08:33.001Z] > git for-each-ref --format=%(refname)%00%(upstream:short)%00%(objectname)%00%(upstream:track) refs/heads/master refs/remotes/master [1ms]
[2022-02-17T18:08:33.008Z] > git for-each-ref --sort -committerdate --format %(refname) %(objectname) %(*objectname) [4ms]
[2022-02-17T18:08:33.008Z] > git remote --verbose [1ms]
[2022-02-17T18:08:33.013Z] > git config --get commit.template [1ms]
[2022-02-17T18:08:35.534Z] > git fetch [364ms]
[2022-02-17T18:08:35.545Z] > git symbolic-ref --short HEAD [0ms]
[2022-02-17T18:08:35.550Z] > git for-each-ref --format=%(refname)%00%(upstream:short)%00%(objectname)%00%(upstream:track) refs/heads/bugfix refs/remotes/bugfix [1ms]
[2022-02-17T18:08:35.556Z] > git for-each-ref --sort -committerdate --format %(refname) %(objectname) %(*objectname) [3ms]
[2022-02-17T18:08:35.556Z] > git remote --verbose [0ms]
[2022-02-17T18:08:35.561Z] > git config --get commit.template [0ms]
[2022-02-17T18:08:36.596Z] > git symbolic-ref --short HEAD [1ms]
[2022-02-17T18:08:36.601Z] > git for-each-ref --format=%(refname)%00%(upstream:short)%00%(objectname)%00%(upstream:track) refs/heads/bugfix refs/remotes/bugfix [1ms]
[2022-02-17T18:08:36.610Z] > git for-each-ref --sort -committerdate --format %(refname) %(objectname) %(*objectname) [5ms]
[2022-02-17T18:08:36.611Z] > git remote --verbose [1ms]
[2022-02-17T18:08:36.616Z] > git config --get commit.template [1ms]
[2022-02-17T18:11:32.109Z] > git fetch [151ms]
[2022-02-17T18:11:32.121Z] > git symbolic-ref --short HEAD [1ms]
[2022-02-17T18:11:32.127Z] > git for-each-ref --format=%(refname)%00%(upstream:short)%00%(objectname)%00%(upstream:track) refs/heads/master refs/remotes/master [1ms]
[2022-02-17T18:11:32.135Z] > git for-each-ref --sort -committerdate --format %(refname) %(objectname) %(*objectname) [4ms]
[2022-02-17T18:11:32.135Z] > git remote --verbose [1ms]
[2022-02-17T18:11:32.140Z] > git config --get commit.template [1ms]
[2022-02-17T18:11:33.172Z] > git symbolic-ref --short HEAD [0ms]
[2022-02-17T18:11:33.178Z] > git for-each-ref --format=%(refname)%00%(upstream:short)%00%(objectname)%00%(upstream:track) refs/heads/master refs/remotes/master [1ms]
[2022-02-17T18:11:33.185Z] > git for-each-ref --sort -committerdate --format %(refname) %(objectname) %(*objectname) [4ms]
[2022-02-17T18:11:33.185Z] > git remote --verbose [1ms]
[2022-02-17T18:11:33.189Z] > git config --get commit.template [1ms]
[2022-02-17T18:11:35.964Z] > git fetch [399ms]
[2022-02-17T18:11:35.976Z] > git symbolic-ref --short HEAD [1ms]
[2022-02-17T18:11:35.981Z] > git for-each-ref --format=%(refname)%00%(upstream:short)%00%(objectname)%00%(upstream:track) refs/heads/bugfix refs/remotes/bugfix [1ms]
[2022-02-17T18:11:35.988Z] > git remote --verbose [1ms]
[2022-02-17T18:11:35.988Z] > git for-each-ref --sort -committerdate --format %(refname) %(objectname) %(*objectname) [4ms]
[2022-02-17T18:11:35.994Z] > git config --get commit.template [1ms]
[2022-02-17T18:11:37.026Z] > git symbolic-ref --short HEAD [0ms]
[2022-02-17T18:11:37.031Z] > git for-each-ref --format=%(refname)%00%(upstream:short)%00%(objectname)%00%(upstream:track) refs/heads/bugfix refs/remotes/bugfix [1ms]
[2022-02-17T18:11:37.039Z] > git for-each-ref --sort -committerdate --format %(refname) %(objectname) %(*objectname) [4ms]
[2022-02-17T18:11:37.039Z] > git remote --verbose [0ms]
[2022-02-17T18:11:37.044Z] > git config --get commit.template [0ms]
[2022-02-17T18:14:32.270Z] > git fetch [126ms]
[2022-02-17T18:14:32.281Z] > git symbolic-ref --short HEAD [0ms]
[2022-02-17T18:14:32.286Z] > git for-each-ref --format=%(refname)%00%(upstream:short)%00%(objectname)%00%(upstream:track) refs/heads/master refs/remotes/master [1ms]
[2022-02-17T18:14:32.296Z] > git for-each-ref --sort -committerdate --format %(refname) %(objectname) %(*objectname) [5ms]
[2022-02-17T18:14:32.297Z] > git remote --verbose [1ms]
[2022-02-17T18:14:32.302Z] > git config --get commit.template [0ms]
[2022-02-17T18:14:33.336Z] > git symbolic-ref --short HEAD [2ms]
[2022-02-17T18:14:33.341Z] > git for-each-ref --format=%(refname)%00%(upstream:short)%00%(objectname)%00%(upstream:track) refs/heads/master refs/remotes/master [1ms]
[2022-02-17T18:14:33.350Z] > git for-each-ref --sort -committerdate --format %(refname) %(objectname) %(*objectname) [5ms]
[2022-02-17T18:14:33.350Z] > git remote --verbose [1ms]
[2022-02-17T18:14:33.356Z] > git config --get commit.template [0ms]
[2022-02-17T18:14:36.421Z] > git fetch [422ms]
[2022-02-17T18:14:36.431Z] > git symbolic-ref --short HEAD [1ms]
[2022-02-17T18:14:36.436Z] > git for-each-ref --format=%(refname)%00%(upstream:short)%00%(objectname)%00%(upstream:track) refs/heads/bugfix refs/remotes/bugfix [1ms]
[2022-02-17T18:14:36.447Z] > git for-each-ref --sort -committerdate --format %(refname) %(objectname) %(*objectname) [6ms]
[2022-02-17T18:14:36.447Z] > git remote --verbose [1ms]
[2022-02-17T18:14:36.453Z] > git config --get commit.template [0ms]
[2022-02-17T18:14:37.512Z] > git symbolic-ref --short HEAD [1ms]
[2022-02-17T18:14:37.516Z] > git for-each-ref --format=%(refname)%00%(upstream:short)%00%(objectname)%00%(upstream:track) refs/heads/bugfix refs/remotes/bugfix [1ms]
[2022-02-17T18:14:37.526Z] > git remote --verbose [1ms]
[2022-02-17T18:14:37.526Z] > git for-each-ref --sort -committerdate --format %(refname) %(objectname) %(*objectname) [5ms]
[2022-02-17T18:14:37.532Z] > git config --get commit.template [0ms]
[2022-02-17T18:17:32.445Z] > git fetch [137ms]
[2022-02-17T18:17:32.456Z] > git symbolic-ref --short HEAD [1ms]
[2022-02-17T18:17:32.460Z] > git for-each-ref --format=%(refname)%00%(upstream:short)%00%(objectname)%00%(upstream:track) refs/heads/master refs/remotes/master [1ms]
[2022-02-17T18:17:32.471Z] > git for-each-ref --sort -committerdate --format %(refname) %(objectname) %(*objectname) [7ms]
[2022-02-17T18:17:32.471Z] > git remote --verbose [1ms]
[2022-02-17T18:17:32.476Z] > git config --get commit.template [1ms]
[2022-02-17T18:17:33.506Z] > git symbolic-ref --short HEAD [1ms]
[2022-02-17T18:17:33.509Z] > git for-each-ref --format=%(refname)%00%(upstream:short)%00%(objectname)%00%(upstream:track) refs/heads/master refs/remotes/master [0ms]
[2022-02-17T18:17:33.516Z] > git for-each-ref --sort -committerdate --format %(refname) %(objectname) %(*objectname) [4ms]
[2022-02-17T18:17:33.516Z] > git remote --verbose [1ms]
[2022-02-17T18:17:33.520Z] > git config --get commit.template [0ms]
[2022-02-17T18:17:36.838Z] > git fetch [380ms]
[2022-02-17T18:17:36.848Z] > git symbolic-ref --short HEAD [1ms]
[2022-02-17T18:17:36.855Z] > git for-each-ref --format=%(refname)%00%(upstream:short)%00%(objectname)%00%(upstream:track) refs/heads/bugfix refs/remotes/bugfix [1ms]
[2022-02-17T18:17:36.863Z] > git for-each-ref --sort -committerdate --format %(refname) %(objectname) %(*objectname) [4ms]
[2022-02-17T18:17:36.863Z] > git remote --verbose [1ms]
[2022-02-17T18:17:36.868Z] > git config --get commit.template [1ms]
[2022-02-17T18:17:37.909Z] > git symbolic-ref --short HEAD [0ms]
[2022-02-17T18:17:37.913Z] > git for-each-ref --format=%(refname)%00%(upstream:short)%00%(objectname)%00%(upstream:track) refs/heads/bugfix refs/remotes/bugfix [1ms]
[2022-02-17T18:17:37.920Z] > git for-each-ref --sort -committerdate --format %(refname) %(objectname) %(*objectname) [4ms]
[2022-02-17T18:17:37.920Z] > git remote --verbose [1ms]
[2022-02-17T18:17:37.925Z] > git config --get commit.template [0ms]
[2022-02-17T18:20:32.594Z] > git fetch [114ms]
[2022-02-17T18:20:32.608Z] > git symbolic-ref --short HEAD [1ms]
[2022-02-17T18:20:32.614Z] > git for-each-ref --format=%(refname)%00%(upstream:short)%00%(objectname)%00%(upstream:track) refs/heads/master refs/remotes/master [1ms]
[2022-02-17T18:20:32.623Z] > git for-each-ref --sort -committerdate --format %(refname) %(objectname) %(*objectname) [5ms]
[2022-02-17T18:20:32.623Z] > git remote --verbose [1ms]
[2022-02-17T18:20:32.629Z] > git config --get commit.template [0ms]
[2022-02-17T18:20:33.655Z] > git symbolic-ref --short HEAD [1ms]
[2022-02-17T18:20:33.658Z] > git for-each-ref --format=%(refname)%00%(upstream:short)%00%(objectname)%00%(upstream:track) refs/heads/master refs/remotes/master [0ms]
[2022-02-17T18:20:33.664Z] > git for-each-ref --sort -committerdate --format %(refname) %(objectname) %(*objectname) [3ms]
[2022-02-17T18:20:33.664Z] > git remote --verbose [0ms]
[2022-02-17T18:20:33.669Z] > git config --get commit.template [1ms]
[2022-02-17T18:20:37.275Z] > git fetch [402ms]
[2022-02-17T18:20:37.286Z] > git symbolic-ref --short HEAD [1ms]
[2022-02-17T18:20:37.290Z] > git for-each-ref --format=%(refname)%00%(upstream:short)%00%(objectname)%00%(upstream:track) refs/heads/bugfix refs/remotes/bugfix [1ms]
[2022-02-17T18:20:37.296Z] > git for-each-ref --sort -committerdate --format %(refname) %(objectname) %(*objectname) [3ms]
[2022-02-17T18:20:37.296Z] > git remote --verbose [0ms]
[2022-02-17T18:20:37.302Z] > git config --get commit.template [1ms]
[2022-02-17T18:20:38.353Z] > git symbolic-ref --short HEAD [1ms]
[2022-02-17T18:20:38.359Z] > git for-each-ref --format=%(refname)%00%(upstream:short)%00%(objectname)%00%(upstream:track) refs/heads/bugfix refs/remotes/bugfix [1ms]
[2022-02-17T18:20:38.369Z] > git remote --verbose [1ms]
[2022-02-17T18:20:38.370Z] > git for-each-ref --sort -committerdate --format %(refname) %(objectname) %(*objectname) [7ms]
[2022-02-17T18:20:38.378Z] > git config --get commit.template [2ms]
[2022-02-17T18:23:32.761Z] > git fetch [127ms]
[2022-02-17T18:23:32.775Z] > git symbolic-ref --short HEAD [0ms]
[2022-02-17T18:23:32.781Z] > git for-each-ref --format=%(refname)%00%(upstream:short)%00%(objectname)%00%(upstream:track) refs/heads/master refs/remotes/master [1ms]
[2022-02-17T18:23:32.789Z] > git for-each-ref --sort -committerdate --format %(refname) %(objectname) %(*objectname) [4ms]
[2022-02-17T18:23:32.790Z] > git remote --verbose [1ms]
[2022-02-17T18:23:32.794Z] > git config --get commit.template [0ms]
[2022-02-17T18:23:33.832Z] > git symbolic-ref --short HEAD [0ms]
[2022-02-17T18:23:33.837Z] > git for-each-ref --format=%(refname)%00%(upstream:short)%00%(objectname)%00%(upstream:track) refs/heads/master refs/remotes/master [1ms]
[2022-02-17T18:23:33.846Z] > git for-each-ref --sort -committerdate --format %(refname) %(objectname) %(*objectname) [5ms]
[2022-02-17T18:23:33.846Z] > git remote --verbose [1ms]
[2022-02-17T18:23:33.852Z] > git config --get commit.template [0ms]
[2022-02-17T18:23:37.723Z] > git fetch [416ms]
[2022-02-17T18:23:37.732Z] > git symbolic-ref --short HEAD [1ms]
[2022-02-17T18:23:37.737Z] > git for-each-ref --format=%(refname)%00%(upstream:short)%00%(objectname)%00%(upstream:track) refs/heads/bugfix refs/remotes/bugfix [2ms]
[2022-02-17T18:23:37.745Z] > git for-each-ref --sort -committerdate --format %(refname) %(objectname) %(*objectname) [4ms]
[2022-02-17T18:23:37.745Z] > git remote --verbose [0ms]
[2022-02-17T18:23:37.750Z] > git config --get commit.template [1ms]
[2022-02-17T18:23:38.822Z] > git symbolic-ref --short HEAD [1ms]
[2022-02-17T18:23:38.826Z] > git for-each-ref --format=%(refname)%00%(upstream:short)%00%(objectname)%00%(upstream:track) refs/heads/bugfix refs/remotes/bugfix [1ms]
[2022-02-17T18:23:38.833Z] > git for-each-ref --sort -committerdate --format %(refname) %(objectname) %(*objectname) [4ms]
[2022-02-17T18:23:38.833Z] > git remote --verbose [0ms]
[2022-02-17T18:23:38.839Z] > git config --get commit.template [1ms]
[2022-02-17T18:26:32.909Z] > git fetch [109ms]
[2022-02-17T18:26:32.919Z] > git symbolic-ref --short HEAD [1ms]
[2022-02-17T18:26:32.923Z] > git for-each-ref --format=%(refname)%00%(upstream:short)%00%(objectname)%00%(upstream:track) refs/heads/master refs/remotes/master [0ms]
[2022-02-17T18:26:32.928Z] > git for-each-ref --sort -committerdate --format %(refname) %(objectname) %(*objectname) [3ms]
[2022-02-17T18:26:32.928Z] > git remote --verbose [1ms]
[2022-02-17T18:26:32.932Z] > git config --get commit.template [1ms]
[2022-02-17T18:26:33.983Z] > git symbolic-ref --short HEAD [1ms]
[2022-02-17T18:26:33.987Z] > git for-each-ref --format=%(refname)%00%(upstream:short)%00%(objectname)%00%(upstream:track) refs/heads/master refs/remotes/master [0ms]
[2022-02-17T18:26:33.997Z] > git for-each-ref --sort -committerdate --format %(refname) %(objectname) %(*objectname) [6ms]
[2022-02-17T18:26:33.997Z] > git remote --verbose [1ms]
[2022-02-17T18:26:34.005Z] > git config --get commit.template [0ms]
[2022-02-17T18:26:38.110Z] > git fetch [355ms]
[2022-02-17T18:26:38.118Z] > git symbolic-ref --short HEAD [0ms]
[2022-02-17T18:26:38.122Z] > git for-each-ref --format=%(refname)%00%(upstream:short)%00%(objectname)%00%(upstream:track) refs/heads/bugfix refs/remotes/bugfix [1ms]
[2022-02-17T18:26:38.128Z] > git for-each-ref --sort -committerdate --format %(refname) %(objectname) %(*objectname) [3ms]
[2022-02-17T18:26:38.128Z] > git remote --verbose [0ms]
[2022-02-17T18:26:38.133Z] > git config --get commit.template [1ms]
[2022-02-17T18:26:39.181Z] > git symbolic-ref --short HEAD [1ms]
[2022-02-17T18:26:39.186Z] > git for-each-ref --format=%(refname)%00%(upstream:short)%00%(objectname)%00%(upstream:track) refs/heads/bugfix refs/remotes/bugfix [1ms]
[2022-02-17T18:26:39.192Z] > git for-each-ref --sort -committerdate --format %(refname) %(objectname) %(*objectname) [3ms]
[2022-02-17T18:26:39.192Z] > git remote --verbose [0ms]
[2022-02-17T18:26:39.197Z] > git config --get commit.template [0ms]
[2022-02-17T18:29:33.117Z] > git fetch [181ms]
[2022-02-17T18:29:33.129Z] > git symbolic-ref --short HEAD [1ms]
[2022-02-17T18:29:33.133Z] > git for-each-ref --format=%(refname)%00%(upstream:short)%00%(objectname)%00%(upstream:track) refs/heads/master refs/remotes/master [1ms]
[2022-02-17T18:29:33.138Z] > git for-each-ref --sort -committerdate --format %(refname) %(objectname) %(*objectname) [3ms]
[2022-02-17T18:29:33.138Z] > git remote --verbose [0ms]
[2022-02-17T18:29:33.142Z] > git config --get commit.template [0ms]
[2022-02-17T18:29:34.179Z] > git symbolic-ref --short HEAD [0ms]
[2022-02-17T18:29:34.183Z] > git for-each-ref --format=%(refname)%00%(upstream:short)%00%(objectname)%00%(upstream:track) refs/heads/master refs/remotes/master [1ms]
[2022-02-17T18:29:34.189Z] > git for-each-ref --sort -committerdate --format %(refname) %(objectname) %(*objectname) [4ms]
[2022-02-17T18:29:34.189Z] > git remote --verbose [1ms]
[2022-02-17T18:29:34.193Z] > git config --get commit.template [0ms]
[2022-02-17T18:29:38.523Z] > git fetch [386ms]
[2022-02-17T18:29:38.532Z] > git symbolic-ref --short HEAD [0ms]
[2022-02-17T18:29:38.537Z] > git for-each-ref --format=%(refname)%00%(upstream:short)%00%(objectname)%00%(upstream:track) refs/heads/bugfix refs/remotes/bugfix [1ms]
[2022-02-17T18:29:38.546Z] > git for-each-ref --sort -committerdate --format %(refname) %(objectname) %(*objectname) [4ms]
[2022-02-17T18:29:38.548Z] > git remote --verbose [2ms]
[2022-02-17T18:29:38.554Z] > git config --get commit.template [0ms]
[2022-02-17T18:29:39.597Z] > git symbolic-ref --short HEAD [0ms]
[2022-02-17T18:29:39.602Z] > git for-each-ref --format=%(refname)%00%(upstream:short)%00%(objectname)%00%(upstream:track) refs/heads/bugfix refs/remotes/bugfix [1ms]
[2022-02-17T18:29:39.608Z] > git for-each-ref --sort -committerdate --format %(refname) %(objectname) %(*objectname) [4ms]
[2022-02-17T18:29:39.608Z] > git remote --verbose [1ms]
[2022-02-17T18:29:39.614Z] > git config --get commit.template [1ms]
[2022-02-17T18:32:33.338Z] > git fetch [192ms]
[2022-02-17T18:32:33.358Z] > git symbolic-ref --short HEAD [1ms]
[2022-02-17T18:32:33.363Z] > git for-each-ref --format=%(refname)%00%(upstream:short)%00%(objectname)%00%(upstream:track) refs/heads/master refs/remotes/master [1ms]
[2022-02-17T18:32:33.372Z] > git for-each-ref --sort -committerdate --format %(refname) %(objectname) %(*objectname) [5ms]
[2022-02-17T18:32:33.372Z] > git remote --verbose [1ms]
[2022-02-17T18:32:33.376Z] > git config --get commit.template [1ms]
[2022-02-17T18:32:34.466Z] > git symbolic-ref --short HEAD [1ms]
[2022-02-17T18:32:34.472Z] > git for-each-ref --format=%(refname)%00%(upstream:short)%00%(objectname)%00%(upstream:track) refs/heads/master refs/remotes/master [1ms]
[2022-02-17T18:32:34.479Z] > git for-each-ref --sort -committerdate --format %(refname) %(objectname) %(*objectname) [4ms]
[2022-02-17T18:32:34.479Z] > git remote --verbose [1ms]
[2022-02-17T18:32:34.484Z] > git config --get commit.template [0ms]
[2022-02-17T18:32:38.977Z] > git fetch [417ms]
[2022-02-17T18:32:38.986Z] > git symbolic-ref --short HEAD [1ms]
[2022-02-17T18:32:38.990Z] > git for-each-ref --format=%(refname)%00%(upstream:short)%00%(objectname)%00%(upstream:track) refs/heads/bugfix refs/remotes/bugfix [1ms]
[2022-02-17T18:32:38.997Z] > git for-each-ref --sort -committerdate --format %(refname) %(objectname) %(*objectname) [3ms]
[2022-02-17T18:32:38.997Z] > git remote --verbose [1ms]
[2022-02-17T18:32:39.002Z] > git config --get commit.template [0ms]
[2022-02-17T18:32:40.040Z] > git symbolic-ref --short HEAD [0ms]
[2022-02-17T18:32:40.046Z] > git for-each-ref --format=%(refname)%00%(upstream:short)%00%(objectname)%00%(upstream:track) refs/heads/bugfix refs/remotes/bugfix [1ms]
[2022-02-17T18:32:40.054Z] > git for-each-ref --sort -committerdate --format %(refname) %(objectname) %(*objectname) [5ms]
[2022-02-17T18:32:40.054Z] > git remote --verbose [1ms]
[2022-02-17T18:32:40.060Z] > git config --get commit.template [0ms]
[2022-02-17T18:35:33.689Z] > git fetch [309ms]
[2022-02-17T18:35:33.899Z] > git symbolic-ref --short HEAD [0ms]
[2022-02-17T18:35:33.905Z] > git for-each-ref --format=%(refname)%00%(upstream:short)%00%(objectname)%00%(upstream:track) refs/heads/master refs/remotes/master [2ms]
[2022-02-17T18:35:33.911Z] > git for-each-ref --sort -committerdate --format %(refname) %(objectname) %(*objectname) [3ms]
[2022-02-17T18:35:33.911Z] > git remote --verbose [1ms]
[2022-02-17T18:35:33.922Z] > git config --get commit.template [1ms]
[2022-02-17T18:35:39.485Z] > git fetch [477ms]
[2022-02-17T18:35:39.495Z] > git symbolic-ref --short HEAD [1ms]
[2022-02-17T18:35:39.499Z] > git for-each-ref --format=%(refname)%00%(upstream:short)%00%(objectname)%00%(upstream:track) refs/heads/bugfix refs/remotes/bugfix [0ms]
[2022-02-17T18:35:39.508Z] > git for-each-ref --sort -committerdate --format %(refname) %(objectname) %(*objectname) [5ms]
[2022-02-17T18:35:39.508Z] > git remote --verbose [1ms]
[2022-02-17T18:35:39.515Z] > git config --get commit.template [1ms]
[2022-02-17T18:35:40.585Z] > git symbolic-ref --short HEAD [1ms]
[2022-02-17T18:35:40.589Z] > git for-each-ref --format=%(refname)%00%(upstream:short)%00%(objectname)%00%(upstream:track) refs/heads/bugfix refs/remotes/bugfix [0ms]
[2022-02-17T18:35:40.596Z] > git for-each-ref --sort -committerdate --format %(refname) %(objectname) %(*objectname) [4ms]
[2022-02-17T18:35:40.596Z] > git remote --verbose [1ms]
[2022-02-17T18:35:40.602Z] > git config --get commit.template [1ms]
[2022-02-17T18:38:34.096Z] > git fetch [166ms]
[2022-02-17T18:38:34.122Z] > git symbolic-ref --short HEAD [1ms]
[2022-02-17T18:38:34.125Z] > git for-each-ref --format=%(refname)%00%(upstream:short)%00%(objectname)%00%(upstream:track) refs/heads/master refs/remotes/master [0ms]
[2022-02-17T18:38:34.132Z] > git for-each-ref --sort -committerdate --format %(refname) %(objectname) %(*objectname) [3ms]
[2022-02-17T18:38:34.133Z] > git remote --verbose [1ms]
[2022-02-17T18:38:34.145Z] > git config --get commit.template [0ms]
[2022-02-17T18:38:35.174Z] > git symbolic-ref --short HEAD [1ms]
[2022-02-17T18:38:35.180Z] > git for-each-ref --format=%(refname)%00%(upstream:short)%00%(objectname)%00%(upstream:track) refs/heads/master refs/remotes/master [1ms]
[2022-02-17T18:38:35.191Z] > git for-each-ref --sort -committerdate --format %(refname) %(objectname) %(*objectname) [6ms]
[2022-02-17T18:38:35.191Z] > git remote --verbose [1ms]
[2022-02-17T18:38:35.201Z] > git config --get commit.template [3ms]
[2022-02-17T18:38:39.938Z] > git fetch [419ms]
[2022-02-17T18:38:39.949Z] > git symbolic-ref --short HEAD [1ms]
[2022-02-17T18:38:39.954Z] > git for-each-ref --format=%(refname)%00%(upstream:short)%00%(objectname)%00%(upstream:track) refs/heads/bugfix refs/remotes/bugfix [1ms]
[2022-02-17T18:38:39.959Z] > git for-each-ref --sort -committerdate --format %(refname) %(objectname) %(*objectname) [2ms]
[2022-02-17T18:38:39.960Z] > git remote --verbose [1ms]
[2022-02-17T18:38:39.965Z] > git config --get commit.template [1ms]
[2022-02-17T18:38:41.000Z] > git symbolic-ref --short HEAD [0ms]
[2022-02-17T18:38:41.005Z] > git for-each-ref --format=%(refname)%00%(upstream:short)%00%(objectname)%00%(upstream:track) refs/heads/bugfix refs/remotes/bugfix [1ms]
[2022-02-17T18:38:41.014Z] > git for-each-ref --sort -committerdate --format %(refname) %(objectname) %(*objectname) [4ms]
[2022-02-17T18:38:41.014Z] > git remote --verbose [1ms]
[2022-02-17T18:38:41.021Z] > git config --get commit.template [2ms]
[2022-02-17T18:41:34.418Z] > git fetch [269ms]
[2022-02-17T18:41:34.468Z] > git symbolic-ref --short HEAD [2ms]
[2022-02-17T18:41:34.471Z] > git for-each-ref --format=%(refname)%00%(upstream:short)%00%(objectname)%00%(upstream:track) refs/heads/master refs/remotes/master [0ms]
[2022-02-17T18:41:34.480Z] > git remote --verbose [0ms]
[2022-02-17T18:41:34.480Z] > git for-each-ref --sort -committerdate --format %(refname) %(objectname) %(*objectname) [6ms]
[2022-02-17T18:41:34.485Z] > git config --get commit.template [0ms]
[2022-02-17T18:41:40.389Z] > git fetch [418ms]
[2022-02-17T18:41:40.401Z] > git symbolic-ref --short HEAD [1ms]
[2022-02-17T18:41:40.406Z] > git for-each-ref --format=%(refname)%00%(upstream:short)%00%(objectname)%00%(upstream:track) refs/heads/bugfix refs/remotes/bugfix [1ms]
[2022-02-17T18:41:40.413Z] > git for-each-ref --sort -committerdate --format %(refname) %(objectname) %(*objectname) [4ms]
[2022-02-17T18:41:40.413Z] > git remote --verbose [1ms]
[2022-02-17T18:41:40.417Z] > git config --get commit.template [0ms]
[2022-02-17T18:41:41.444Z] > git symbolic-ref --short HEAD [1ms]
[2022-02-17T18:41:41.449Z] > git for-each-ref --format=%(refname)%00%(upstream:short)%00%(objectname)%00%(upstream:track) refs/heads/bugfix refs/remotes/bugfix [1ms]
[2022-02-17T18:41:41.460Z] > git for-each-ref --sort -committerdate --format %(refname) %(objectname) %(*objectname) [5ms]
[2022-02-17T18:41:41.460Z] > git remote --verbose [0ms]
[2022-02-17T18:41:41.467Z] > git config --get commit.template [1ms]
[2022-02-17T18:44:34.832Z] > git fetch [339ms]
[2022-02-17T18:44:35.110Z] > git symbolic-ref --short HEAD [1ms]
[2022-02-17T18:44:35.114Z] > git for-each-ref --format=%(refname)%00%(upstream:short)%00%(objectname)%00%(upstream:track) refs/heads/master refs/remotes/master [1ms]
[2022-02-17T18:44:35.124Z] > git for-each-ref --sort -committerdate --format %(refname) %(objectname) %(*objectname) [6ms]
[2022-02-17T18:44:35.124Z] > git remote --verbose [1ms]
[2022-02-17T18:44:35.141Z] > git config --get commit.template [1ms]
[2022-02-17T18:44:40.921Z] > git fetch [497ms]
[2022-02-17T18:44:40.933Z] > git symbolic-ref --short HEAD [1ms]
[2022-02-17T18:44:40.940Z] > git for-each-ref --format=%(refname)%00%(upstream:short)%00%(objectname)%00%(upstream:track) refs/heads/bugfix refs/remotes/bugfix [2ms]
[2022-02-17T18:44:40.949Z] > git for-each-ref --sort -committerdate --format %(refname) %(objectname) %(*objectname) [4ms]
[2022-02-17T18:44:40.949Z] > git remote --verbose [1ms]
[2022-02-17T18:44:40.956Z] > git config --get commit.template [1ms]
[2022-02-17T18:44:42.003Z] > git symbolic-ref --short HEAD [1ms]
[2022-02-17T18:44:42.011Z] > git for-each-ref --format=%(refname)%00%(upstream:short)%00%(objectname)%00%(upstream:track) refs/heads/bugfix refs/remotes/bugfix [3ms]
[2022-02-17T18:44:42.022Z] > git for-each-ref --sort -committerdate --format %(refname) %(objectname) %(*objectname) [6ms]
[2022-02-17T18:44:42.022Z] > git remote --verbose [1ms]
[2022-02-17T18:44:42.030Z] > git config --get commit.template [1ms]
[2022-02-17T21:06:22.451Z] > git fetch [478ms]
[2022-02-17T21:06:22.587Z] > git symbolic-ref --short HEAD [0ms]
[2022-02-17T21:06:22.591Z] > git for-each-ref --format=%(refname)%00%(upstream:short)%00%(objectname)%00%(upstream:track) refs/heads/master refs/remotes/master [1ms]
[2022-02-17T21:06:22.598Z] > git for-each-ref --sort -committerdate --format %(refname) %(objectname) %(*objectname) [4ms]
[2022-02-17T21:06:22.598Z] > git remote --verbose [1ms]
[2022-02-17T21:06:22.627Z] > git config --get commit.template [1ms]
[2022-02-17T21:06:22.640Z] > git fetch [641ms]
[2022-02-17T21:06:22.651Z] > git symbolic-ref --short HEAD [1ms]
[2022-02-17T21:06:22.654Z] > git for-each-ref --format=%(refname)%00%(upstream:short)%00%(objectname)%00%(upstream:track) refs/heads/bugfix refs/remotes/bugfix [1ms]
[2022-02-17T21:06:22.660Z] > git for-each-ref --sort -committerdate --format %(refname) %(objectname) %(*objectname) [3ms]
[2022-02-17T21:06:22.660Z] > git remote --verbose [1ms]
[2022-02-17T21:06:22.663Z] > git config --get commit.template [0ms]
